[2022-06-22 10:13:08.394] [exthost] [info] Extension host with pid 3534 started
[2022-06-22 10:13:08.395] [exthost] [info] Skipping acquiring lock for /home/dplepler/.config/Code/User/workspaceStorage/f36c5b945b5bffaef9526cc214de48e2.
[2022-06-22 10:13:08.858] [exthost] [info] ExtensionService#_doActivateExtension cschlosser.doxdocgen, startup: false, activationEvent: 'onLanguage:c'
[2022-06-22 10:13:09.318] [exthost] [info] ExtensionService#_doActivateExtension ms-vscode.cpptools, startup: false, activationEvent: 'onLanguage:c'
[2022-06-22 10:13:09.728] [exthost] [info] ExtensionService#_doActivateExtension vscode.microsoft-authentication, startup: false, activationEvent: 'onAuthenticationRequest:microsoft'
[2022-06-22 10:13:09.929] [exthost] [info] ExtensionService#_doActivateExtension vscode.debug-auto-launch, startup: true, activationEvent: '*'
[2022-06-22 10:13:09.940] [exthost] [info] ExtensionService#_doActivateExtension vscode.git-base, startup: true, activationEvent: '*', root cause: vscode.git
[2022-06-22 10:13:09.961] [exthost] [info] ExtensionService#_doActivateExtension vscode.ipynb, startup: true, activationEvent: '*'
[2022-06-22 10:13:10.317] [exthost] [info] ExtensionService#_doActivateExtension vscode.git, startup: true, activationEvent: '*'
[2022-06-22 10:13:10.503] [exthost] [info] ExtensionService#_doActivateExtension vscode.github, startup: true, activationEvent: '*'
[2022-06-22 10:13:10.849] [exthost] [info] ExtensionService#_doActivateExtension ms-vscode.makefile-tools, startup: true, activationEvent: 'workspaceContains:**/makefile,**/Makefile,**/GNUmakefile'
[2022-06-22 10:13:11.423] [exthost] [info] ExtensionService#_doActivateExtension vscode.github-authentication, startup: false, activationEvent: 'onAuthenticationRequest:github'
[2022-06-22 10:13:12.924] [exthost] [info] Eager extensions activated
[2022-06-22 10:13:13.416] [exthost] [info] ExtensionService#_doActivateExtension vscode.emmet, startup: false, activationEvent: 'onStartupFinished'
[2022-06-22 10:13:13.450] [exthost] [info] ExtensionService#_doActivateExtension vscode.merge-conflict, startup: false, activationEvent: 'onStartupFinished'
[2022-06-22 10:13:13.461] [exthost] [info] ExtensionService#_doActivateExtension Equinusocio.vsc-material-theme, startup: false, activationEvent: 'onStartupFinished'
[2022-06-22 10:13:13.527] [exthost] [info] ExtensionService#_doActivateExtension equinusocio.vsc-material-theme-icons, startup: false, activationEvent: 'onStartupFinished'
[2022-06-22 10:13:13.770] [exthost] [info] ExtensionService#_doActivateExtension ms-vscode-remote.remote-containers, startup: false, activationEvent: 'onStartupFinished'
[2022-06-22 10:13:13.882] [exthost] [info] ExtensionService#_doActivateExtension ms-vscode-remote.remote-wsl, startup: false, activationEvent: 'onStartupFinished'
[2022-06-22 10:13:13.927] [exthost] [info] ExtensionService#_doActivateExtension zhuangtongfa.material-theme, startup: false, activationEvent: 'onStartupFinished'
