[2022-07-09T13:46:11.761Z] Validating found git in: git
[2022-07-09T13:46:12.149Z] Using git 2.25.1 from git
[2022-07-09T13:46:12.666Z] > git rev-parse --git-dir [162ms]
[2022-07-09T13:46:12.671Z] Open repository: /home/dplepler/Documents/Projects/AtOSx64
[2022-07-09T13:46:12.835Z] > git symbolic-ref --short HEAD [20ms]
[2022-07-09T13:46:12.864Z] > git for-each-ref --format=%(refname)%00%(upstream:short)%00%(objectname)%00%(upstream:track) refs/heads/main refs/remotes/main [17ms]
[2022-07-09T13:46:13.053Z] > git for-each-ref --sort -committerdate --format %(refname) %(objectname) %(*objectname) [183ms]
[2022-07-09T13:46:13.174Z] > git remote --verbose [285ms]
[2022-07-09T13:46:13.266Z] > git config --get commit.template [39ms]
[2022-07-09T13:46:13.888Z] > git ls-files --stage -- /home/dplepler/Documents/Projects/AtOSx64/AtOSx32/Kernel/interrupts.c [53ms]
[2022-07-09T13:46:13.974Z] > git cat-file -s 52266e58e491415a798bc0b288198197f2125fe7 [39ms]
[2022-07-09T13:46:16.617Z] > git symbolic-ref --short HEAD [1ms]
[2022-07-09T13:46:16.631Z] > git for-each-ref --format=%(refname)%00%(upstream:short)%00%(objectname)%00%(upstream:track) refs/heads/main refs/remotes/main [2ms]
[2022-07-09T13:46:16.649Z] > git for-each-ref --sort -committerdate --format %(refname) %(objectname) %(*objectname) [10ms]
[2022-07-09T13:46:16.650Z] > git remote --verbose [2ms]
[2022-07-09T13:46:16.663Z] > git config --get commit.template [2ms]
[2022-07-09T13:46:33.656Z] > git symbolic-ref --short HEAD [3ms]
[2022-07-09T13:46:33.668Z] > git for-each-ref --format=%(refname)%00%(upstream:short)%00%(objectname)%00%(upstream:track) refs/heads/main refs/remotes/main [2ms]
[2022-07-09T13:46:33.695Z] > git for-each-ref --sort -committerdate --format %(refname) %(objectname) %(*objectname) [11ms]
[2022-07-09T13:46:33.696Z] > git remote --verbose [2ms]
[2022-07-09T13:46:33.712Z] > git config --get commit.template [3ms]
[2022-07-09T13:46:38.734Z] > git symbolic-ref --short HEAD [2ms]
[2022-07-09T13:46:38.743Z] > git for-each-ref --format=%(refname)%00%(upstream:short)%00%(objectname)%00%(upstream:track) refs/heads/main refs/remotes/main [2ms]
[2022-07-09T13:46:38.762Z] > git for-each-ref --sort -committerdate --format %(refname) %(objectname) %(*objectname) [10ms]
[2022-07-09T13:46:38.763Z] > git remote --verbose [2ms]
[2022-07-09T13:46:38.779Z] > git config --get commit.template [3ms]
[2022-07-09T13:46:50.499Z] > git symbolic-ref --short HEAD [2ms]
[2022-07-09T13:46:50.520Z] > git for-each-ref --format=%(refname)%00%(upstream:short)%00%(objectname)%00%(upstream:track) refs/heads/main refs/remotes/main [2ms]
[2022-07-09T13:46:50.550Z] > git for-each-ref --sort -committerdate --format %(refname) %(objectname) %(*objectname) [18ms]
[2022-07-09T13:46:50.555Z] > git remote --verbose [7ms]
[2022-07-09T13:46:50.572Z] > git config --get commit.template [2ms]
[2022-07-09T13:47:39.172Z] > git symbolic-ref --short HEAD [6ms]
[2022-07-09T13:47:39.190Z] > git for-each-ref --format=%(refname)%00%(upstream:short)%00%(objectname)%00%(upstream:track) refs/heads/main refs/remotes/main [12ms]
[2022-07-09T13:47:39.215Z] > git for-each-ref --sort -committerdate --format %(refname) %(objectname) %(*objectname) [15ms]
[2022-07-09T13:47:39.217Z] > git remote --verbose [3ms]
[2022-07-09T13:47:39.229Z] > git config --get commit.template [2ms]
[2022-07-09T13:47:44.248Z] > git symbolic-ref --short HEAD [1ms]
[2022-07-09T13:47:44.257Z] > git for-each-ref --format=%(refname)%00%(upstream:short)%00%(objectname)%00%(upstream:track) refs/heads/main refs/remotes/main [1ms]
[2022-07-09T13:47:44.282Z] > git for-each-ref --sort -committerdate --format %(refname) %(objectname) %(*objectname) [14ms]
[2022-07-09T13:47:44.283Z] > git remote --verbose [2ms]
[2022-07-09T13:47:44.295Z] > git config --get commit.template [5ms]
[2022-07-09T13:47:46.673Z] > git ls-files --stage -- /home/dplepler/Documents/Projects/AtOSx64/AtOSx32/Kernel/kernel.c [4ms]
[2022-07-09T13:47:46.685Z] > git cat-file -s f9a6d19028eee083bb9486f2cd9dcbe0b1e742be [2ms]
[2022-07-09T13:47:51.403Z] > git symbolic-ref --short HEAD [1ms]
[2022-07-09T13:47:51.413Z] > git for-each-ref --format=%(refname)%00%(upstream:short)%00%(objectname)%00%(upstream:track) refs/heads/main refs/remotes/main [2ms]
[2022-07-09T13:47:51.433Z] > git for-each-ref --sort -committerdate --format %(refname) %(objectname) %(*objectname) [11ms]
[2022-07-09T13:47:51.435Z] > git remote --verbose [3ms]
[2022-07-09T13:47:51.448Z] > git config --get commit.template [3ms]
[2022-07-09T13:47:56.477Z] > git symbolic-ref --short HEAD [4ms]
[2022-07-09T13:47:56.485Z] > git for-each-ref --format=%(refname)%00%(upstream:short)%00%(objectname)%00%(upstream:track) refs/heads/main refs/remotes/main [2ms]
[2022-07-09T13:47:56.499Z] > git for-each-ref --sort -committerdate --format %(refname) %(objectname) %(*objectname) [9ms]
[2022-07-09T13:47:56.501Z] > git remote --verbose [4ms]
[2022-07-09T13:47:56.524Z] > git config --get commit.template [5ms]
[2022-07-09T13:50:29.959Z] > git symbolic-ref --short HEAD [1ms]
[2022-07-09T13:50:29.969Z] > git for-each-ref --format=%(refname)%00%(upstream:short)%00%(objectname)%00%(upstream:track) refs/heads/main refs/remotes/main [2ms]
[2022-07-09T13:50:29.983Z] > git remote --verbose [2ms]
[2022-07-09T13:50:29.985Z] > git for-each-ref --sort -committerdate --format %(refname) %(objectname) %(*objectname) [10ms]
[2022-07-09T13:50:29.997Z] > git config --get commit.template [3ms]
[2022-07-09T13:50:35.022Z] > git symbolic-ref --short HEAD [3ms]
[2022-07-09T13:50:35.033Z] > git for-each-ref --format=%(refname)%00%(upstream:short)%00%(objectname)%00%(upstream:track) refs/heads/main refs/remotes/main [4ms]
[2022-07-09T13:50:35.046Z] > git for-each-ref --sort -committerdate --format %(refname) %(objectname) %(*objectname) [7ms]
[2022-07-09T13:50:35.051Z] > git remote --verbose [6ms]
[2022-07-09T13:50:35.061Z] > git config --get commit.template [3ms]
[2022-07-09T13:50:44.703Z] > git ls-files --stage -- /home/dplepler/Documents/Projects/AtOSx64/AtOSx32/Bootload/protected_mode_setup.asm [1ms]
[2022-07-09T13:50:44.731Z] > git cat-file -s 12d8818638deb6f25bcad7a8e165365eb1c1d1e2 [11ms]
[2022-07-09T13:50:45.240Z] > git ls-files --stage -- /home/dplepler/Documents/Projects/AtOSx64/AtOSx32/Bootload/Bootloader.asm [4ms]
[2022-07-09T13:50:45.253Z] > git cat-file -s d96aeee8c81b7272250cf544393f7cf2bd4bae9a [6ms]
[2022-07-09T13:50:58.607Z] > git symbolic-ref --short HEAD [3ms]
[2022-07-09T13:50:58.619Z] > git for-each-ref --format=%(refname)%00%(upstream:short)%00%(objectname)%00%(upstream:track) refs/heads/main refs/remotes/main [3ms]
[2022-07-09T13:50:58.643Z] > git for-each-ref --sort -committerdate --format %(refname) %(objectname) %(*objectname) [16ms]
[2022-07-09T13:50:58.645Z] > git remote --verbose [3ms]
[2022-07-09T13:50:58.661Z] > git config --get commit.template [3ms]
[2022-07-09T13:51:19.109Z] > git symbolic-ref --short HEAD [1ms]
[2022-07-09T13:51:19.118Z] > git for-each-ref --format=%(refname)%00%(upstream:short)%00%(objectname)%00%(upstream:track) refs/heads/main refs/remotes/main [2ms]
[2022-07-09T13:51:19.136Z] > git for-each-ref --sort -committerdate --format %(refname) %(objectname) %(*objectname) [11ms]
[2022-07-09T13:51:19.138Z] > git remote --verbose [3ms]
[2022-07-09T13:51:19.149Z] > git config --get commit.template [2ms]
[2022-07-09T13:51:41.000Z] > git symbolic-ref --short HEAD [2ms]
[2022-07-09T13:51:41.019Z] > git for-each-ref --format=%(refname)%00%(upstream:short)%00%(objectname)%00%(upstream:track) refs/heads/main refs/remotes/main [3ms]
[2022-07-09T13:51:41.048Z] > git remote --verbose [3ms]
[2022-07-09T13:51:41.048Z] > git for-each-ref --sort -committerdate --format %(refname) %(objectname) %(*objectname) [9ms]
[2022-07-09T13:51:41.057Z] > git config --get commit.template [1ms]
[2022-07-09T13:53:57.384Z] > git symbolic-ref --short HEAD [2ms]
[2022-07-09T13:53:57.395Z] > git for-each-ref --format=%(refname)%00%(upstream:short)%00%(objectname)%00%(upstream:track) refs/heads/main refs/remotes/main [3ms]
[2022-07-09T13:53:57.410Z] > git for-each-ref --sort -committerdate --format %(refname) %(objectname) %(*objectname) [8ms]
[2022-07-09T13:53:57.412Z] > git remote --verbose [3ms]
[2022-07-09T13:53:57.422Z] > git config --get commit.template [2ms]
[2022-07-09T13:54:02.465Z] > git symbolic-ref --short HEAD [7ms]
[2022-07-09T13:54:02.473Z] > git for-each-ref --format=%(refname)%00%(upstream:short)%00%(objectname)%00%(upstream:track) refs/heads/main refs/remotes/main [2ms]
[2022-07-09T13:54:02.496Z] > git for-each-ref --sort -committerdate --format %(refname) %(objectname) %(*objectname) [11ms]
[2022-07-09T13:54:02.502Z] > git remote --verbose [7ms]
[2022-07-09T13:54:02.519Z] > git config --get commit.template [8ms]
[2022-07-09T13:54:07.555Z] > git symbolic-ref --short HEAD [3ms]
[2022-07-09T13:54:07.568Z] > git for-each-ref --format=%(refname)%00%(upstream:short)%00%(objectname)%00%(upstream:track) refs/heads/main refs/remotes/main [2ms]
[2022-07-09T13:54:07.589Z] > git for-each-ref --sort -committerdate --format %(refname) %(objectname) %(*objectname) [15ms]
[2022-07-09T13:54:07.591Z] > git remote --verbose [3ms]
[2022-07-09T13:54:07.619Z] > git config --get commit.template [12ms]
[2022-07-09T13:54:22.058Z] > git symbolic-ref --short HEAD [1ms]
[2022-07-09T13:54:22.070Z] > git for-each-ref --format=%(refname)%00%(upstream:short)%00%(objectname)%00%(upstream:track) refs/heads/main refs/remotes/main [2ms]
[2022-07-09T13:54:22.088Z] > git for-each-ref --sort -committerdate --format %(refname) %(objectname) %(*objectname) [8ms]
[2022-07-09T13:54:22.089Z] > git remote --verbose [1ms]
[2022-07-09T13:54:22.104Z] > git config --get commit.template [1ms]
[2022-07-09T13:54:32.799Z] > git symbolic-ref --short HEAD [1ms]
[2022-07-09T13:54:32.810Z] > git for-each-ref --format=%(refname)%00%(upstream:short)%00%(objectname)%00%(upstream:track) refs/heads/main refs/remotes/main [1ms]
[2022-07-09T13:54:32.827Z] > git for-each-ref --sort -committerdate --format %(refname) %(objectname) %(*objectname) [9ms]
[2022-07-09T13:54:32.827Z] > git remote --verbose [2ms]
[2022-07-09T13:54:32.843Z] > git config --get commit.template [1ms]
[2022-07-09T13:54:36.984Z] > git ls-files --stage -- /home/dplepler/Documents/Projects/AtOSx64/AtOSx32/Kernel/isr.asm [4ms]
[2022-07-09T13:54:36.995Z] > git cat-file -s e9b990db8d407b7ecafb9ea8cea832e340e6af01 [3ms]
[2022-07-09T13:54:37.873Z] > git symbolic-ref --short HEAD [1ms]
[2022-07-09T13:54:37.885Z] > git for-each-ref --format=%(refname)%00%(upstream:short)%00%(objectname)%00%(upstream:track) refs/heads/main refs/remotes/main [2ms]
[2022-07-09T13:54:37.902Z] > git for-each-ref --sort -committerdate --format %(refname) %(objectname) %(*objectname) [9ms]
[2022-07-09T13:54:37.904Z] > git remote --verbose [3ms]
[2022-07-09T13:54:37.920Z] > git config --get commit.template [2ms]
[2022-07-09T13:54:46.079Z] > git ls-files --stage -- /home/dplepler/Documents/Projects/AtOSx64/AtOSx32/Kernel/interrupts.h [11ms]
[2022-07-09T13:54:46.235Z] > git cat-file -s aa70223c40f62a1cbdc9c23bdebf92e7df218d73 [41ms]
[2022-07-09T13:54:46.260Z] > git symbolic-ref --short HEAD [2ms]
[2022-07-09T13:54:46.270Z] > git for-each-ref --format=%(refname)%00%(upstream:short)%00%(objectname)%00%(upstream:track) refs/heads/main refs/remotes/main [3ms]
[2022-07-09T13:54:46.287Z] > git for-each-ref --sort -committerdate --format %(refname) %(objectname) %(*objectname) [11ms]
[2022-07-09T13:54:46.289Z] > git remote --verbose [3ms]
[2022-07-09T13:54:46.309Z] > git config --get commit.template [5ms]
[2022-07-09T13:54:46.652Z] > git ls-files --stage -- /home/dplepler/Documents/Projects/AtOSx64/AtOSx32/Kernel/interrupts.c [2ms]
[2022-07-09T13:54:46.662Z] > git cat-file -s 52266e58e491415a798bc0b288198197f2125fe7 [1ms]
[2022-07-09T13:54:49.641Z] > git ls-files --stage -- /home/dplepler/Documents/Projects/AtOSx64/AtOSx32/Kernel/interrupts.c [5ms]
[2022-07-09T13:54:49.654Z] > git cat-file -s 52266e58e491415a798bc0b288198197f2125fe7 [2ms]
[2022-07-09T13:55:40.557Z] > git symbolic-ref --short HEAD [1ms]
[2022-07-09T13:55:40.567Z] > git for-each-ref --format=%(refname)%00%(upstream:short)%00%(objectname)%00%(upstream:track) refs/heads/main refs/remotes/main [0ms]
[2022-07-09T13:55:40.585Z] > git for-each-ref --sort -committerdate --format %(refname) %(objectname) %(*objectname) [9ms]
[2022-07-09T13:55:40.585Z] > git remote --verbose [1ms]
[2022-07-09T13:55:40.604Z] > git config --get commit.template [6ms]
[2022-07-09T13:55:45.675Z] > git symbolic-ref --short HEAD [14ms]
[2022-07-09T13:55:45.703Z] > git for-each-ref --format=%(refname)%00%(upstream:short)%00%(objectname)%00%(upstream:track) refs/heads/main refs/remotes/main [11ms]
[2022-07-09T13:55:45.765Z] > git for-each-ref --sort -committerdate --format %(refname) %(objectname) %(*objectname) [22ms]
[2022-07-09T13:55:45.774Z] > git remote --verbose [11ms]
[2022-07-09T13:55:45.807Z] > git config --get commit.template [5ms]
[2022-07-09T13:55:50.836Z] > git symbolic-ref --short HEAD [3ms]
[2022-07-09T13:55:50.845Z] > git for-each-ref --format=%(refname)%00%(upstream:short)%00%(objectname)%00%(upstream:track) refs/heads/main refs/remotes/main [3ms]
[2022-07-09T13:55:50.860Z] > git for-each-ref --sort -committerdate --format %(refname) %(objectname) %(*objectname) [8ms]
[2022-07-09T13:55:50.863Z] > git remote --verbose [3ms]
[2022-07-09T13:55:50.876Z] > git config --get commit.template [2ms]
[2022-07-09T13:56:34.952Z] > git symbolic-ref --short HEAD [19ms]
[2022-07-09T13:56:34.966Z] > git for-each-ref --format=%(refname)%00%(upstream:short)%00%(objectname)%00%(upstream:track) refs/heads/main refs/remotes/main [1ms]
[2022-07-09T13:56:34.986Z] > git for-each-ref --sort -committerdate --format %(refname) %(objectname) %(*objectname) [12ms]
[2022-07-09T13:56:35.002Z] > git remote --verbose [17ms]
[2022-07-09T13:56:35.013Z] > git config --get commit.template [2ms]
[2022-07-09T13:56:40.047Z] > git symbolic-ref --short HEAD [5ms]
[2022-07-09T13:56:40.056Z] > git for-each-ref --format=%(refname)%00%(upstream:short)%00%(objectname)%00%(upstream:track) refs/heads/main refs/remotes/main [2ms]
[2022-07-09T13:56:40.071Z] > git for-each-ref --sort -committerdate --format %(refname) %(objectname) %(*objectname) [8ms]
[2022-07-09T13:56:40.073Z] > git remote --verbose [2ms]
[2022-07-09T13:56:40.083Z] > git config --get commit.template [2ms]
[2022-07-09T13:56:45.114Z] > git symbolic-ref --short HEAD [1ms]
[2022-07-09T13:56:45.125Z] > git for-each-ref --format=%(refname)%00%(upstream:short)%00%(objectname)%00%(upstream:track) refs/heads/main refs/remotes/main [2ms]
[2022-07-09T13:56:45.144Z] > git for-each-ref --sort -committerdate --format %(refname) %(objectname) %(*objectname) [10ms]
[2022-07-09T13:56:45.144Z] > git remote --verbose [1ms]
[2022-07-09T13:56:45.157Z] > git config --get commit.template [1ms]
[2022-07-09T13:56:53.250Z] > git symbolic-ref --short HEAD [0ms]
[2022-07-09T13:56:53.261Z] > git for-each-ref --format=%(refname)%00%(upstream:short)%00%(objectname)%00%(upstream:track) refs/heads/main refs/remotes/main [1ms]
[2022-07-09T13:56:53.279Z] > git for-each-ref --sort -committerdate --format %(refname) %(objectname) %(*objectname) [9ms]
[2022-07-09T13:56:53.280Z] > git remote --verbose [2ms]
[2022-07-09T13:56:53.291Z] > git config --get commit.template [2ms]
[2022-07-09T13:57:07.839Z] > git symbolic-ref --short HEAD [2ms]
[2022-07-09T13:57:07.851Z] > git for-each-ref --format=%(refname)%00%(upstream:short)%00%(objectname)%00%(upstream:track) refs/heads/main refs/remotes/main [2ms]
[2022-07-09T13:57:07.872Z] > git for-each-ref --sort -committerdate --format %(refname) %(objectname) %(*objectname) [12ms]
[2022-07-09T13:57:07.873Z] > git remote --verbose [3ms]
[2022-07-09T13:57:07.887Z] > git config --get commit.template [2ms]
[2022-07-09T13:57:12.920Z] > git symbolic-ref --short HEAD [1ms]
[2022-07-09T13:57:12.931Z] > git for-each-ref --format=%(refname)%00%(upstream:short)%00%(objectname)%00%(upstream:track) refs/heads/main refs/remotes/main [0ms]
[2022-07-09T13:57:12.952Z] > git for-each-ref --sort -committerdate --format %(refname) %(objectname) %(*objectname) [11ms]
[2022-07-09T13:57:12.954Z] > git remote --verbose [3ms]
[2022-07-09T13:57:12.966Z] > git config --get commit.template [4ms]
[2022-07-09T13:58:17.258Z] > git symbolic-ref --short HEAD [5ms]
[2022-07-09T13:58:17.268Z] > git for-each-ref --format=%(refname)%00%(upstream:short)%00%(objectname)%00%(upstream:track) refs/heads/main refs/remotes/main [2ms]
[2022-07-09T13:58:17.293Z] > git for-each-ref --sort -committerdate --format %(refname) %(objectname) %(*objectname) [18ms]
[2022-07-09T13:58:17.296Z] > git remote --verbose [4ms]
[2022-07-09T13:58:17.315Z] > git config --get commit.template [2ms]
[2022-07-09T13:58:22.342Z] > git symbolic-ref --short HEAD [2ms]
[2022-07-09T13:58:22.351Z] > git for-each-ref --format=%(refname)%00%(upstream:short)%00%(objectname)%00%(upstream:track) refs/heads/main refs/remotes/main [1ms]
[2022-07-09T13:58:22.371Z] > git for-each-ref --sort -committerdate --format %(refname) %(objectname) %(*objectname) [11ms]
[2022-07-09T13:58:22.372Z] > git remote --verbose [1ms]
[2022-07-09T13:58:22.387Z] > git config --get commit.template [3ms]
[2022-07-09T13:58:27.421Z] > git symbolic-ref --short HEAD [3ms]
[2022-07-09T13:58:27.433Z] > git for-each-ref --format=%(refname)%00%(upstream:short)%00%(objectname)%00%(upstream:track) refs/heads/main refs/remotes/main [2ms]
[2022-07-09T13:58:27.454Z] > git for-each-ref --sort -committerdate --format %(refname) %(objectname) %(*objectname) [13ms]
[2022-07-09T13:58:27.455Z] > git remote --verbose [3ms]
[2022-07-09T13:58:27.469Z] > git config --get commit.template [5ms]
[2022-07-09T13:58:42.723Z] > git symbolic-ref --short HEAD [4ms]
[2022-07-09T13:58:42.732Z] > git for-each-ref --format=%(refname)%00%(upstream:short)%00%(objectname)%00%(upstream:track) refs/heads/main refs/remotes/main [2ms]
[2022-07-09T13:58:42.758Z] > git for-each-ref --sort -committerdate --format %(refname) %(objectname) %(*objectname) [13ms]
[2022-07-09T13:58:42.760Z] > git remote --verbose [3ms]
[2022-07-09T13:58:42.777Z] > git config --get commit.template [2ms]
[2022-07-09T13:59:07.403Z] > git symbolic-ref --short HEAD [9ms]
[2022-07-09T13:59:07.414Z] > git for-each-ref --format=%(refname)%00%(upstream:short)%00%(objectname)%00%(upstream:track) refs/heads/main refs/remotes/main [3ms]
[2022-07-09T13:59:07.430Z] > git for-each-ref --sort -committerdate --format %(refname) %(objectname) %(*objectname) [9ms]
[2022-07-09T13:59:07.431Z] > git remote --verbose [1ms]
[2022-07-09T13:59:07.448Z] > git config --get commit.template [2ms]
[2022-07-09T13:59:12.474Z] > git symbolic-ref --short HEAD [0ms]
[2022-07-09T13:59:12.485Z] > git for-each-ref --format=%(refname)%00%(upstream:short)%00%(objectname)%00%(upstream:track) refs/heads/main refs/remotes/main [1ms]
[2022-07-09T13:59:12.502Z] > git for-each-ref --sort -committerdate --format %(refname) %(objectname) %(*objectname) [9ms]
[2022-07-09T13:59:12.502Z] > git remote --verbose [1ms]
[2022-07-09T13:59:12.516Z] > git config --get commit.template [2ms]
[2022-07-09T13:59:21.136Z] > git symbolic-ref --short HEAD [4ms]
[2022-07-09T13:59:21.146Z] > git for-each-ref --format=%(refname)%00%(upstream:short)%00%(objectname)%00%(upstream:track) refs/heads/main refs/remotes/main [2ms]
[2022-07-09T13:59:21.174Z] > git for-each-ref --sort -committerdate --format %(refname) %(objectname) %(*objectname) [16ms]
[2022-07-09T13:59:21.178Z] > git remote --verbose [5ms]
[2022-07-09T13:59:21.196Z] > git config --get commit.template [4ms]
[2022-07-09T13:59:26.227Z] > git symbolic-ref --short HEAD [3ms]
[2022-07-09T13:59:26.238Z] > git for-each-ref --format=%(refname)%00%(upstream:short)%00%(objectname)%00%(upstream:track) refs/heads/main refs/remotes/main [2ms]
[2022-07-09T13:59:26.257Z] > git for-each-ref --sort -committerdate --format %(refname) %(objectname) %(*objectname) [10ms]
[2022-07-09T13:59:26.258Z] > git remote --verbose [2ms]
[2022-07-09T13:59:26.268Z] > git config --get commit.template [1ms]
[2022-07-09T13:59:31.295Z] > git symbolic-ref --short HEAD [1ms]
[2022-07-09T13:59:31.307Z] > git for-each-ref --format=%(refname)%00%(upstream:short)%00%(objectname)%00%(upstream:track) refs/heads/main refs/remotes/main [1ms]
[2022-07-09T13:59:31.326Z] > git for-each-ref --sort -committerdate --format %(refname) %(objectname) %(*objectname) [10ms]
[2022-07-09T13:59:31.327Z] > git remote --verbose [2ms]
[2022-07-09T13:59:31.341Z] > git config --get commit.template [2ms]
[2022-07-09T13:59:36.374Z] > git symbolic-ref --short HEAD [3ms]
[2022-07-09T13:59:36.384Z] > git for-each-ref --format=%(refname)%00%(upstream:short)%00%(objectname)%00%(upstream:track) refs/heads/main refs/remotes/main [1ms]
[2022-07-09T13:59:36.405Z] > git for-each-ref --sort -committerdate --format %(refname) %(objectname) %(*objectname) [10ms]
[2022-07-09T13:59:36.406Z] > git remote --verbose [3ms]
[2022-07-09T13:59:36.420Z] > git config --get commit.template [3ms]
[2022-07-09T13:59:45.724Z] > git symbolic-ref --short HEAD [2ms]
[2022-07-09T13:59:45.737Z] > git for-each-ref --format=%(refname)%00%(upstream:short)%00%(objectname)%00%(upstream:track) refs/heads/main refs/remotes/main [3ms]
[2022-07-09T13:59:45.757Z] > git for-each-ref --sort -committerdate --format %(refname) %(objectname) %(*objectname) [13ms]
[2022-07-09T13:59:45.759Z] > git remote --verbose [3ms]
[2022-07-09T13:59:45.774Z] > git config --get commit.template [2ms]
[2022-07-09T13:59:54.032Z] > git symbolic-ref --short HEAD [1ms]
[2022-07-09T13:59:54.042Z] > git for-each-ref --format=%(refname)%00%(upstream:short)%00%(objectname)%00%(upstream:track) refs/heads/main refs/remotes/main [2ms]
[2022-07-09T13:59:54.058Z] > git for-each-ref --sort -committerdate --format %(refname) %(objectname) %(*objectname) [9ms]
[2022-07-09T13:59:54.058Z] > git remote --verbose [1ms]
[2022-07-09T13:59:54.071Z] > git config --get commit.template [2ms]
[2022-07-09T14:00:15.125Z] > git symbolic-ref --short HEAD [18ms]
[2022-07-09T14:00:15.156Z] > git for-each-ref --format=%(refname)%00%(upstream:short)%00%(objectname)%00%(upstream:track) refs/heads/main refs/remotes/main [16ms]
[2022-07-09T14:00:15.174Z] > git for-each-ref --sort -committerdate --format %(refname) %(objectname) %(*objectname) [9ms]
[2022-07-09T14:00:15.175Z] > git remote --verbose [2ms]
[2022-07-09T14:00:15.205Z] > git config --get commit.template [8ms]
[2022-07-09T14:00:20.236Z] > git symbolic-ref --short HEAD [2ms]
[2022-07-09T14:00:20.249Z] > git for-each-ref --format=%(refname)%00%(upstream:short)%00%(objectname)%00%(upstream:track) refs/heads/main refs/remotes/main [1ms]
[2022-07-09T14:00:20.287Z] > git remote --verbose [1ms]
[2022-07-09T14:00:20.287Z] > git for-each-ref --sort -committerdate --format %(refname) %(objectname) %(*objectname) [20ms]
[2022-07-09T14:00:20.309Z] > git config --get commit.template [5ms]
[2022-07-09T14:00:34.037Z] > git symbolic-ref --short HEAD [1ms]
[2022-07-09T14:00:34.049Z] > git for-each-ref --format=%(refname)%00%(upstream:short)%00%(objectname)%00%(upstream:track) refs/heads/main refs/remotes/main [2ms]
[2022-07-09T14:00:34.073Z] > git for-each-ref --sort -committerdate --format %(refname) %(objectname) %(*objectname) [13ms]
[2022-07-09T14:00:34.073Z] > git remote --verbose [3ms]
[2022-07-09T14:00:34.086Z] > git config --get commit.template [3ms]
[2022-07-09T14:00:39.700Z] > git symbolic-ref --short HEAD [2ms]
[2022-07-09T14:00:39.711Z] > git for-each-ref --format=%(refname)%00%(upstream:short)%00%(objectname)%00%(upstream:track) refs/heads/main refs/remotes/main [2ms]
[2022-07-09T14:00:39.728Z] > git for-each-ref --sort -committerdate --format %(refname) %(objectname) %(*objectname) [9ms]
[2022-07-09T14:00:39.729Z] > git remote --verbose [1ms]
[2022-07-09T14:00:39.741Z] > git config --get commit.template [1ms]
[2022-07-09T14:00:42.190Z] > git ls-files --stage -- /home/dplepler/Documents/Projects/AtOSx64/AtOSx32/Kernel/hal.h [2ms]
[2022-07-09T14:00:42.200Z] > git cat-file -s c4ef94464405c96965b97f4f84dad969167c5b57 [1ms]
[2022-07-09T14:00:44.769Z] > git symbolic-ref --short HEAD [1ms]
[2022-07-09T14:00:44.778Z] > git for-each-ref --format=%(refname)%00%(upstream:short)%00%(objectname)%00%(upstream:track) refs/heads/main refs/remotes/main [3ms]
[2022-07-09T14:00:44.794Z] > git for-each-ref --sort -committerdate --format %(refname) %(objectname) %(*objectname) [9ms]
[2022-07-09T14:00:44.794Z] > git remote --verbose [1ms]
[2022-07-09T14:00:44.810Z] > git config --get commit.template [2ms]
[2022-07-09T14:00:49.836Z] > git symbolic-ref --short HEAD [1ms]
[2022-07-09T14:00:49.846Z] > git for-each-ref --format=%(refname)%00%(upstream:short)%00%(objectname)%00%(upstream:track) refs/heads/main refs/remotes/main [1ms]
[2022-07-09T14:00:49.867Z] > git for-each-ref --sort -committerdate --format %(refname) %(objectname) %(*objectname) [12ms]
[2022-07-09T14:00:49.869Z] > git remote --verbose [3ms]
[2022-07-09T14:00:49.878Z] > git config --get commit.template [2ms]
[2022-07-09T14:01:11.381Z] > git ls-files --stage -- /home/dplepler/Documents/Projects/AtOSx64/AtOSx32/Kernel/kernel_keyboard.c [2ms]
[2022-07-09T14:01:11.400Z] > git cat-file -s cbfb7218baa71a730db5d29089afe789fd67fedd [3ms]
[2022-07-09T14:01:11.669Z] > git ls-files --stage -- /home/dplepler/Documents/Projects/AtOSx64/AtOSx32/Kernel/isr.asm [2ms]
[2022-07-09T14:01:11.677Z] > git cat-file -s e9b990db8d407b7ecafb9ea8cea832e340e6af01 [2ms]
[2022-07-09T14:01:12.681Z] > git ls-files --stage -- /home/dplepler/Documents/Projects/AtOSx64/AtOSx32/Kernel/interrupts.c [3ms]
[2022-07-09T14:01:12.695Z] > git cat-file -s 52266e58e491415a798bc0b288198197f2125fe7 [4ms]
[2022-07-09T14:01:14.851Z] > git ls-files --stage -- /home/dplepler/Documents/Projects/AtOSx64/AtOSx32/Kernel/kernel.c [2ms]
[2022-07-09T14:01:14.862Z] > git cat-file -s f9a6d19028eee083bb9486f2cd9dcbe0b1e742be [3ms]
[2022-07-09T14:01:48.009Z] > git symbolic-ref --short HEAD [3ms]
[2022-07-09T14:01:48.037Z] > git for-each-ref --format=%(refname)%00%(upstream:short)%00%(objectname)%00%(upstream:track) refs/heads/main refs/remotes/main [7ms]
[2022-07-09T14:01:48.069Z] > git for-each-ref --sort -committerdate --format %(refname) %(objectname) %(*objectname) [18ms]
[2022-07-09T14:01:48.074Z] > git remote --verbose [6ms]
[2022-07-09T14:01:48.131Z] > git config --get commit.template [10ms]
[2022-07-09T14:01:53.159Z] > git symbolic-ref --short HEAD [2ms]
[2022-07-09T14:01:53.170Z] > git for-each-ref --format=%(refname)%00%(upstream:short)%00%(objectname)%00%(upstream:track) refs/heads/main refs/remotes/main [2ms]
[2022-07-09T14:01:53.189Z] > git for-each-ref --sort -committerdate --format %(refname) %(objectname) %(*objectname) [11ms]
[2022-07-09T14:01:53.189Z] > git remote --verbose [2ms]
[2022-07-09T14:01:53.203Z] > git config --get commit.template [3ms]
[2022-07-09T14:02:45.220Z] > git ls-files --stage -- /home/dplepler/Documents/Projects/AtOSx64/AtOSx32/Kernel/interrupts.c [2ms]
[2022-07-09T14:02:45.231Z] > git cat-file -s 52266e58e491415a798bc0b288198197f2125fe7 [4ms]
[2022-07-09T14:02:46.310Z] > git ls-files --stage -- /home/dplepler/Documents/Projects/AtOSx64/AtOSx32/Kernel/interrupts.h [6ms]
[2022-07-09T14:02:46.328Z] > git cat-file -s aa70223c40f62a1cbdc9c23bdebf92e7df218d73 [10ms]
[2022-07-09T14:03:20.149Z] > git ls-files --stage -- /home/dplepler/Documents/Projects/AtOSx64/AtOSx32/Kernel/interrupts.c [3ms]
[2022-07-09T14:03:20.187Z] > git cat-file -s 52266e58e491415a798bc0b288198197f2125fe7 [2ms]
[2022-07-09T14:04:04.125Z] > git symbolic-ref --short HEAD [1ms]
[2022-07-09T14:04:04.135Z] > git for-each-ref --format=%(refname)%00%(upstream:short)%00%(objectname)%00%(upstream:track) refs/heads/main refs/remotes/main [1ms]
[2022-07-09T14:04:04.156Z] > git remote --verbose [1ms]
[2022-07-09T14:04:04.156Z] > git for-each-ref --sort -committerdate --format %(refname) %(objectname) %(*objectname) [12ms]
[2022-07-09T14:04:04.170Z] > git config --get commit.template [1ms]
[2022-07-09T14:04:21.683Z] > git symbolic-ref --short HEAD [3ms]
[2022-07-09T14:04:21.701Z] > git for-each-ref --format=%(refname)%00%(upstream:short)%00%(objectname)%00%(upstream:track) refs/heads/main refs/remotes/main [3ms]
[2022-07-09T14:04:21.723Z] > git for-each-ref --sort -committerdate --format %(refname) %(objectname) %(*objectname) [10ms]
[2022-07-09T14:04:21.725Z] > git remote --verbose [3ms]
[2022-07-09T14:04:21.745Z] > git config --get commit.template [2ms]
[2022-07-09T14:04:26.906Z] > git symbolic-ref --short HEAD [1ms]
[2022-07-09T14:04:26.940Z] > git for-each-ref --format=%(refname)%00%(upstream:short)%00%(objectname)%00%(upstream:track) refs/heads/main refs/remotes/main [2ms]
[2022-07-09T14:04:26.983Z] > git remote --verbose [2ms]
[2022-07-09T14:04:26.983Z] > git for-each-ref --sort -committerdate --format %(refname) %(objectname) %(*objectname) [18ms]
[2022-07-09T14:04:27.015Z] > git config --get commit.template [9ms]
[2022-07-09T19:25:16.685Z] > git ls-files --stage -- /home/dplepler/Documents/Projects/AtOSx64/AtOSx32/Kernel/hal.h [9ms]
[2022-07-09T19:25:16.703Z] > git cat-file -s c4ef94464405c96965b97f4f84dad969167c5b57 [3ms]
[2022-07-09T19:26:19.492Z] > git symbolic-ref --short HEAD [2ms]
[2022-07-09T19:26:19.501Z] > git for-each-ref --format=%(refname)%00%(upstream:short)%00%(objectname)%00%(upstream:track) refs/heads/main refs/remotes/main [2ms]
[2022-07-09T19:26:19.521Z] > git for-each-ref --sort -committerdate --format %(refname) %(objectname) %(*objectname) [11ms]
[2022-07-09T19:26:19.526Z] > git remote --verbose [6ms]
[2022-07-09T19:26:19.539Z] > git config --get commit.template [3ms]
[2022-07-09T19:26:24.573Z] > git symbolic-ref --short HEAD [2ms]
[2022-07-09T19:26:24.589Z] > git for-each-ref --format=%(refname)%00%(upstream:short)%00%(objectname)%00%(upstream:track) refs/heads/main refs/remotes/main [5ms]
[2022-07-09T19:26:24.612Z] > git for-each-ref --sort -committerdate --format %(refname) %(objectname) %(*objectname) [13ms]
[2022-07-09T19:26:24.612Z] > git remote --verbose [2ms]
[2022-07-09T19:26:24.626Z] > git config --get commit.template [4ms]
[2022-07-09T19:26:33.958Z] > git symbolic-ref --short HEAD [2ms]
[2022-07-09T19:26:33.970Z] > git for-each-ref --format=%(refname)%00%(upstream:short)%00%(objectname)%00%(upstream:track) refs/heads/main refs/remotes/main [3ms]
[2022-07-09T19:26:33.992Z] > git for-each-ref --sort -committerdate --format %(refname) %(objectname) %(*objectname) [10ms]
[2022-07-09T19:26:33.992Z] > git remote --verbose [1ms]
[2022-07-09T19:26:34.043Z] > git config --get commit.template [2ms]
[2022-07-09T19:27:12.747Z] > git symbolic-ref --short HEAD [1ms]
[2022-07-09T19:27:12.758Z] > git for-each-ref --format=%(refname)%00%(upstream:short)%00%(objectname)%00%(upstream:track) refs/heads/main refs/remotes/main [3ms]
[2022-07-09T19:27:12.775Z] > git for-each-ref --sort -committerdate --format %(refname) %(objectname) %(*objectname) [10ms]
[2022-07-09T19:27:12.777Z] > git remote --verbose [3ms]
[2022-07-09T19:27:12.806Z] > git config --get commit.template [1ms]
[2022-07-09T19:27:13.152Z] > git ls-files --stage -- /home/dplepler/Documents/Projects/AtOSx64/AtOSx32/Kernel/heap.h [4ms]
[2022-07-09T19:27:13.164Z] > git cat-file -s 4052581d6ebd3f557495575e0b4ff99498e5af97 [1ms]
[2022-07-09T19:27:13.958Z] > git ls-files --stage -- /home/dplepler/Documents/Projects/AtOSx64/AtOSx32/Kernel/interrupts.c [5ms]
[2022-07-09T19:27:13.971Z] > git cat-file -s 52266e58e491415a798bc0b288198197f2125fe7 [2ms]
[2022-07-09T19:27:17.850Z] > git symbolic-ref --short HEAD [2ms]
[2022-07-09T19:27:17.864Z] > git for-each-ref --format=%(refname)%00%(upstream:short)%00%(objectname)%00%(upstream:track) refs/heads/main refs/remotes/main [3ms]
[2022-07-09T19:27:17.883Z] > git for-each-ref --sort -committerdate --format %(refname) %(objectname) %(*objectname) [11ms]
[2022-07-09T19:27:17.885Z] > git remote --verbose [3ms]
[2022-07-09T19:27:17.904Z] > git config --get commit.template [6ms]
[2022-07-09T19:27:34.562Z] > git symbolic-ref --short HEAD [2ms]
[2022-07-09T19:27:34.573Z] > git for-each-ref --format=%(refname)%00%(upstream:short)%00%(objectname)%00%(upstream:track) refs/heads/main refs/remotes/main [2ms]
[2022-07-09T19:27:34.635Z] > git remote --verbose [16ms]
[2022-07-09T19:27:34.635Z] > git for-each-ref --sort -committerdate --format %(refname) %(objectname) %(*objectname) [36ms]
[2022-07-09T19:27:34.654Z] > git config --get commit.template [4ms]
[2022-07-09T19:27:39.681Z] > git symbolic-ref --short HEAD [1ms]
[2022-07-09T19:27:39.692Z] > git for-each-ref --format=%(refname)%00%(upstream:short)%00%(objectname)%00%(upstream:track) refs/heads/main refs/remotes/main [2ms]
[2022-07-09T19:27:39.712Z] > git for-each-ref --sort -committerdate --format %(refname) %(objectname) %(*objectname) [7ms]
[2022-07-09T19:27:39.713Z] > git remote --verbose [2ms]
[2022-07-09T19:27:39.726Z] > git config --get commit.template [2ms]
[2022-07-09T19:27:47.434Z] > git ls-files --stage -- /home/dplepler/Documents/Projects/AtOSx64/AtOSx32/Bootload/Bootloader.asm [5ms]
[2022-07-09T19:27:47.445Z] > git cat-file -s d96aeee8c81b7272250cf544393f7cf2bd4bae9a [2ms]
[2022-07-09T19:28:04.414Z] > git symbolic-ref --short HEAD [1ms]
[2022-07-09T19:28:04.425Z] > git for-each-ref --format=%(refname)%00%(upstream:short)%00%(objectname)%00%(upstream:track) refs/heads/main refs/remotes/main [2ms]
[2022-07-09T19:28:04.445Z] > git for-each-ref --sort -committerdate --format %(refname) %(objectname) %(*objectname) [10ms]
[2022-07-09T19:28:04.445Z] > git remote --verbose [1ms]
[2022-07-09T19:28:04.460Z] > git config --get commit.template [2ms]
[2022-07-09T19:28:09.484Z] > git symbolic-ref --short HEAD [1ms]
[2022-07-09T19:28:09.495Z] > git for-each-ref --format=%(refname)%00%(upstream:short)%00%(objectname)%00%(upstream:track) refs/heads/main refs/remotes/main [2ms]
[2022-07-09T19:28:09.509Z] > git for-each-ref --sort -committerdate --format %(refname) %(objectname) %(*objectname) [7ms]
[2022-07-09T19:28:09.511Z] > git remote --verbose [2ms]
[2022-07-09T19:28:09.522Z] > git config --get commit.template [3ms]
[2022-07-09T19:30:12.074Z] > git ls-files --stage -- /home/dplepler/Documents/Projects/AtOSx64/AtOSx32/Bootload/DAP.asm [7ms]
[2022-07-09T19:30:12.087Z] > git cat-file -s b53bdfbc1d85134fb5c8923da22112930c4d4e78 [2ms]
[2022-07-09T19:30:12.424Z] > git ls-files --stage -- /home/dplepler/Documents/Projects/AtOSx64/AtOSx32/Bootload/GDT.asm [2ms]
[2022-07-09T19:30:12.441Z] > git cat-file -s 883a212def2e47024f24f377d5b87a1cecc9227e [1ms]
[2022-07-09T19:30:39.564Z] > git ls-files --stage -- /home/dplepler/Documents/Projects/AtOSx64/AtOSx32/Bootload/protected_mode_setup.asm [4ms]
[2022-07-09T19:30:39.577Z] > git cat-file -s 12d8818638deb6f25bcad7a8e165365eb1c1d1e2 [2ms]
[2022-07-09T19:38:39.002Z] > git ls-files --stage -- /home/dplepler/Documents/Projects/AtOSx64/AtOSx32/Bootload/Bootloader.asm [4ms]
[2022-07-09T19:38:39.027Z] > git cat-file -s d96aeee8c81b7272250cf544393f7cf2bd4bae9a [4ms]
[2022-07-09T19:39:02.208Z] > git ls-files --stage -- /home/dplepler/Documents/Projects/AtOSx64/AtOSx32/Bootload/GDT.asm [2ms]
[2022-07-09T19:39:02.226Z] > git cat-file -s 883a212def2e47024f24f377d5b87a1cecc9227e [3ms]
[2022-07-09T19:39:07.178Z] > git ls-files --stage -- /home/dplepler/Documents/Projects/AtOSx64/AtOSx32/Bootload/stage0.asm [4ms]
[2022-07-09T19:39:07.205Z] > git cat-file -s aeb1f785d6f52846c8d4e55d5a1ab4d0bd7524c1 [1ms]
[2022-07-09T19:39:12.265Z] > git ls-files --stage -- /home/dplepler/Documents/Projects/AtOSx64/AtOSx32/Bootload/DAP.asm [5ms]
[2022-07-09T19:39:12.277Z] > git cat-file -s b53bdfbc1d85134fb5c8923da22112930c4d4e78 [4ms]
[2022-07-09T19:39:13.509Z] > git ls-files --stage -- /home/dplepler/Documents/Projects/AtOSx64/AtOSx32/Bootload/Bootloader.asm [1ms]
[2022-07-09T19:39:13.522Z] > git cat-file -s d96aeee8c81b7272250cf544393f7cf2bd4bae9a [2ms]
[2022-07-09T19:39:17.147Z] > git ls-files --stage -- /home/dplepler/Documents/Projects/AtOSx64/AtOSx32/Bootload/protected_mode_setup.asm [7ms]
[2022-07-09T19:39:17.160Z] > git cat-file -s 12d8818638deb6f25bcad7a8e165365eb1c1d1e2 [2ms]
[2022-07-09T19:39:33.228Z] > git symbolic-ref --short HEAD [2ms]
[2022-07-09T19:39:33.239Z] > git for-each-ref --format=%(refname)%00%(upstream:short)%00%(objectname)%00%(upstream:track) refs/heads/main refs/remotes/main [2ms]
[2022-07-09T19:39:33.260Z] > git for-each-ref --sort -committerdate --format %(refname) %(objectname) %(*objectname) [10ms]
[2022-07-09T19:39:33.262Z] > git remote --verbose [3ms]
[2022-07-09T19:39:33.275Z] > git config --get commit.template [3ms]
[2022-07-09T19:39:38.300Z] > git symbolic-ref --short HEAD [2ms]
[2022-07-09T19:39:38.312Z] > git for-each-ref --format=%(refname)%00%(upstream:short)%00%(objectname)%00%(upstream:track) refs/heads/main refs/remotes/main [2ms]
[2022-07-09T19:39:38.331Z] > git for-each-ref --sort -committerdate --format %(refname) %(objectname) %(*objectname) [9ms]
[2022-07-09T19:39:38.331Z] > git remote --verbose [1ms]
[2022-07-09T19:39:38.342Z] > git config --get commit.template [1ms]
[2022-07-09T19:39:38.947Z] > git ls-files --stage -- /home/dplepler/Documents/Projects/AtOSx64/AtOSx32/Bootload/Bootloader.asm [4ms]
[2022-07-09T19:39:38.968Z] > git cat-file -s d96aeee8c81b7272250cf544393f7cf2bd4bae9a [12ms]
[2022-07-09T19:39:46.943Z] > git ls-files --stage -- /home/dplepler/Documents/Projects/AtOSx64/AtOSx32/Bootload/stage0.asm [2ms]
[2022-07-09T19:39:46.954Z] > git cat-file -s aeb1f785d6f52846c8d4e55d5a1ab4d0bd7524c1 [3ms]
[2022-07-09T19:39:48.052Z] > git ls-files --stage -- /home/dplepler/Documents/Projects/AtOSx64/AtOSx32/Bootload/protected_mode_setup.asm [3ms]
[2022-07-09T19:39:48.068Z] > git cat-file -s 12d8818638deb6f25bcad7a8e165365eb1c1d1e2 [0ms]
[2022-07-09T19:39:54.486Z] > git symbolic-ref --short HEAD [2ms]
[2022-07-09T19:39:54.516Z] > git for-each-ref --format=%(refname)%00%(upstream:short)%00%(objectname)%00%(upstream:track) refs/heads/main refs/remotes/main [3ms]
[2022-07-09T19:39:54.553Z] > git remote --verbose [2ms]
[2022-07-09T19:39:54.553Z] > git for-each-ref --sort -committerdate --format %(refname) %(objectname) %(*objectname) [25ms]
[2022-07-09T19:39:54.573Z] > git config --get commit.template [10ms]
[2022-07-09T19:39:59.646Z] > git symbolic-ref --short HEAD [3ms]
[2022-07-09T19:39:59.656Z] > git for-each-ref --format=%(refname)%00%(upstream:short)%00%(objectname)%00%(upstream:track) refs/heads/main refs/remotes/main [3ms]
[2022-07-09T19:39:59.683Z] > git for-each-ref --sort -committerdate --format %(refname) %(objectname) %(*objectname) [19ms]
[2022-07-09T19:39:59.683Z] > git remote --verbose [4ms]
[2022-07-09T19:39:59.696Z] > git config --get commit.template [2ms]
[2022-07-09T19:40:04.719Z] > git symbolic-ref --short HEAD [2ms]
[2022-07-09T19:40:04.730Z] > git for-each-ref --format=%(refname)%00%(upstream:short)%00%(objectname)%00%(upstream:track) refs/heads/main refs/remotes/main [1ms]
[2022-07-09T19:40:04.751Z] > git for-each-ref --sort -committerdate --format %(refname) %(objectname) %(*objectname) [11ms]
[2022-07-09T19:40:04.752Z] > git remote --verbose [2ms]
[2022-07-09T19:40:04.764Z] > git config --get commit.template [1ms]
[2022-07-09T19:40:09.786Z] > git symbolic-ref --short HEAD [2ms]
[2022-07-09T19:40:09.797Z] > git for-each-ref --format=%(refname)%00%(upstream:short)%00%(objectname)%00%(upstream:track) refs/heads/main refs/remotes/main [2ms]
[2022-07-09T19:40:09.817Z] > git for-each-ref --sort -committerdate --format %(refname) %(objectname) %(*objectname) [12ms]
[2022-07-09T19:40:09.818Z] > git remote --verbose [2ms]
[2022-07-09T19:40:09.830Z] > git config --get commit.template [1ms]
[2022-07-09T19:40:22.714Z] > git symbolic-ref --short HEAD [5ms]
[2022-07-09T19:40:22.723Z] > git for-each-ref --format=%(refname)%00%(upstream:short)%00%(objectname)%00%(upstream:track) refs/heads/main refs/remotes/main [2ms]
[2022-07-09T19:40:22.760Z] > git for-each-ref --sort -committerdate --format %(refname) %(objectname) %(*objectname) [30ms]
[2022-07-09T19:40:22.764Z] > git remote --verbose [11ms]
[2022-07-09T19:40:22.775Z] > git config --get commit.template [2ms]
[2022-07-09T19:40:36.853Z] > git symbolic-ref --short HEAD [2ms]
[2022-07-09T19:40:36.864Z] > git for-each-ref --format=%(refname)%00%(upstream:short)%00%(objectname)%00%(upstream:track) refs/heads/main refs/remotes/main [2ms]
[2022-07-09T19:40:36.901Z] > git remote --verbose [2ms]
[2022-07-09T19:40:36.902Z] > git for-each-ref --sort -committerdate --format %(refname) %(objectname) %(*objectname) [27ms]
[2022-07-09T19:40:36.957Z] > git config --get commit.template [1ms]
[2022-07-09T19:40:38.837Z] > git ls-files --stage -- /home/dplepler/Documents/Projects/AtOSx64/AtOSx32/Bootload/stage0.asm [5ms]
[2022-07-09T19:40:38.849Z] > git cat-file -s aeb1f785d6f52846c8d4e55d5a1ab4d0bd7524c1 [3ms]
[2022-07-09T19:40:39.756Z] > git ls-files --stage -- /home/dplepler/Documents/Projects/AtOSx64/AtOSx32/Bootload/Bootloader.asm [1ms]
[2022-07-09T19:40:39.774Z] > git cat-file -s d96aeee8c81b7272250cf544393f7cf2bd4bae9a [2ms]
[2022-07-09T19:40:53.088Z] > git symbolic-ref --short HEAD [3ms]
[2022-07-09T19:40:53.102Z] > git for-each-ref --format=%(refname)%00%(upstream:short)%00%(objectname)%00%(upstream:track) refs/heads/main refs/remotes/main [2ms]
[2022-07-09T19:40:53.122Z] > git for-each-ref --sort -committerdate --format %(refname) %(objectname) %(*objectname) [12ms]
[2022-07-09T19:40:53.123Z] > git remote --verbose [2ms]
[2022-07-09T19:40:53.136Z] > git config --get commit.template [2ms]
[2022-07-09T19:40:53.474Z] > git ls-files --stage -- /home/dplepler/Documents/Projects/AtOSx64/AtOSx32/Bootload/protected_mode_setup.asm [3ms]
[2022-07-09T19:40:53.492Z] > git cat-file -s 12d8818638deb6f25bcad7a8e165365eb1c1d1e2 [0ms]
[2022-07-09T19:40:54.323Z] > git ls-files --stage -- /home/dplepler/Documents/Projects/AtOSx64/AtOSx32/Bootload/stage0.asm [2ms]
[2022-07-09T19:40:54.335Z] > git cat-file -s aeb1f785d6f52846c8d4e55d5a1ab4d0bd7524c1 [1ms]
[2022-07-09T19:51:21.042Z] > git ls-files --stage -- /home/dplepler/Documents/Projects/AtOSx64/AtOSx32/Bootload/protected_mode_setup.asm [5ms]
[2022-07-09T19:51:21.056Z] > git cat-file -s 12d8818638deb6f25bcad7a8e165365eb1c1d1e2 [2ms]
[2022-07-09T19:55:21.689Z] > git ls-files --stage -- /home/dplepler/Documents/Projects/AtOSx64/AtOSx32/Bootload/Bootloader.asm [3ms]
[2022-07-09T19:55:21.702Z] > git cat-file -s d96aeee8c81b7272250cf544393f7cf2bd4bae9a [3ms]
[2022-07-09T19:56:05.804Z] > git ls-files --stage -- /home/dplepler/Documents/Projects/AtOSx64/AtOSx32/Bootload/protected_mode_setup.asm [2ms]
[2022-07-09T19:56:05.818Z] > git cat-file -s 12d8818638deb6f25bcad7a8e165365eb1c1d1e2 [3ms]
[2022-07-09T19:56:06.030Z] > git symbolic-ref --short HEAD [2ms]
[2022-07-09T19:56:06.056Z] > git for-each-ref --format=%(refname)%00%(upstream:short)%00%(objectname)%00%(upstream:track) refs/heads/main refs/remotes/main [9ms]
[2022-07-09T19:56:06.101Z] > git for-each-ref --sort -committerdate --format %(refname) %(objectname) %(*objectname) [24ms]
[2022-07-09T19:56:06.103Z] > git remote --verbose [5ms]
[2022-07-09T19:56:06.122Z] > git config --get commit.template [2ms]
[2022-07-09T19:56:19.016Z] > git ls-files --stage -- /home/dplepler/Documents/Projects/AtOSx64/AtOSx32/Bootload/GDT.asm [2ms]
[2022-07-09T19:56:19.026Z] > git cat-file -s 883a212def2e47024f24f377d5b87a1cecc9227e [3ms]
[2022-07-09T19:56:22.014Z] > git ls-files --stage -- /home/dplepler/Documents/Projects/AtOSx64/AtOSx32/Bootload/stage0.asm [2ms]
[2022-07-09T19:56:22.026Z] > git cat-file -s aeb1f785d6f52846c8d4e55d5a1ab4d0bd7524c1 [1ms]
[2022-07-09T19:56:22.584Z] > git ls-files --stage -- /home/dplepler/Documents/Projects/AtOSx64/AtOSx32/Bootload/Bootloader.asm [3ms]
[2022-07-09T19:56:22.599Z] > git cat-file -s d96aeee8c81b7272250cf544393f7cf2bd4bae9a [2ms]
[2022-07-09T19:56:25.632Z] > git symbolic-ref --short HEAD [2ms]
[2022-07-09T19:56:25.643Z] > git for-each-ref --format=%(refname)%00%(upstream:short)%00%(objectname)%00%(upstream:track) refs/heads/main refs/remotes/main [2ms]
[2022-07-09T19:56:25.662Z] > git for-each-ref --sort -committerdate --format %(refname) %(objectname) %(*objectname) [10ms]
[2022-07-09T19:56:25.663Z] > git remote --verbose [2ms]
[2022-07-09T19:56:25.676Z] > git config --get commit.template [2ms]
[2022-07-09T19:56:32.317Z] > git symbolic-ref --short HEAD [3ms]
[2022-07-09T19:56:32.329Z] > git for-each-ref --format=%(refname)%00%(upstream:short)%00%(objectname)%00%(upstream:track) refs/heads/main refs/remotes/main [3ms]
[2022-07-09T19:56:32.352Z] > git remote --verbose [0ms]
[2022-07-09T19:56:32.353Z] > git for-each-ref --sort -committerdate --format %(refname) %(objectname) %(*objectname) [13ms]
[2022-07-09T19:56:32.367Z] > git config --get commit.template [1ms]
[2022-07-09T19:56:55.072Z] > git symbolic-ref --short HEAD [3ms]
[2022-07-09T19:56:55.085Z] > git for-each-ref --format=%(refname)%00%(upstream:short)%00%(objectname)%00%(upstream:track) refs/heads/main refs/remotes/main [5ms]
[2022-07-09T19:56:55.106Z] > git for-each-ref --sort -committerdate --format %(refname) %(objectname) %(*objectname) [12ms]
[2022-07-09T19:56:55.107Z] > git remote --verbose [2ms]
[2022-07-09T19:56:55.122Z] > git config --get commit.template [4ms]
[2022-07-09T19:57:02.220Z] > git symbolic-ref --short HEAD [1ms]
[2022-07-09T19:57:02.232Z] > git for-each-ref --format=%(refname)%00%(upstream:short)%00%(objectname)%00%(upstream:track) refs/heads/main refs/remotes/main [2ms]
[2022-07-09T19:57:02.251Z] > git for-each-ref --sort -committerdate --format %(refname) %(objectname) %(*objectname) [10ms]
[2022-07-09T19:57:02.251Z] > git remote --verbose [1ms]
[2022-07-09T19:57:02.266Z] > git config --get commit.template [2ms]
[2022-07-09T19:57:07.290Z] > git symbolic-ref --short HEAD [2ms]
[2022-07-09T19:57:07.300Z] > git for-each-ref --format=%(refname)%00%(upstream:short)%00%(objectname)%00%(upstream:track) refs/heads/main refs/remotes/main [1ms]
[2022-07-09T19:57:07.318Z] > git for-each-ref --sort -committerdate --format %(refname) %(objectname) %(*objectname) [10ms]
[2022-07-09T19:57:07.319Z] > git remote --verbose [2ms]
[2022-07-09T19:57:07.329Z] > git config --get commit.template [2ms]
[2022-07-09T19:57:20.100Z] > git symbolic-ref --short HEAD [3ms]
[2022-07-09T19:57:20.137Z] > git for-each-ref --format=%(refname)%00%(upstream:short)%00%(objectname)%00%(upstream:track) refs/heads/main refs/remotes/main [4ms]
[2022-07-09T19:57:20.156Z] > git for-each-ref --sort -committerdate --format %(refname) %(objectname) %(*objectname) [11ms]
[2022-07-09T19:57:20.157Z] > git remote --verbose [2ms]
[2022-07-09T19:57:20.169Z] > git config --get commit.template [2ms]
[2022-07-09T19:57:20.504Z] > git ls-files --stage -- /home/dplepler/Documents/Projects/AtOSx64/AtOSx32/Bootload/protected_mode_setup.asm [3ms]
[2022-07-09T19:57:20.533Z] > git cat-file -s 12d8818638deb6f25bcad7a8e165365eb1c1d1e2 [1ms]
[2022-07-09T19:57:25.191Z] > git symbolic-ref --short HEAD [1ms]
[2022-07-09T19:57:25.202Z] > git for-each-ref --format=%(refname)%00%(upstream:short)%00%(objectname)%00%(upstream:track) refs/heads/main refs/remotes/main [2ms]
[2022-07-09T19:57:25.221Z] > git for-each-ref --sort -committerdate --format %(refname) %(objectname) %(*objectname) [10ms]
[2022-07-09T19:57:25.223Z] > git remote --verbose [3ms]
[2022-07-09T19:57:25.236Z] > git config --get commit.template [1ms]
[2022-07-09T19:57:30.271Z] > git symbolic-ref --short HEAD [2ms]
[2022-07-09T19:57:30.285Z] > git for-each-ref --format=%(refname)%00%(upstream:short)%00%(objectname)%00%(upstream:track) refs/heads/main refs/remotes/main [6ms]
[2022-07-09T19:57:30.300Z] > git for-each-ref --sort -committerdate --format %(refname) %(objectname) %(*objectname) [7ms]
[2022-07-09T19:57:30.302Z] > git remote --verbose [3ms]
[2022-07-09T19:57:30.317Z] > git config --get commit.template [3ms]
[2022-07-09T19:57:43.648Z] > git symbolic-ref --short HEAD [3ms]
[2022-07-09T19:57:43.689Z] > git for-each-ref --format=%(refname)%00%(upstream:short)%00%(objectname)%00%(upstream:track) refs/heads/main refs/remotes/main [18ms]
[2022-07-09T19:57:43.727Z] > git for-each-ref --sort -committerdate --format %(refname) %(objectname) %(*objectname) [23ms]
[2022-07-09T19:57:43.729Z] > git remote --verbose [4ms]
[2022-07-09T19:57:43.750Z] > git config --get commit.template [3ms]
[2022-07-09T19:57:48.773Z] > git symbolic-ref --short HEAD [2ms]
[2022-07-09T19:57:48.784Z] > git for-each-ref --format=%(refname)%00%(upstream:short)%00%(objectname)%00%(upstream:track) refs/heads/main refs/remotes/main [2ms]
[2022-07-09T19:57:48.806Z] > git for-each-ref --sort -committerdate --format %(refname) %(objectname) %(*objectname) [12ms]
[2022-07-09T19:57:48.807Z] > git remote --verbose [3ms]
[2022-07-09T19:57:48.817Z] > git config --get commit.template [2ms]
[2022-07-09T19:57:51.213Z] > git ls-files --stage -- /home/dplepler/Documents/Projects/AtOSx64/AtOSx32/Bootload/stage0.asm [3ms]
[2022-07-09T19:57:51.224Z] > git cat-file -s aeb1f785d6f52846c8d4e55d5a1ab4d0bd7524c1 [2ms]
[2022-07-09T19:57:53.568Z] > git ls-files --stage -- /home/dplepler/Documents/Projects/AtOSx64/AtOSx32/Bootload/Bootloader.asm [3ms]
[2022-07-09T19:57:53.582Z] > git cat-file -s d96aeee8c81b7272250cf544393f7cf2bd4bae9a [3ms]
[2022-07-09T19:57:53.840Z] > git symbolic-ref --short HEAD [2ms]
[2022-07-09T19:57:53.853Z] > git for-each-ref --format=%(refname)%00%(upstream:short)%00%(objectname)%00%(upstream:track) refs/heads/main refs/remotes/main [3ms]
[2022-07-09T19:57:53.870Z] > git for-each-ref --sort -committerdate --format %(refname) %(objectname) %(*objectname) [9ms]
[2022-07-09T19:57:53.872Z] > git remote --verbose [2ms]
[2022-07-09T19:57:53.892Z] > git config --get commit.template [3ms]
[2022-07-09T19:58:07.288Z] > git symbolic-ref --short HEAD [3ms]
[2022-07-09T19:58:07.302Z] > git for-each-ref --format=%(refname)%00%(upstream:short)%00%(objectname)%00%(upstream:track) refs/heads/main refs/remotes/main [4ms]
[2022-07-09T19:58:07.337Z] > git for-each-ref --sort -committerdate --format %(refname) %(objectname) %(*objectname) [19ms]
[2022-07-09T19:58:07.339Z] > git remote --verbose [3ms]
[2022-07-09T19:58:07.351Z] > git config --get commit.template [1ms]
[2022-07-09T19:58:17.350Z] > git symbolic-ref --short HEAD [5ms]
[2022-07-09T19:58:17.380Z] > git for-each-ref --format=%(refname)%00%(upstream:short)%00%(objectname)%00%(upstream:track) refs/heads/main refs/remotes/main [8ms]
[2022-07-09T19:58:17.421Z] > git for-each-ref --sort -committerdate --format %(refname) %(objectname) %(*objectname) [20ms]
[2022-07-09T19:58:17.423Z] > git remote --verbose [3ms]
[2022-07-09T19:58:17.451Z] > git config --get commit.template [4ms]
[2022-07-09T19:58:22.475Z] > git symbolic-ref --short HEAD [2ms]
[2022-07-09T19:58:22.486Z] > git for-each-ref --format=%(refname)%00%(upstream:short)%00%(objectname)%00%(upstream:track) refs/heads/main refs/remotes/main [3ms]
[2022-07-09T19:58:22.506Z] > git for-each-ref --sort -committerdate --format %(refname) %(objectname) %(*objectname) [9ms]
[2022-07-09T19:58:22.508Z] > git remote --verbose [3ms]
[2022-07-09T19:58:22.522Z] > git config --get commit.template [0ms]
[2022-07-09T19:58:27.546Z] > git symbolic-ref --short HEAD [1ms]
[2022-07-09T19:58:27.557Z] > git for-each-ref --format=%(refname)%00%(upstream:short)%00%(objectname)%00%(upstream:track) refs/heads/main refs/remotes/main [2ms]
[2022-07-09T19:58:27.576Z] > git for-each-ref --sort -committerdate --format %(refname) %(objectname) %(*objectname) [10ms]
[2022-07-09T19:58:27.577Z] > git remote --verbose [2ms]
[2022-07-09T19:58:27.590Z] > git config --get commit.template [1ms]
[2022-07-09T20:01:00.078Z] > git symbolic-ref --short HEAD [1ms]
[2022-07-09T20:01:00.092Z] > git for-each-ref --format=%(refname)%00%(upstream:short)%00%(objectname)%00%(upstream:track) refs/heads/main refs/remotes/main [4ms]
[2022-07-09T20:01:00.113Z] > git for-each-ref --sort -committerdate --format %(refname) %(objectname) %(*objectname) [11ms]
[2022-07-09T20:01:00.114Z] > git remote --verbose [2ms]
[2022-07-09T20:01:00.129Z] > git config --get commit.template [1ms]
[2022-07-09T20:01:05.153Z] > git symbolic-ref --short HEAD [2ms]
[2022-07-09T20:01:05.167Z] > git for-each-ref --format=%(refname)%00%(upstream:short)%00%(objectname)%00%(upstream:track) refs/heads/main refs/remotes/main [3ms]
[2022-07-09T20:01:05.186Z] > git for-each-ref --sort -committerdate --format %(refname) %(objectname) %(*objectname) [10ms]
[2022-07-09T20:01:05.187Z] > git remote --verbose [2ms]
[2022-07-09T20:01:05.199Z] > git config --get commit.template [3ms]
[2022-07-09T20:08:01.959Z] > git symbolic-ref --short HEAD [2ms]
[2022-07-09T20:08:01.974Z] > git for-each-ref --format=%(refname)%00%(upstream:short)%00%(objectname)%00%(upstream:track) refs/heads/main refs/remotes/main [2ms]
[2022-07-09T20:08:02.017Z] > git for-each-ref --sort -committerdate --format %(refname) %(objectname) %(*objectname) [32ms]
[2022-07-09T20:08:02.020Z] > git remote --verbose [4ms]
[2022-07-09T20:08:02.073Z] > git config --get commit.template [7ms]
[2022-07-09T20:08:07.105Z] > git symbolic-ref --short HEAD [4ms]
[2022-07-09T20:08:07.116Z] > git for-each-ref --format=%(refname)%00%(upstream:short)%00%(objectname)%00%(upstream:track) refs/heads/main refs/remotes/main [2ms]
[2022-07-09T20:08:07.147Z] > git for-each-ref --sort -committerdate --format %(refname) %(objectname) %(*objectname) [22ms]
[2022-07-09T20:08:07.149Z] > git remote --verbose [7ms]
[2022-07-09T20:08:07.165Z] > git config --get commit.template [2ms]
[2022-07-09T20:08:12.293Z] > git symbolic-ref --short HEAD [3ms]
[2022-07-09T20:08:12.309Z] > git for-each-ref --format=%(refname)%00%(upstream:short)%00%(objectname)%00%(upstream:track) refs/heads/main refs/remotes/main [2ms]
[2022-07-09T20:08:12.353Z] > git for-each-ref --sort -committerdate --format %(refname) %(objectname) %(*objectname) [21ms]
[2022-07-09T20:08:12.360Z] > git remote --verbose [8ms]
[2022-07-09T20:08:12.388Z] > git config --get commit.template [10ms]
[2022-07-09T20:08:17.421Z] > git symbolic-ref --short HEAD [3ms]
[2022-07-09T20:08:17.429Z] > git for-each-ref --format=%(refname)%00%(upstream:short)%00%(objectname)%00%(upstream:track) refs/heads/main refs/remotes/main [2ms]
[2022-07-09T20:08:17.447Z] > git for-each-ref --sort -committerdate --format %(refname) %(objectname) %(*objectname) [9ms]
[2022-07-09T20:08:17.449Z] > git remote --verbose [3ms]
[2022-07-09T20:08:17.465Z] > git config --get commit.template [3ms]
[2022-07-09T20:08:26.702Z] > git symbolic-ref --short HEAD [2ms]
[2022-07-09T20:08:26.713Z] > git for-each-ref --format=%(refname)%00%(upstream:short)%00%(objectname)%00%(upstream:track) refs/heads/main refs/remotes/main [2ms]
[2022-07-09T20:08:26.732Z] > git for-each-ref --sort -committerdate --format %(refname) %(objectname) %(*objectname) [10ms]
[2022-07-09T20:08:26.732Z] > git remote --verbose [1ms]
[2022-07-09T20:08:26.744Z] > git config --get commit.template [1ms]
[2022-07-09T20:08:31.773Z] > git symbolic-ref --short HEAD [1ms]
[2022-07-09T20:08:31.785Z] > git for-each-ref --format=%(refname)%00%(upstream:short)%00%(objectname)%00%(upstream:track) refs/heads/main refs/remotes/main [3ms]
[2022-07-09T20:08:31.805Z] > git for-each-ref --sort -committerdate --format %(refname) %(objectname) %(*objectname) [11ms]
[2022-07-09T20:08:31.805Z] > git remote --verbose [1ms]
[2022-07-09T20:08:31.819Z] > git config --get commit.template [3ms]
[2022-07-09T20:19:15.789Z] > git ls-files --stage -- /home/dplepler/Documents/Projects/AtOSx64/AtOSx32/Kernel/kernel_keyboard.c [3ms]
[2022-07-09T20:19:15.813Z] > git cat-file -s cbfb7218baa71a730db5d29089afe789fd67fedd [8ms]
[2022-07-09T20:19:16.342Z] > git ls-files --stage -- /home/dplepler/Documents/Projects/AtOSx64/AtOSx32/Kernel/isr.asm [4ms]
[2022-07-09T20:19:16.356Z] > git cat-file -s e9b990db8d407b7ecafb9ea8cea832e340e6af01 [3ms]
[2022-07-09T20:19:17.233Z] > git ls-files --stage -- /home/dplepler/Documents/Projects/AtOSx64/AtOSx32/Kernel/interrupts.c [1ms]
[2022-07-09T20:19:17.248Z] > git cat-file -s 52266e58e491415a798bc0b288198197f2125fe7 [6ms]
[2022-07-09T20:21:42.465Z] > git symbolic-ref --short HEAD [6ms]
[2022-07-09T20:21:42.505Z] > git for-each-ref --format=%(refname)%00%(upstream:short)%00%(objectname)%00%(upstream:track) refs/heads/main refs/remotes/main [14ms]
[2022-07-09T20:21:42.529Z] > git remote --verbose [2ms]
[2022-07-09T20:21:42.530Z] > git for-each-ref --sort -committerdate --format %(refname) %(objectname) %(*objectname) [12ms]
[2022-07-09T20:21:42.561Z] > git config --get commit.template [4ms]
[2022-07-09T20:21:47.592Z] > git symbolic-ref --short HEAD [1ms]
[2022-07-09T20:21:47.603Z] > git for-each-ref --format=%(refname)%00%(upstream:short)%00%(objectname)%00%(upstream:track) refs/heads/main refs/remotes/main [2ms]
[2022-07-09T20:21:47.622Z] > git for-each-ref --sort -committerdate --format %(refname) %(objectname) %(*objectname) [10ms]
[2022-07-09T20:21:47.623Z] > git remote --verbose [1ms]
[2022-07-09T20:21:47.636Z] > git config --get commit.template [2ms]
[2022-07-09T20:30:31.604Z] > git symbolic-ref --short HEAD [2ms]
[2022-07-09T20:30:31.621Z] > git for-each-ref --format=%(refname)%00%(upstream:short)%00%(objectname)%00%(upstream:track) refs/heads/main refs/remotes/main [5ms]
[2022-07-09T20:30:31.649Z] > git for-each-ref --sort -committerdate --format %(refname) %(objectname) %(*objectname) [15ms]
[2022-07-09T20:30:31.649Z] > git remote --verbose [1ms]
[2022-07-09T20:30:31.664Z] > git config --get commit.template [2ms]
[2022-07-09T20:30:43.014Z] > git symbolic-ref --short HEAD [4ms]
[2022-07-09T20:30:43.068Z] > git for-each-ref --format=%(refname)%00%(upstream:short)%00%(objectname)%00%(upstream:track) refs/heads/main refs/remotes/main [7ms]
[2022-07-09T20:30:43.122Z] > git for-each-ref --sort -committerdate --format %(refname) %(objectname) %(*objectname) [27ms]
[2022-07-09T20:30:43.131Z] > git remote --verbose [12ms]
[2022-07-09T20:30:43.160Z] > git config --get commit.template [4ms]
[2022-07-09T20:30:48.186Z] > git symbolic-ref --short HEAD [2ms]
[2022-07-09T20:30:48.198Z] > git for-each-ref --format=%(refname)%00%(upstream:short)%00%(objectname)%00%(upstream:track) refs/heads/main refs/remotes/main [2ms]
[2022-07-09T20:30:48.216Z] > git for-each-ref --sort -committerdate --format %(refname) %(objectname) %(*objectname) [9ms]
[2022-07-09T20:30:48.217Z] > git remote --verbose [2ms]
[2022-07-09T20:30:48.228Z] > git config --get commit.template [1ms]
[2022-07-09T20:30:53.252Z] > git symbolic-ref --short HEAD [1ms]
[2022-07-09T20:30:53.263Z] > git for-each-ref --format=%(refname)%00%(upstream:short)%00%(objectname)%00%(upstream:track) refs/heads/main refs/remotes/main [1ms]
[2022-07-09T20:30:53.283Z] > git for-each-ref --sort -committerdate --format %(refname) %(objectname) %(*objectname) [11ms]
[2022-07-09T20:30:53.283Z] > git remote --verbose [1ms]
[2022-07-09T20:30:53.296Z] > git config --get commit.template [1ms]
[2022-07-09T20:38:19.463Z] > git symbolic-ref --short HEAD [3ms]
[2022-07-09T20:38:19.474Z] > git for-each-ref --format=%(refname)%00%(upstream:short)%00%(objectname)%00%(upstream:track) refs/heads/main refs/remotes/main [2ms]
[2022-07-09T20:38:19.496Z] > git for-each-ref --sort -committerdate --format %(refname) %(objectname) %(*objectname) [14ms]
[2022-07-09T20:38:19.498Z] > git remote --verbose [5ms]
[2022-07-09T20:38:19.513Z] > git config --get commit.template [2ms]
[2022-07-09T20:38:26.790Z] > git symbolic-ref --short HEAD [2ms]
[2022-07-09T20:38:26.801Z] > git for-each-ref --format=%(refname)%00%(upstream:short)%00%(objectname)%00%(upstream:track) refs/heads/main refs/remotes/main [2ms]
[2022-07-09T20:38:26.820Z] > git for-each-ref --sort -committerdate --format %(refname) %(objectname) %(*objectname) [10ms]
[2022-07-09T20:38:26.820Z] > git remote --verbose [1ms]
[2022-07-09T20:38:26.833Z] > git config --get commit.template [2ms]
[2022-07-09T21:00:13.033Z] > git symbolic-ref --short HEAD [3ms]
[2022-07-09T21:00:13.044Z] > git for-each-ref --format=%(refname)%00%(upstream:short)%00%(objectname)%00%(upstream:track) refs/heads/main refs/remotes/main [2ms]
[2022-07-09T21:00:13.064Z] > git for-each-ref --sort -committerdate --format %(refname) %(objectname) %(*objectname) [11ms]
[2022-07-09T21:00:13.064Z] > git remote --verbose [1ms]
[2022-07-09T21:00:13.077Z] > git config --get commit.template [1ms]
[2022-07-09T21:01:25.334Z] > git symbolic-ref --short HEAD [3ms]
[2022-07-09T21:01:25.345Z] > git for-each-ref --format=%(refname)%00%(upstream:short)%00%(objectname)%00%(upstream:track) refs/heads/main refs/remotes/main [1ms]
[2022-07-09T21:01:25.366Z] > git for-each-ref --sort -committerdate --format %(refname) %(objectname) %(*objectname) [11ms]
[2022-07-09T21:01:25.369Z] > git remote --verbose [4ms]
[2022-07-09T21:01:25.386Z] > git config --get commit.template [2ms]
[2022-07-09T21:01:53.741Z] > git symbolic-ref --short HEAD [1ms]
[2022-07-09T21:01:53.757Z] > git for-each-ref --format=%(refname)%00%(upstream:short)%00%(objectname)%00%(upstream:track) refs/heads/main refs/remotes/main [3ms]
[2022-07-09T21:01:53.792Z] > git for-each-ref --sort -committerdate --format %(refname) %(objectname) %(*objectname) [15ms]
[2022-07-09T21:01:53.794Z] > git remote --verbose [3ms]
[2022-07-09T21:01:53.809Z] > git config --get commit.template [2ms]
[2022-07-09T21:01:54.141Z] > git ls-files --stage -- /home/dplepler/Documents/Projects/AtOSx64/AtOSx32/Kernel/errors.h [2ms]
[2022-07-09T21:01:54.151Z] > git cat-file -s e7f150aad29205c7c1b54dc15f215f28fa0a7db9 [1ms]
[2022-07-09T21:01:54.659Z] > git ls-files --stage -- /home/dplepler/Documents/Projects/AtOSx64/AtOSx32/Kernel/hal.h [1ms]
[2022-07-09T21:01:54.672Z] > git cat-file -s c4ef94464405c96965b97f4f84dad969167c5b57 [2ms]
[2022-07-09T21:01:55.402Z] > git ls-files --stage -- /home/dplepler/Documents/Projects/AtOSx64/AtOSx32/Kernel/heap.c [2ms]
[2022-07-09T21:01:55.413Z] > git cat-file -s 068610a1c5efb478ca0d304b9425db17ed065479 [2ms]
[2022-07-09T21:01:58.836Z] > git symbolic-ref --short HEAD [2ms]
[2022-07-09T21:01:58.849Z] > git for-each-ref --format=%(refname)%00%(upstream:short)%00%(objectname)%00%(upstream:track) refs/heads/main refs/remotes/main [2ms]
[2022-07-09T21:01:58.871Z] > git for-each-ref --sort -committerdate --format %(refname) %(objectname) %(*objectname) [12ms]
[2022-07-09T21:01:58.872Z] > git remote --verbose [1ms]
[2022-07-09T21:01:58.886Z] > git config --get commit.template [2ms]
[2022-07-09T21:02:00.998Z] > git ls-files --stage -- /home/dplepler/Documents/Projects/AtOSx64/AtOSx32/Kernel/kernel.c [15ms]
[2022-07-09T21:02:01.019Z] > git cat-file -s f9a6d19028eee083bb9486f2cd9dcbe0b1e742be [4ms]
[2022-07-09T21:02:05.750Z] > git symbolic-ref --short HEAD [4ms]
[2022-07-09T21:02:05.762Z] > git for-each-ref --format=%(refname)%00%(upstream:short)%00%(objectname)%00%(upstream:track) refs/heads/main refs/remotes/main [4ms]
[2022-07-09T21:02:05.783Z] > git for-each-ref --sort -committerdate --format %(refname) %(objectname) %(*objectname) [12ms]
[2022-07-09T21:02:05.784Z] > git remote --verbose [4ms]
[2022-07-09T21:02:05.799Z] > git config --get commit.template [1ms]
[2022-07-09T21:05:19.168Z] > git symbolic-ref --short HEAD [3ms]
[2022-07-09T21:05:19.184Z] > git for-each-ref --format=%(refname)%00%(upstream:short)%00%(objectname)%00%(upstream:track) refs/heads/main refs/remotes/main [2ms]
[2022-07-09T21:05:19.218Z] > git for-each-ref --sort -committerdate --format %(refname) %(objectname) %(*objectname) [21ms]
[2022-07-09T21:05:19.221Z] > git remote --verbose [12ms]
[2022-07-09T21:05:19.237Z] > git config --get commit.template [2ms]
[2022-07-09T21:05:21.839Z] > git ls-files --stage -- /home/dplepler/Documents/Projects/AtOSx64/AtOSx32/Kernel/interrupts.c [1ms]
[2022-07-09T21:05:21.852Z] > git cat-file -s 52266e58e491415a798bc0b288198197f2125fe7 [3ms]
[2022-07-09T21:05:24.278Z] > git symbolic-ref --short HEAD [2ms]
[2022-07-09T21:05:24.293Z] > git for-each-ref --format=%(refname)%00%(upstream:short)%00%(objectname)%00%(upstream:track) refs/heads/main refs/remotes/main [3ms]
[2022-07-09T21:05:24.317Z] > git for-each-ref --sort -committerdate --format %(refname) %(objectname) %(*objectname) [12ms]
[2022-07-09T21:05:24.321Z] > git remote --verbose [5ms]
[2022-07-09T21:05:24.337Z] > git config --get commit.template [4ms]
[2022-07-09T21:07:35.022Z] > git symbolic-ref --short HEAD [1ms]
[2022-07-09T21:07:35.035Z] > git for-each-ref --format=%(refname)%00%(upstream:short)%00%(objectname)%00%(upstream:track) refs/heads/main refs/remotes/main [1ms]
[2022-07-09T21:07:35.060Z] > git for-each-ref --sort -committerdate --format %(refname) %(objectname) %(*objectname) [12ms]
[2022-07-09T21:07:35.061Z] > git remote --verbose [2ms]
[2022-07-09T21:07:35.075Z] > git config --get commit.template [1ms]
[2022-07-09T21:07:40.101Z] > git symbolic-ref --short HEAD [2ms]
[2022-07-09T21:07:40.116Z] > git for-each-ref --format=%(refname)%00%(upstream:short)%00%(objectname)%00%(upstream:track) refs/heads/main refs/remotes/main [3ms]
[2022-07-09T21:07:40.135Z] > git for-each-ref --sort -committerdate --format %(refname) %(objectname) %(*objectname) [9ms]
[2022-07-09T21:07:40.136Z] > git remote --verbose [2ms]
[2022-07-09T21:07:40.150Z] > git config --get commit.template [2ms]
[2022-07-09T21:07:45.701Z] > git symbolic-ref --short HEAD [3ms]
[2022-07-09T21:07:45.712Z] > git for-each-ref --format=%(refname)%00%(upstream:short)%00%(objectname)%00%(upstream:track) refs/heads/main refs/remotes/main [2ms]
[2022-07-09T21:07:45.733Z] > git for-each-ref --sort -committerdate --format %(refname) %(objectname) %(*objectname) [10ms]
[2022-07-09T21:07:45.733Z] > git remote --verbose [1ms]
[2022-07-09T21:07:45.746Z] > git config --get commit.template [2ms]
[2022-07-09T21:14:02.026Z] > git ls-files --stage -- /home/dplepler/Documents/Projects/AtOSx64/AtOSx32/Kernel/kernel.c [2ms]
[2022-07-09T21:14:02.039Z] > git cat-file -s f9a6d19028eee083bb9486f2cd9dcbe0b1e742be [3ms]
[2022-07-09T21:20:39.002Z] > git symbolic-ref --short HEAD [1ms]
[2022-07-09T21:20:39.018Z] > git for-each-ref --format=%(refname)%00%(upstream:short)%00%(objectname)%00%(upstream:track) refs/heads/main refs/remotes/main [3ms]
[2022-07-09T21:20:39.041Z] > git for-each-ref --sort -committerdate --format %(refname) %(objectname) %(*objectname) [11ms]
[2022-07-09T21:20:39.044Z] > git remote --verbose [4ms]
[2022-07-09T21:20:39.059Z] > git config --get commit.template [3ms]
[2022-07-09T21:20:42.514Z] > git ls-files --stage -- /home/dplepler/Documents/Projects/AtOSx64/AtOSx32/Kernel/interrupts.c [5ms]
[2022-07-09T21:20:42.528Z] > git cat-file -s 52266e58e491415a798bc0b288198197f2125fe7 [2ms]
[2022-07-09T21:20:44.091Z] > git symbolic-ref --short HEAD [2ms]
[2022-07-09T21:20:44.101Z] > git for-each-ref --format=%(refname)%00%(upstream:short)%00%(objectname)%00%(upstream:track) refs/heads/main refs/remotes/main [1ms]
[2022-07-09T21:20:44.121Z] > git for-each-ref --sort -committerdate --format %(refname) %(objectname) %(*objectname) [10ms]
[2022-07-09T21:20:44.122Z] > git remote --verbose [2ms]
[2022-07-09T21:20:44.133Z] > git config --get commit.template [2ms]
[2022-07-09T21:23:51.912Z] > git symbolic-ref --short HEAD [10ms]
[2022-07-09T21:23:51.927Z] > git for-each-ref --format=%(refname)%00%(upstream:short)%00%(objectname)%00%(upstream:track) refs/heads/main refs/remotes/main [2ms]
[2022-07-09T21:23:51.959Z] > git for-each-ref --sort -committerdate --format %(refname) %(objectname) %(*objectname) [16ms]
[2022-07-09T21:23:51.961Z] > git remote --verbose [3ms]
[2022-07-09T21:23:51.980Z] > git config --get commit.template [3ms]
[2022-07-09T21:23:57.023Z] > git symbolic-ref --short HEAD [3ms]
[2022-07-09T21:23:57.035Z] > git for-each-ref --format=%(refname)%00%(upstream:short)%00%(objectname)%00%(upstream:track) refs/heads/main refs/remotes/main [2ms]
[2022-07-09T21:23:57.057Z] > git for-each-ref --sort -committerdate --format %(refname) %(objectname) %(*objectname) [12ms]
[2022-07-09T21:23:57.057Z] > git remote --verbose [1ms]
[2022-07-09T21:23:57.072Z] > git config --get commit.template [1ms]
[2022-07-09T21:24:02.102Z] > git symbolic-ref --short HEAD [2ms]
[2022-07-09T21:24:02.115Z] > git for-each-ref --format=%(refname)%00%(upstream:short)%00%(objectname)%00%(upstream:track) refs/heads/main refs/remotes/main [2ms]
[2022-07-09T21:24:02.139Z] > git remote --verbose [1ms]
[2022-07-09T21:24:02.140Z] > git for-each-ref --sort -committerdate --format %(refname) %(objectname) %(*objectname) [13ms]
[2022-07-09T21:24:02.157Z] > git config --get commit.template [2ms]
[2022-07-09T21:25:19.152Z] > git ls-files --stage -- /home/dplepler/Documents/Projects/AtOSx64/AtOSx32/Kernel/heap.h [19ms]
[2022-07-09T21:25:19.176Z] > git cat-file -s 4052581d6ebd3f557495575e0b4ff99498e5af97 [9ms]
[2022-07-09T21:25:21.268Z] > git ls-files --stage -- /home/dplepler/Documents/Projects/AtOSx64/AtOSx32/Kernel/kernel.c [7ms]
[2022-07-09T21:25:21.289Z] > git cat-file -s f9a6d19028eee083bb9486f2cd9dcbe0b1e742be [3ms]
[2022-07-09T21:25:32.917Z] > git symbolic-ref --short HEAD [11ms]
[2022-07-09T21:25:32.931Z] > git for-each-ref --format=%(refname)%00%(upstream:short)%00%(objectname)%00%(upstream:track) refs/heads/main refs/remotes/main [3ms]
[2022-07-09T21:25:32.953Z] > git for-each-ref --sort -committerdate --format %(refname) %(objectname) %(*objectname) [10ms]
[2022-07-09T21:25:32.955Z] > git remote --verbose [3ms]
[2022-07-09T21:25:32.988Z] > git config --get commit.template [2ms]
[2022-07-09T21:25:35.854Z] > git ls-files --stage -- /home/dplepler/Documents/Projects/AtOSx64/AtOSx32/Kernel/interrupts.c [7ms]
[2022-07-09T21:25:35.866Z] > git cat-file -s 52266e58e491415a798bc0b288198197f2125fe7 [2ms]
[2022-07-09T21:25:38.013Z] > git symbolic-ref --short HEAD [2ms]
[2022-07-09T21:25:38.026Z] > git for-each-ref --format=%(refname)%00%(upstream:short)%00%(objectname)%00%(upstream:track) refs/heads/main refs/remotes/main [2ms]
[2022-07-09T21:25:38.051Z] > git for-each-ref --sort -committerdate --format %(refname) %(objectname) %(*objectname) [16ms]
[2022-07-09T21:25:38.053Z] > git remote --verbose [3ms]
[2022-07-09T21:25:38.065Z] > git config --get commit.template [2ms]
[2022-07-09T21:26:27.276Z] > git ls-files --stage -- /home/dplepler/Documents/Projects/AtOSx64/AtOSx32/Kernel/isr.asm [3ms]
[2022-07-09T21:26:27.310Z] > git cat-file -s e9b990db8d407b7ecafb9ea8cea832e340e6af01 [7ms]
[2022-07-09T21:39:09.461Z] > git ls-files --stage -- /home/dplepler/Documents/Projects/AtOSx64/AtOSx32/Kernel/interrupts.c [6ms]
[2022-07-09T21:39:09.495Z] > git cat-file -s 52266e58e491415a798bc0b288198197f2125fe7 [2ms]
[2022-07-09T21:39:14.722Z] > git ls-files --stage -- /home/dplepler/Documents/Projects/AtOSx64/AtOSx32/Kernel/kernel.c [21ms]
[2022-07-09T21:39:14.763Z] > git cat-file -s f9a6d19028eee083bb9486f2cd9dcbe0b1e742be [9ms]
[2022-07-09T21:39:21.837Z] > git symbolic-ref --short HEAD [1ms]
[2022-07-09T21:39:21.859Z] > git for-each-ref --format=%(refname)%00%(upstream:short)%00%(objectname)%00%(upstream:track) refs/heads/main refs/remotes/main [6ms]
[2022-07-09T21:39:21.886Z] > git for-each-ref --sort -committerdate --format %(refname) %(objectname) %(*objectname) [10ms]
[2022-07-09T21:39:21.889Z] > git remote --verbose [4ms]
[2022-07-09T21:39:21.912Z] > git config --get commit.template [7ms]
[2022-07-09T21:39:49.001Z] > git symbolic-ref --short HEAD [2ms]
[2022-07-09T21:39:49.027Z] > git for-each-ref --format=%(refname)%00%(upstream:short)%00%(objectname)%00%(upstream:track) refs/heads/main refs/remotes/main [11ms]
[2022-07-09T21:39:49.069Z] > git for-each-ref --sort -committerdate --format %(refname) %(objectname) %(*objectname) [15ms]
[2022-07-09T21:39:49.075Z] > git remote --verbose [7ms]
[2022-07-09T21:39:49.094Z] > git config --get commit.template [4ms]
[2022-07-09T21:39:54.126Z] > git symbolic-ref --short HEAD [2ms]
[2022-07-09T21:39:54.140Z] > git for-each-ref --format=%(refname)%00%(upstream:short)%00%(objectname)%00%(upstream:track) refs/heads/main refs/remotes/main [2ms]
[2022-07-09T21:39:54.161Z] > git for-each-ref --sort -committerdate --format %(refname) %(objectname) %(*objectname) [12ms]
[2022-07-09T21:39:54.165Z] > git remote --verbose [6ms]
[2022-07-09T21:39:54.176Z] > git config --get commit.template [2ms]
[2022-07-09T21:39:54.800Z] > git ls-files --stage -- /home/dplepler/Documents/Projects/AtOSx64/AtOSx32/Kernel/interrupts.c [3ms]
[2022-07-09T21:39:54.817Z] > git cat-file -s 52266e58e491415a798bc0b288198197f2125fe7 [3ms]
[2022-07-09T21:40:00.506Z] > git ls-files --stage -- /home/dplepler/Documents/Projects/AtOSx64/AtOSx32/Kernel/isr.asm [5ms]
[2022-07-09T21:40:00.530Z] > git cat-file -s e9b990db8d407b7ecafb9ea8cea832e340e6af01 [9ms]
[2022-07-09T21:40:33.347Z] > git symbolic-ref --short HEAD [2ms]
[2022-07-09T21:40:33.363Z] > git for-each-ref --format=%(refname)%00%(upstream:short)%00%(objectname)%00%(upstream:track) refs/heads/main refs/remotes/main [5ms]
[2022-07-09T21:40:33.391Z] > git for-each-ref --sort -committerdate --format %(refname) %(objectname) %(*objectname) [10ms]
[2022-07-09T21:40:33.392Z] > git remote --verbose [2ms]
[2022-07-09T21:40:33.419Z] > git config --get commit.template [4ms]
[2022-07-09T21:40:38.453Z] > git symbolic-ref --short HEAD [3ms]
[2022-07-09T21:40:38.467Z] > git for-each-ref --format=%(refname)%00%(upstream:short)%00%(objectname)%00%(upstream:track) refs/heads/main refs/remotes/main [2ms]
[2022-07-09T21:40:38.490Z] > git for-each-ref --sort -committerdate --format %(refname) %(objectname) %(*objectname) [11ms]
[2022-07-09T21:40:38.490Z] > git remote --verbose [2ms]
[2022-07-09T21:40:38.511Z] > git config --get commit.template [5ms]
[2022-07-09T21:40:43.551Z] > git symbolic-ref --short HEAD [2ms]
[2022-07-09T21:40:43.575Z] > git for-each-ref --format=%(refname)%00%(upstream:short)%00%(objectname)%00%(upstream:track) refs/heads/main refs/remotes/main [3ms]
[2022-07-09T21:40:43.605Z] > git for-each-ref --sort -committerdate --format %(refname) %(objectname) %(*objectname) [15ms]
[2022-07-09T21:40:43.607Z] > git remote --verbose [3ms]
[2022-07-09T21:40:43.643Z] > git config --get commit.template [5ms]
[2022-07-09T21:41:46.862Z] > git symbolic-ref --short HEAD [3ms]
[2022-07-09T21:41:46.874Z] > git for-each-ref --format=%(refname)%00%(upstream:short)%00%(objectname)%00%(upstream:track) refs/heads/main refs/remotes/main [3ms]
[2022-07-09T21:41:46.899Z] > git for-each-ref --sort -committerdate --format %(refname) %(objectname) %(*objectname) [13ms]
[2022-07-09T21:41:46.899Z] > git remote --verbose [1ms]
[2022-07-09T21:41:46.922Z] > git config --get commit.template [2ms]
[2022-07-09T21:41:51.968Z] > git symbolic-ref --short HEAD [3ms]
[2022-07-09T21:41:51.988Z] > git for-each-ref --format=%(refname)%00%(upstream:short)%00%(objectname)%00%(upstream:track) refs/heads/main refs/remotes/main [4ms]
[2022-07-09T21:41:52.034Z] > git for-each-ref --sort -committerdate --format %(refname) %(objectname) %(*objectname) [30ms]
[2022-07-09T21:41:52.038Z] > git remote --verbose [7ms]
[2022-07-09T21:41:52.059Z] > git config --get commit.template [4ms]
[2022-07-09T21:41:58.341Z] > git symbolic-ref --short HEAD [17ms]
[2022-07-09T21:41:58.385Z] > git for-each-ref --format=%(refname)%00%(upstream:short)%00%(objectname)%00%(upstream:track) refs/heads/main refs/remotes/main [13ms]
[2022-07-09T21:41:58.448Z] > git remote --verbose [12ms]
[2022-07-09T21:41:58.449Z] > git for-each-ref --sort -committerdate --format %(refname) %(objectname) %(*objectname) [24ms]
[2022-07-09T21:41:58.510Z] > git config --get commit.template [25ms]
[2022-07-09T21:42:03.535Z] > git symbolic-ref --short HEAD [1ms]
[2022-07-09T21:42:03.550Z] > git for-each-ref --format=%(refname)%00%(upstream:short)%00%(objectname)%00%(upstream:track) refs/heads/main refs/remotes/main [3ms]
[2022-07-09T21:42:03.571Z] > git for-each-ref --sort -committerdate --format %(refname) %(objectname) %(*objectname) [12ms]
[2022-07-09T21:42:03.571Z] > git remote --verbose [1ms]
[2022-07-09T21:42:03.588Z] > git config --get commit.template [1ms]
[2022-07-09T21:42:09.174Z] > git symbolic-ref --short HEAD [3ms]
[2022-07-09T21:42:09.188Z] > git for-each-ref --format=%(refname)%00%(upstream:short)%00%(objectname)%00%(upstream:track) refs/heads/main refs/remotes/main [3ms]
[2022-07-09T21:42:09.212Z] > git for-each-ref --sort -committerdate --format %(refname) %(objectname) %(*objectname) [13ms]
[2022-07-09T21:42:09.212Z] > git remote --verbose [2ms]
[2022-07-09T21:42:09.234Z] > git config --get commit.template [1ms]
[2022-07-09T21:43:26.973Z] > git symbolic-ref --short HEAD [2ms]
[2022-07-09T21:43:26.995Z] > git for-each-ref --format=%(refname)%00%(upstream:short)%00%(objectname)%00%(upstream:track) refs/heads/main refs/remotes/main [5ms]
[2022-07-09T21:43:27.018Z] > git for-each-ref --sort -committerdate --format %(refname) %(objectname) %(*objectname) [12ms]
[2022-07-09T21:43:27.018Z] > git remote --verbose [2ms]
[2022-07-09T21:43:27.034Z] > git config --get commit.template [1ms]
[2022-07-09T21:45:42.405Z] > git symbolic-ref --short HEAD [2ms]
[2022-07-09T21:45:42.423Z] > git for-each-ref --format=%(refname)%00%(upstream:short)%00%(objectname)%00%(upstream:track) refs/heads/main refs/remotes/main [5ms]
[2022-07-09T21:45:42.443Z] > git for-each-ref --sort -committerdate --format %(refname) %(objectname) %(*objectname) [11ms]
[2022-07-09T21:45:42.444Z] > git remote --verbose [2ms]
[2022-07-09T21:45:42.462Z] > git config --get commit.template [4ms]
[2022-07-09T21:45:47.486Z] > git symbolic-ref --short HEAD [1ms]
[2022-07-09T21:45:47.498Z] > git for-each-ref --format=%(refname)%00%(upstream:short)%00%(objectname)%00%(upstream:track) refs/heads/main refs/remotes/main [2ms]
[2022-07-09T21:45:47.520Z] > git for-each-ref --sort -committerdate --format %(refname) %(objectname) %(*objectname) [12ms]
[2022-07-09T21:45:47.520Z] > git remote --verbose [1ms]
[2022-07-09T21:45:47.535Z] > git config --get commit.template [2ms]
[2022-07-09T21:46:08.428Z] > git symbolic-ref --short HEAD [15ms]
[2022-07-09T21:46:08.509Z] > git for-each-ref --format=%(refname)%00%(upstream:short)%00%(objectname)%00%(upstream:track) refs/heads/main refs/remotes/main [19ms]
[2022-07-09T21:46:08.593Z] > git for-each-ref --sort -committerdate --format %(refname) %(objectname) %(*objectname) [44ms]
[2022-07-09T21:46:08.595Z] > git remote --verbose [4ms]
[2022-07-09T21:46:08.626Z] > git config --get commit.template [2ms]
[2022-07-09T21:46:13.655Z] > git symbolic-ref --short HEAD [3ms]
[2022-07-09T21:46:13.669Z] > git for-each-ref --format=%(refname)%00%(upstream:short)%00%(objectname)%00%(upstream:track) refs/heads/main refs/remotes/main [2ms]
[2022-07-09T21:46:13.690Z] > git for-each-ref --sort -committerdate --format %(refname) %(objectname) %(*objectname) [10ms]
[2022-07-09T21:46:13.691Z] > git remote --verbose [2ms]
[2022-07-09T21:46:13.706Z] > git config --get commit.template [1ms]
[2022-07-09T21:46:18.730Z] > git symbolic-ref --short HEAD [1ms]
[2022-07-09T21:46:18.742Z] > git for-each-ref --format=%(refname)%00%(upstream:short)%00%(objectname)%00%(upstream:track) refs/heads/main refs/remotes/main [2ms]
[2022-07-09T21:46:18.762Z] > git for-each-ref --sort -committerdate --format %(refname) %(objectname) %(*objectname) [10ms]
[2022-07-09T21:46:18.763Z] > git remote --verbose [2ms]
[2022-07-09T21:46:18.775Z] > git config --get commit.template [1ms]
[2022-07-09T21:46:23.805Z] > git symbolic-ref --short HEAD [4ms]
[2022-07-09T21:46:23.819Z] > git for-each-ref --format=%(refname)%00%(upstream:short)%00%(objectname)%00%(upstream:track) refs/heads/main refs/remotes/main [4ms]
[2022-07-09T21:46:23.843Z] > git remote --verbose [4ms]
[2022-07-09T21:46:23.843Z] > git for-each-ref --sort -committerdate --format %(refname) %(objectname) %(*objectname) [14ms]
[2022-07-09T21:46:23.857Z] > git config --get commit.template [3ms]
[2022-07-09T21:52:23.119Z] > git symbolic-ref --short HEAD [5ms]
[2022-07-09T21:52:23.146Z] > git for-each-ref --format=%(refname)%00%(upstream:short)%00%(objectname)%00%(upstream:track) refs/heads/main refs/remotes/main [5ms]
[2022-07-09T21:52:23.175Z] > git for-each-ref --sort -committerdate --format %(refname) %(objectname) %(*objectname) [16ms]
[2022-07-09T21:52:23.175Z] > git remote --verbose [1ms]
[2022-07-09T21:52:23.197Z] > git config --get commit.template [3ms]
[2022-07-09T21:52:28.310Z] > git symbolic-ref --short HEAD [5ms]
[2022-07-09T21:52:28.333Z] > git for-each-ref --format=%(refname)%00%(upstream:short)%00%(objectname)%00%(upstream:track) refs/heads/main refs/remotes/main [3ms]
[2022-07-09T21:52:28.384Z] > git remote --verbose [1ms]
[2022-07-09T21:52:28.384Z] > git for-each-ref --sort -committerdate --format %(refname) %(objectname) %(*objectname) [15ms]
[2022-07-09T21:52:28.416Z] > git config --get commit.template [2ms]
[2022-07-09T21:52:37.614Z] > git symbolic-ref --short HEAD [2ms]
[2022-07-09T21:52:37.668Z] > git for-each-ref --format=%(refname)%00%(upstream:short)%00%(objectname)%00%(upstream:track) refs/heads/main refs/remotes/main [11ms]
[2022-07-09T21:52:37.741Z] > git remote --verbose [16ms]
[2022-07-09T21:52:37.743Z] > git for-each-ref --sort -committerdate --format %(refname) %(objectname) %(*objectname) [48ms]
[2022-07-09T21:52:37.815Z] > git config --get commit.template [33ms]
[2022-07-09T21:52:42.856Z] > git symbolic-ref --short HEAD [2ms]
[2022-07-09T21:52:42.868Z] > git for-each-ref --format=%(refname)%00%(upstream:short)%00%(objectname)%00%(upstream:track) refs/heads/main refs/remotes/main [2ms]
[2022-07-09T21:52:42.903Z] > git for-each-ref --sort -committerdate --format %(refname) %(objectname) %(*objectname) [17ms]
[2022-07-09T21:52:42.903Z] > git remote --verbose [1ms]
[2022-07-09T21:52:42.927Z] > git config --get commit.template [2ms]
[2022-07-09T21:52:47.963Z] > git symbolic-ref --short HEAD [2ms]
[2022-07-09T21:52:47.974Z] > git for-each-ref --format=%(refname)%00%(upstream:short)%00%(objectname)%00%(upstream:track) refs/heads/main refs/remotes/main [1ms]
[2022-07-09T21:52:48.000Z] > git for-each-ref --sort -committerdate --format %(refname) %(objectname) %(*objectname) [12ms]
[2022-07-09T21:52:48.001Z] > git remote --verbose [2ms]
[2022-07-09T21:52:48.027Z] > git config --get commit.template [3ms]
[2022-07-09T21:52:57.967Z] > git symbolic-ref --short HEAD [9ms]
[2022-07-09T21:52:58.051Z] > git for-each-ref --format=%(refname)%00%(upstream:short)%00%(objectname)%00%(upstream:track) refs/heads/main refs/remotes/main [40ms]
[2022-07-09T21:52:58.199Z] > git for-each-ref --sort -committerdate --format %(refname) %(objectname) %(*objectname) [74ms]
[2022-07-09T21:52:58.240Z] > git remote --verbose [44ms]
[2022-07-09T21:52:58.311Z] > git config --get commit.template [4ms]
[2022-07-09T21:53:03.347Z] > git symbolic-ref --short HEAD [4ms]
[2022-07-09T21:53:03.363Z] > git for-each-ref --format=%(refname)%00%(upstream:short)%00%(objectname)%00%(upstream:track) refs/heads/main refs/remotes/main [2ms]
[2022-07-09T21:53:03.391Z] > git remote --verbose [1ms]
[2022-07-09T21:53:03.391Z] > git for-each-ref --sort -committerdate --format %(refname) %(objectname) %(*objectname) [19ms]
[2022-07-09T21:53:03.410Z] > git config --get commit.template [1ms]
[2022-07-09T21:53:20.375Z] > git symbolic-ref --short HEAD [5ms]
[2022-07-09T21:53:20.415Z] > git for-each-ref --format=%(refname)%00%(upstream:short)%00%(objectname)%00%(upstream:track) refs/heads/main refs/remotes/main [13ms]
[2022-07-09T21:53:20.492Z] > git for-each-ref --sort -committerdate --format %(refname) %(objectname) %(*objectname) [43ms]
[2022-07-09T21:53:20.497Z] > git remote --verbose [6ms]
[2022-07-09T21:53:20.545Z] > git config --get commit.template [4ms]
[2022-07-09T21:53:52.202Z] > git symbolic-ref --short HEAD [2ms]
[2022-07-09T21:53:52.213Z] > git for-each-ref --format=%(refname)%00%(upstream:short)%00%(objectname)%00%(upstream:track) refs/heads/main refs/remotes/main [3ms]
[2022-07-09T21:53:52.234Z] > git for-each-ref --sort -committerdate --format %(refname) %(objectname) %(*objectname) [13ms]
[2022-07-09T21:53:52.236Z] > git remote --verbose [3ms]
[2022-07-09T21:53:52.249Z] > git config --get commit.template [1ms]
[2022-07-09T21:53:57.276Z] > git symbolic-ref --short HEAD [2ms]
[2022-07-09T21:53:57.287Z] > git for-each-ref --format=%(refname)%00%(upstream:short)%00%(objectname)%00%(upstream:track) refs/heads/main refs/remotes/main [3ms]
[2022-07-09T21:53:57.303Z] > git for-each-ref --sort -committerdate --format %(refname) %(objectname) %(*objectname) [9ms]
[2022-07-09T21:53:57.304Z] > git remote --verbose [2ms]
[2022-07-09T21:53:57.317Z] > git config --get commit.template [1ms]
[2022-07-09T21:54:02.343Z] > git symbolic-ref --short HEAD [3ms]
[2022-07-09T21:54:02.353Z] > git for-each-ref --format=%(refname)%00%(upstream:short)%00%(objectname)%00%(upstream:track) refs/heads/main refs/remotes/main [1ms]
[2022-07-09T21:54:02.373Z] > git for-each-ref --sort -committerdate --format %(refname) %(objectname) %(*objectname) [10ms]
[2022-07-09T21:54:02.373Z] > git remote --verbose [1ms]
[2022-07-09T21:54:02.386Z] > git config --get commit.template [1ms]
[2022-07-09T21:54:07.410Z] > git symbolic-ref --short HEAD [1ms]
[2022-07-09T21:54:07.420Z] > git for-each-ref --format=%(refname)%00%(upstream:short)%00%(objectname)%00%(upstream:track) refs/heads/main refs/remotes/main [1ms]
[2022-07-09T21:54:07.440Z] > git for-each-ref --sort -committerdate --format %(refname) %(objectname) %(*objectname) [10ms]
[2022-07-09T21:54:07.441Z] > git remote --verbose [1ms]
[2022-07-09T21:54:07.453Z] > git config --get commit.template [2ms]
[2022-07-09T21:55:43.502Z] > git symbolic-ref --short HEAD [2ms]
[2022-07-09T21:55:43.517Z] > git for-each-ref --format=%(refname)%00%(upstream:short)%00%(objectname)%00%(upstream:track) refs/heads/main refs/remotes/main [3ms]
[2022-07-09T21:55:43.542Z] > git for-each-ref --sort -committerdate --format %(refname) %(objectname) %(*objectname) [13ms]
[2022-07-09T21:55:43.547Z] > git remote --verbose [6ms]
[2022-07-09T21:55:43.562Z] > git config --get commit.template [3ms]
[2022-07-09T21:55:48.585Z] > git symbolic-ref --short HEAD [1ms]
[2022-07-09T21:55:48.596Z] > git for-each-ref --format=%(refname)%00%(upstream:short)%00%(objectname)%00%(upstream:track) refs/heads/main refs/remotes/main [1ms]
[2022-07-09T21:55:48.615Z] > git for-each-ref --sort -committerdate --format %(refname) %(objectname) %(*objectname) [10ms]
[2022-07-09T21:55:48.616Z] > git remote --verbose [2ms]
[2022-07-09T21:55:48.629Z] > git config --get commit.template [2ms]
[2022-07-09T21:55:51.578Z] > git ls-files --stage -- /home/dplepler/Documents/Projects/AtOSx64/AtOSx32/Kernel/interrupts.c [4ms]
[2022-07-09T21:55:51.590Z] > git cat-file -s 52266e58e491415a798bc0b288198197f2125fe7 [3ms]
[2022-07-09T21:55:53.655Z] > git symbolic-ref --short HEAD [2ms]
[2022-07-09T21:55:53.665Z] > git for-each-ref --format=%(refname)%00%(upstream:short)%00%(objectname)%00%(upstream:track) refs/heads/main refs/remotes/main [2ms]
[2022-07-09T21:55:53.685Z] > git for-each-ref --sort -committerdate --format %(refname) %(objectname) %(*objectname) [9ms]
[2022-07-09T21:55:53.690Z] > git remote --verbose [6ms]
[2022-07-09T21:55:53.705Z] > git config --get commit.template [4ms]
[2022-07-09T21:56:30.401Z] > git symbolic-ref --short HEAD [1ms]
[2022-07-09T21:56:30.414Z] > git for-each-ref --format=%(refname)%00%(upstream:short)%00%(objectname)%00%(upstream:track) refs/heads/main refs/remotes/main [1ms]
[2022-07-09T21:56:30.436Z] > git remote --verbose [1ms]
[2022-07-09T21:56:30.436Z] > git for-each-ref --sort -committerdate --format %(refname) %(objectname) %(*objectname) [12ms]
[2022-07-09T21:56:30.449Z] > git config --get commit.template [2ms]
[2022-07-09T21:56:35.478Z] > git symbolic-ref --short HEAD [2ms]
[2022-07-09T21:56:35.497Z] > git for-each-ref --format=%(refname)%00%(upstream:short)%00%(objectname)%00%(upstream:track) refs/heads/main refs/remotes/main [4ms]
[2022-07-09T21:56:35.525Z] > git for-each-ref --sort -committerdate --format %(refname) %(objectname) %(*objectname) [10ms]
[2022-07-09T21:56:35.526Z] > git remote --verbose [2ms]
[2022-07-09T21:56:35.542Z] > git config --get commit.template [6ms]
[2022-07-09T21:56:41.622Z] > git symbolic-ref --short HEAD [1ms]
[2022-07-09T21:56:41.638Z] > git for-each-ref --format=%(refname)%00%(upstream:short)%00%(objectname)%00%(upstream:track) refs/heads/main refs/remotes/main [2ms]
[2022-07-09T21:56:41.689Z] > git for-each-ref --sort -committerdate --format %(refname) %(objectname) %(*objectname) [23ms]
[2022-07-09T21:56:41.693Z] > git remote --verbose [7ms]
[2022-07-09T21:56:41.721Z] > git config --get commit.template [2ms]
[2022-07-09T21:56:46.745Z] > git symbolic-ref --short HEAD [2ms]
[2022-07-09T21:56:46.756Z] > git for-each-ref --format=%(refname)%00%(upstream:short)%00%(objectname)%00%(upstream:track) refs/heads/main refs/remotes/main [2ms]
[2022-07-09T21:56:46.776Z] > git for-each-ref --sort -committerdate --format %(refname) %(objectname) %(*objectname) [11ms]
[2022-07-09T21:56:46.776Z] > git remote --verbose [1ms]
[2022-07-09T21:56:46.839Z] > git config --get commit.template [11ms]
[2022-07-09T21:57:07.320Z] > git symbolic-ref --short HEAD [4ms]
[2022-07-09T21:57:07.339Z] > git for-each-ref --format=%(refname)%00%(upstream:short)%00%(objectname)%00%(upstream:track) refs/heads/main refs/remotes/main [2ms]
[2022-07-09T21:57:07.360Z] > git for-each-ref --sort -committerdate --format %(refname) %(objectname) %(*objectname) [12ms]
[2022-07-09T21:57:07.360Z] > git remote --verbose [2ms]
[2022-07-09T21:57:07.373Z] > git config --get commit.template [2ms]
[2022-07-09T21:57:48.275Z] > git symbolic-ref --short HEAD [3ms]
[2022-07-09T21:57:48.287Z] > git for-each-ref --format=%(refname)%00%(upstream:short)%00%(objectname)%00%(upstream:track) refs/heads/main refs/remotes/main [2ms]
[2022-07-09T21:57:48.316Z] > git for-each-ref --sort -committerdate --format %(refname) %(objectname) %(*objectname) [19ms]
[2022-07-09T21:57:48.317Z] > git remote --verbose [2ms]
[2022-07-09T21:57:48.338Z] > git config --get commit.template [13ms]
[2022-07-09T21:57:53.360Z] > git symbolic-ref --short HEAD [1ms]
[2022-07-09T21:57:53.370Z] > git for-each-ref --format=%(refname)%00%(upstream:short)%00%(objectname)%00%(upstream:track) refs/heads/main refs/remotes/main [1ms]
[2022-07-09T21:57:53.394Z] > git for-each-ref --sort -committerdate --format %(refname) %(objectname) %(*objectname) [15ms]
[2022-07-09T21:57:53.395Z] > git remote --verbose [2ms]
[2022-07-09T21:57:53.411Z] > git config --get commit.template [4ms]
[2022-07-09T21:57:58.433Z] > git symbolic-ref --short HEAD [1ms]
[2022-07-09T21:57:58.444Z] > git for-each-ref --format=%(refname)%00%(upstream:short)%00%(objectname)%00%(upstream:track) refs/heads/main refs/remotes/main [0ms]
[2022-07-09T21:57:58.465Z] > git for-each-ref --sort -committerdate --format %(refname) %(objectname) %(*objectname) [11ms]
[2022-07-09T21:57:58.465Z] > git remote --verbose [1ms]
[2022-07-09T21:57:58.476Z] > git config --get commit.template [1ms]
[2022-07-09T21:58:04.229Z] > git symbolic-ref --short HEAD [1ms]
[2022-07-09T21:58:04.242Z] > git for-each-ref --format=%(refname)%00%(upstream:short)%00%(objectname)%00%(upstream:track) refs/heads/main refs/remotes/main [0ms]
[2022-07-09T21:58:04.260Z] > git for-each-ref --sort -committerdate --format %(refname) %(objectname) %(*objectname) [9ms]
[2022-07-09T21:58:04.267Z] > git remote --verbose [8ms]
[2022-07-09T21:58:04.279Z] > git config --get commit.template [1ms]
[2022-07-09T21:59:00.537Z] > git ls-files --stage -- /home/dplepler/Documents/Projects/AtOSx64/AtOSx32/Kernel/interrupts.h [3ms]
[2022-07-09T21:59:00.547Z] > git cat-file -s aa70223c40f62a1cbdc9c23bdebf92e7df218d73 [2ms]
[2022-07-09T22:02:47.220Z] > git ls-files --stage -- /home/dplepler/Documents/Projects/AtOSx64/AtOSx32/Makefile [5ms]
[2022-07-09T22:02:47.229Z] > git cat-file -s 6ecee9a6f0aec7d1d0693d92b053e4d18c4da172 [2ms]
[2022-07-09T22:03:05.492Z] > git symbolic-ref --short HEAD [2ms]
[2022-07-09T22:03:05.505Z] > git for-each-ref --format=%(refname)%00%(upstream:short)%00%(objectname)%00%(upstream:track) refs/heads/main refs/remotes/main [2ms]
[2022-07-09T22:03:05.525Z] > git for-each-ref --sort -committerdate --format %(refname) %(objectname) %(*objectname) [10ms]
[2022-07-09T22:03:05.526Z] > git remote --verbose [2ms]
[2022-07-09T22:03:05.543Z] > git config --get commit.template [4ms]
[2022-07-09T22:06:10.474Z] > git ls-files --stage -- /home/dplepler/Documents/Projects/AtOSx64/AtOSx32/Kernel/interrupts.c [18ms]
[2022-07-09T22:06:10.511Z] > git cat-file -s 52266e58e491415a798bc0b288198197f2125fe7 [12ms]
[2022-07-09T22:06:15.146Z] > git ls-files --stage -- /home/dplepler/Documents/Projects/AtOSx64/AtOSx32/Kernel/kernel_keyboard.c [4ms]
[2022-07-09T22:06:15.159Z] > git cat-file -s cbfb7218baa71a730db5d29089afe789fd67fedd [2ms]
[2022-07-09T22:06:15.453Z] > git ls-files --stage -- /home/dplepler/Documents/Projects/AtOSx64/AtOSx32/Kernel/isr.asm [1ms]
[2022-07-09T22:06:15.480Z] > git cat-file -s e9b990db8d407b7ecafb9ea8cea832e340e6af01 [3ms]
[2022-07-09T22:06:31.035Z] > git symbolic-ref --short HEAD [1ms]
[2022-07-09T22:06:31.054Z] > git for-each-ref --format=%(refname)%00%(upstream:short)%00%(objectname)%00%(upstream:track) refs/heads/main refs/remotes/main [1ms]
[2022-07-09T22:06:31.094Z] > git remote --verbose [4ms]
[2022-07-09T22:06:31.094Z] > git for-each-ref --sort -committerdate --format %(refname) %(objectname) %(*objectname) [17ms]
[2022-07-09T22:06:31.129Z] > git config --get commit.template [2ms]
[2022-07-09T22:06:36.157Z] > git symbolic-ref --short HEAD [2ms]
[2022-07-09T22:06:36.169Z] > git for-each-ref --format=%(refname)%00%(upstream:short)%00%(objectname)%00%(upstream:track) refs/heads/main refs/remotes/main [2ms]
[2022-07-09T22:06:36.205Z] > git for-each-ref --sort -committerdate --format %(refname) %(objectname) %(*objectname) [21ms]
[2022-07-09T22:06:36.206Z] > git remote --verbose [3ms]
[2022-07-09T22:06:36.222Z] > git config --get commit.template [2ms]
