Logging level: Normal
Dropping various extension output files at /home/dplepler/Documents/Projects/AtOSx64/AtOSx32/.vscode
Configurations cached at /home/dplepler/Documents/Projects/AtOSx64/AtOSx32/.vscode/configurationCache.log
No path to the makefile is defined in the settings file.
No folder path to the makefile is defined in the settings file.
Always pre-configure: false
Dry-run switches: --always-make,--keep-going,--print-directory
Additional compiler names: 
Exclude compiler names: 
No current configuration is defined in the workspace state. Assuming 'Default'.
Reading current build target "DiskImages/AtOS.img" from the workspace state.
No current launch configuration is set in the workspace state.
Default launch configuration: MIMode = undefined,
                    miDebuggerPath = undefined,
                    stopAtEntry = undefined,
                    symbolSearchPath = undefined
Configure on open: true
Configure on edit: true
Configure after command: true
Only .PHONY targets: false
Save before build or configure: true
Build before launch: true
Clear output before build: true
Ignore directory commands: true
compile_commands.json path: null
Deduced command 'make ' for configuration "Default"
Saving opened files before build.
Configuring from cache: /home/dplepler/Documents/Projects/AtOSx64/AtOSx32/.vscode/configurationCache.log
Load configuration from cache elapsed time: 0.143
Generating in the background a new configuration cache with command: 'make DiskImages/AtOS.img --dry-run --always-make --keep-going --print-directory'
Writing the dry-run output: /home/dplepler/Documents/Projects/AtOSx64/AtOSx32/.vscode/dryrun.log
Generating dry-run elapsed time: 0.066
Preprocessing: "/home/dplepler/Documents/Projects/AtOSx64/AtOSx32/.vscode/dryrun.log"
Preprocess elapsed time: 0
Parsing for IntelliSense.
Updating the CppTools IntelliSense Configuration Provider.
Parsing dry-run output for CppTools Custom Configuration Provider.
Sending configuration for file /home/dplepler/Documents/Projects/AtOSx64/AtOSx32/Kernel/heap.c -----------------------------------
Sending configuration for file /home/dplepler/Documents/Projects/AtOSx64/AtOSx32/Kernel/pmm.c -----------------------------------
Sending configuration for file /home/dplepler/Documents/Projects/AtOSx64/AtOSx32/Kernel/kernel_keyboard.c -----------------------------------
Sending configuration for file /home/dplepler/Documents/Projects/AtOSx64/AtOSx32/Kernel/vmm.c -----------------------------------
Sending configuration for file /home/dplepler/Documents/Projects/AtOSx64/AtOSx32/Kernel/utils.c -----------------------------------
Sending configuration for file /home/dplepler/Documents/Projects/AtOSx64/AtOSx32/Kernel/hal.c -----------------------------------
Sending configuration for file /home/dplepler/Documents/Projects/AtOSx64/AtOSx32/Kernel/kernel.c -----------------------------------
Sending configuration for file /home/dplepler/Documents/Projects/AtOSx64/AtOSx32/Kernel/kernel_screen.c -----------------------------------
Parsing for IntelliSense elapsed time: 0.794
Parsing for launch targets.
Found the following 1 launch targets defined in the makefile: /home/dplepler/Documents/Projects/AtOSx64/AtOSx32/Kernel>kernel.bin()
Complete list of launch targets: /home/dplepler/Documents/Projects/AtOSx64/AtOSx32/Kernel>kernel.bin()
Parsing for launch targets elapsed time: 0.031
Generating parse content for build targets.
Generating targets information with command: 'make all --print-data-base --no-builtin-variables --no-builtin-rules --question'
Writing the dry-run output: /home/dplepler/Documents/Projects/AtOSx64/AtOSx32/.vscode/targets.log
Generating dry-run elapsed time: 0.134
Parsing for build targets from: "/home/dplepler/Documents/Projects/AtOSx64/AtOSx32/.vscode/targets.log"
Found the following 9 build targets defined in the makefile: DiskImages/AtOS.img;DiskImages/AtOSDebug.img;DiskImages/AtOSGDB.img;Kernel/kernel.bin;all;clean;debug;gdb;makeImg
Complete list of build targets: DiskImages/AtOS.img;DiskImages/AtOSDebug.img;DiskImages/AtOSGDB.img;Kernel/kernel.bin;all;clean;debug;gdb;makeImg
Parsing build targets elapsed time: 0.001
Configure finished. The status for all the subphases that ran:
loadFromCache: return code = 0, elapsed time = 0.143
generateParseContent: return code = 0, elapsed time = 0.066
preprocessParseContent: return code = 0, elapsed time = 0
parseIntelliSense: return code = 0, elapsed time = 0.794
parseLaunch: return code = 0, elapsed time = 0.031
dryrunTargets: return code = 1, elapsed time = 0.134
parseTargets: return code = 0, elapsed time = 0.001
Configure succeeded.
Configure elapsed time: 1.362
