[2022-07-07 10:21:58.833] [sharedprocess] [info] Deleted from disk jeff-hykin.better-cpp-syntax /home/dplepler/.vscode/extensions/jeff-hykin.better-cpp-syntax-1.15.18
[2022-07-07 10:21:59.539] [sharedprocess] [info] Deleted from disk zhuangtongfa.material-theme /home/dplepler/.vscode/extensions/zhuangtongfa.material-theme-3.15.0
[2022-07-07 10:22:00.188] [sharedprocess] [info] Starting worker process with pid 28443 (type: fileWatcher, window: 1).
[2022-07-07 10:22:00.931] [sharedprocess] [info] Deleted from disk ms-vscode-remote.remote-containers /home/dplepler/.vscode/extensions/ms-vscode-remote.remote-containers-0.238.2
[2022-07-08 09:35:43.130] [sharedprocess] [info] Getting Manifest... ms-vscode-remote.remote-containers
[2022-07-08 09:35:43.132] [sharedprocess] [info] Getting Manifest... ms-vscode.cpptools
[2022-07-08 09:35:44.191] [sharedprocess] [info] Installing extension: ms-vscode-remote.remote-containers
[2022-07-08 09:35:44.482] [sharedprocess] [info] Installing extension: ms-vscode.cpptools
[2022-07-08 09:35:47.127] [sharedprocess] [info] Downloaded extension: ms-vscode-remote.remote-containers /home/dplepler/.config/Code/CachedExtensionVSIXs/ms-vscode-remote.remote-containers-0.241.3
[2022-07-08 09:35:47.997] [sharedprocess] [info] Extracted extension to /home/dplepler/.vscode/extensions/.c4d9f19c-0144-48fe-8401-a2a5327818ba: ms-vscode-remote.remote-containers
[2022-07-08 09:35:48.009] [sharedprocess] [info] Renamed to /home/dplepler/.vscode/extensions/ms-vscode-remote.remote-containers-0.241.3
[2022-07-08 09:35:48.012] [sharedprocess] [info] Extracting completed. ms-vscode-remote.remote-containers
[2022-07-08 09:35:48.022] [sharedprocess] [info] Extension installed successfully: ms-vscode-remote.remote-containers
[2022-07-08 09:36:48.786] [sharedprocess] [info] Downloaded extension: ms-vscode.cpptools /home/dplepler/.config/Code/CachedExtensionVSIXs/ms-vscode.cpptools-1.10.8-linux-x64
[2022-07-08 09:36:54.229] [sharedprocess] [info] Extracted extension to /home/dplepler/.vscode/extensions/.99801517-79e0-4021-a1a3-7e86436c1997: ms-vscode.cpptools
[2022-07-08 09:36:54.259] [sharedprocess] [info] Renamed to /home/dplepler/.vscode/extensions/ms-vscode.cpptools-1.10.8-linux-x64
[2022-07-08 09:36:54.263] [sharedprocess] [info] Extracting completed. ms-vscode.cpptools
[2022-07-08 09:36:54.283] [sharedprocess] [info] Extension installed successfully: ms-vscode.cpptools
[2022-07-08 15:54:46.982] [sharedprocess] [warning] No ptyHost heartbeat after 6 seconds
[2022-07-08 16:35:14.974] [sharedprocess] [warning] No ptyHost heartbeat after 6 seconds
