[2022-07-05T13:30:55.179Z] Validating found git in: git
[2022-07-05T13:30:55.264Z] Using git 2.25.1 from git
[2022-07-05T13:30:55.361Z] > git rev-parse --git-dir [28ms]
[2022-07-05T13:30:55.365Z] Open repository: /home/dplepler/Documents/Projects/AtOSx64
[2022-07-05T13:30:55.555Z] > git symbolic-ref --short HEAD [39ms]
[2022-07-05T13:30:55.604Z] > git for-each-ref --format=%(refname)%00%(upstream:short)%00%(objectname)%00%(upstream:track) refs/heads/main refs/remotes/main [32ms]
[2022-07-05T13:30:55.636Z] > git for-each-ref --sort -committerdate --format %(refname) %(objectname) %(*objectname) [23ms]
[2022-07-05T13:30:55.664Z] > git remote --verbose [32ms]
[2022-07-05T13:30:55.745Z] > git config --get commit.template [52ms]
[2022-07-05T13:30:58.383Z] > git ls-files --stage -- /home/dplepler/Documents/Projects/AtOSx64/AtOSx32/Kernel/kernel.c [266ms]
[2022-07-05T13:30:58.485Z] > git cat-file -s 99a68faf1678bea3694adc2a9bce9d20f0e56271 [62ms]
[2022-07-05T13:31:03.032Z] > git symbolic-ref --short HEAD [11ms]
[2022-07-05T13:31:03.097Z] > git for-each-ref --format=%(refname)%00%(upstream:short)%00%(objectname)%00%(upstream:track) refs/heads/main refs/remotes/main [19ms]
[2022-07-05T13:31:03.160Z] > git for-each-ref --sort -committerdate --format %(refname) %(objectname) %(*objectname) [42ms]
[2022-07-05T13:31:03.176Z] > git remote --verbose [19ms]
[2022-07-05T13:31:03.245Z] > git config --get commit.template [13ms]
[2022-07-05T13:31:06.690Z] > git ls-files --stage -- /home/dplepler/Documents/Projects/AtOSx64/AtOSx32/Kernel/kernel.c [2ms]
[2022-07-05T13:31:06.766Z] > git cat-file -s 99a68faf1678bea3694adc2a9bce9d20f0e56271 [37ms]
[2022-07-05T13:31:08.282Z] > git symbolic-ref --short HEAD [5ms]
[2022-07-05T13:31:08.292Z] > git for-each-ref --format=%(refname)%00%(upstream:short)%00%(objectname)%00%(upstream:track) refs/heads/main refs/remotes/main [2ms]
[2022-07-05T13:31:08.313Z] > git for-each-ref --sort -committerdate --format %(refname) %(objectname) %(*objectname) [12ms]
[2022-07-05T13:31:08.315Z] > git remote --verbose [4ms]
[2022-07-05T13:31:08.333Z] > git config --get commit.template [4ms]
[2022-07-05T14:01:51.518Z] > git symbolic-ref --short HEAD [3ms]
[2022-07-05T14:01:51.527Z] > git for-each-ref --format=%(refname)%00%(upstream:short)%00%(objectname)%00%(upstream:track) refs/heads/main refs/remotes/main [2ms]
[2022-07-05T14:01:51.558Z] > git remote --verbose [12ms]
[2022-07-05T14:01:51.558Z] > git for-each-ref --sort -committerdate --format %(refname) %(objectname) %(*objectname) [23ms]
[2022-07-05T14:01:51.573Z] > git config --get commit.template [4ms]
[2022-07-05T14:01:57.300Z] > git symbolic-ref --short HEAD [2ms]
[2022-07-05T14:01:57.312Z] > git for-each-ref --format=%(refname)%00%(upstream:short)%00%(objectname)%00%(upstream:track) refs/heads/main refs/remotes/main [3ms]
[2022-07-05T14:01:57.347Z] > git remote --verbose [12ms]
[2022-07-05T14:01:57.348Z] > git for-each-ref --sort -committerdate --format %(refname) %(objectname) %(*objectname) [25ms]
[2022-07-05T14:01:57.368Z] > git config --get commit.template [8ms]
[2022-07-05T14:02:09.889Z] > git ls-files --stage -- /home/dplepler/Documents/Projects/AtOSx64/AtOSx32/Kernel/interrupts.h [3ms]
[2022-07-05T14:02:22.616Z] > git symbolic-ref --short HEAD [2ms]
[2022-07-05T14:02:22.626Z] > git for-each-ref --format=%(refname)%00%(upstream:short)%00%(objectname)%00%(upstream:track) refs/heads/main refs/remotes/main [2ms]
[2022-07-05T14:02:22.642Z] > git for-each-ref --sort -committerdate --format %(refname) %(objectname) %(*objectname) [9ms]
[2022-07-05T14:02:22.644Z] > git remote --verbose [3ms]
[2022-07-05T14:02:22.656Z] > git config --get commit.template [2ms]
[2022-07-05T14:02:25.358Z] > git ls-files --stage -- /home/dplepler/Documents/Projects/AtOSx64/AtOSx32/Kernel/interrupts.c [2ms]
[2022-07-05T14:02:27.685Z] > git symbolic-ref --short HEAD [2ms]
[2022-07-05T14:02:27.699Z] > git for-each-ref --format=%(refname)%00%(upstream:short)%00%(objectname)%00%(upstream:track) refs/heads/main refs/remotes/main [6ms]
[2022-07-05T14:02:27.719Z] > git for-each-ref --sort -committerdate --format %(refname) %(objectname) %(*objectname) [13ms]
[2022-07-05T14:02:27.720Z] > git remote --verbose [5ms]
[2022-07-05T14:02:27.739Z] > git config --get commit.template [2ms]
[2022-07-05T14:02:48.310Z] > git ls-files --stage -- /home/dplepler/Documents/Projects/AtOSx64/AtOSx32/Kernel/interrupts.h [2ms]
[2022-07-05T14:02:53.745Z] > git symbolic-ref --short HEAD [4ms]
[2022-07-05T14:02:53.775Z] > git for-each-ref --format=%(refname)%00%(upstream:short)%00%(objectname)%00%(upstream:track) refs/heads/main refs/remotes/main [4ms]
[2022-07-05T14:02:53.811Z] > git for-each-ref --sort -committerdate --format %(refname) %(objectname) %(*objectname) [13ms]
[2022-07-05T14:02:53.812Z] > git remote --verbose [3ms]
[2022-07-05T14:02:53.825Z] > git config --get commit.template [2ms]
[2022-07-05T14:02:58.846Z] > git symbolic-ref --short HEAD [2ms]
[2022-07-05T14:02:58.856Z] > git for-each-ref --format=%(refname)%00%(upstream:short)%00%(objectname)%00%(upstream:track) refs/heads/main refs/remotes/main [1ms]
[2022-07-05T14:02:58.874Z] > git for-each-ref --sort -committerdate --format %(refname) %(objectname) %(*objectname) [10ms]
[2022-07-05T14:02:58.875Z] > git remote --verbose [2ms]
[2022-07-05T14:02:58.885Z] > git config --get commit.template [2ms]
[2022-07-05T14:03:01.291Z] > git ls-files --stage -- /home/dplepler/Documents/Projects/AtOSx64/AtOSx32/Kernel/interrupts.h [2ms]
[2022-07-05T14:03:01.303Z] > git cat-file -s b63c907ff4b2a2b08cdba349b65e9596d5356f13 [3ms]
[2022-07-05T14:03:03.910Z] > git symbolic-ref --short HEAD [1ms]
[2022-07-05T14:03:03.921Z] > git for-each-ref --format=%(refname)%00%(upstream:short)%00%(objectname)%00%(upstream:track) refs/heads/main refs/remotes/main [2ms]
[2022-07-05T14:03:03.941Z] > git remote --verbose [2ms]
[2022-07-05T14:03:03.941Z] > git for-each-ref --sort -committerdate --format %(refname) %(objectname) %(*objectname) [12ms]
[2022-07-05T14:03:03.953Z] > git config --get commit.template [2ms]
[2022-07-05T14:03:11.377Z] > git symbolic-ref --short HEAD [2ms]
[2022-07-05T14:03:11.391Z] > git for-each-ref --format=%(refname)%00%(upstream:short)%00%(objectname)%00%(upstream:track) refs/heads/main refs/remotes/main [6ms]
[2022-07-05T14:03:11.410Z] > git for-each-ref --sort -committerdate --format %(refname) %(objectname) %(*objectname) [10ms]
[2022-07-05T14:03:11.410Z] > git remote --verbose [1ms]
[2022-07-05T14:03:11.430Z] > git config --get commit.template [4ms]
[2022-07-05T14:03:11.470Z] > git ls-files --stage -- /home/dplepler/Documents/Projects/AtOSx64/AtOSx32/Kernel/interrupts.h [2ms]
[2022-07-05T14:03:11.483Z] > git cat-file -s b63c907ff4b2a2b08cdba349b65e9596d5356f13 [1ms]
[2022-07-05T14:03:20.155Z] > git symbolic-ref --short HEAD [1ms]
[2022-07-05T14:03:20.165Z] > git for-each-ref --format=%(refname)%00%(upstream:short)%00%(objectname)%00%(upstream:track) refs/heads/main refs/remotes/main [2ms]
[2022-07-05T14:03:20.183Z] > git for-each-ref --sort -committerdate --format %(refname) %(objectname) %(*objectname) [10ms]
[2022-07-05T14:03:20.183Z] > git remote --verbose [1ms]
[2022-07-05T14:03:20.199Z] > git config --get commit.template [2ms]
[2022-07-05T14:03:20.247Z] > git ls-files --stage -- /home/dplepler/Documents/Projects/AtOSx64/AtOSx32/Kernel/interrupts.h [1ms]
[2022-07-05T14:03:20.257Z] > git cat-file -s b63c907ff4b2a2b08cdba349b65e9596d5356f13 [1ms]
[2022-07-05T14:06:26.413Z] > git symbolic-ref --short HEAD [2ms]
[2022-07-05T14:06:26.423Z] > git for-each-ref --format=%(refname)%00%(upstream:short)%00%(objectname)%00%(upstream:track) refs/heads/main refs/remotes/main [2ms]
[2022-07-05T14:06:26.442Z] > git for-each-ref --sort -committerdate --format %(refname) %(objectname) %(*objectname) [9ms]
[2022-07-05T14:06:26.442Z] > git remote --verbose [1ms]
[2022-07-05T14:06:26.456Z] > git config --get commit.template [1ms]
[2022-07-05T14:06:35.656Z] > git symbolic-ref --short HEAD [1ms]
[2022-07-05T14:06:35.666Z] > git for-each-ref --format=%(refname)%00%(upstream:short)%00%(objectname)%00%(upstream:track) refs/heads/main refs/remotes/main [1ms]
[2022-07-05T14:06:35.684Z] > git for-each-ref --sort -committerdate --format %(refname) %(objectname) %(*objectname) [9ms]
[2022-07-05T14:06:35.684Z] > git remote --verbose [1ms]
[2022-07-05T14:06:35.697Z] > git config --get commit.template [1ms]
[2022-07-05T14:06:45.352Z] > git symbolic-ref --short HEAD [2ms]
[2022-07-05T14:06:45.362Z] > git for-each-ref --format=%(refname)%00%(upstream:short)%00%(objectname)%00%(upstream:track) refs/heads/main refs/remotes/main [2ms]
[2022-07-05T14:06:45.379Z] > git for-each-ref --sort -committerdate --format %(refname) %(objectname) %(*objectname) [9ms]
[2022-07-05T14:06:45.381Z] > git remote --verbose [4ms]
[2022-07-05T14:06:45.392Z] > git config --get commit.template [3ms]
[2022-07-05T14:06:53.066Z] > git symbolic-ref --short HEAD [2ms]
[2022-07-05T14:06:53.079Z] > git for-each-ref --format=%(refname)%00%(upstream:short)%00%(objectname)%00%(upstream:track) refs/heads/main refs/remotes/main [3ms]
[2022-07-05T14:06:53.094Z] > git for-each-ref --sort -committerdate --format %(refname) %(objectname) %(*objectname) [8ms]
[2022-07-05T14:06:53.096Z] > git remote --verbose [3ms]
[2022-07-05T14:06:53.107Z] > git config --get commit.template [1ms]
[2022-07-05T14:07:05.234Z] > git symbolic-ref --short HEAD [1ms]
[2022-07-05T14:07:05.247Z] > git for-each-ref --format=%(refname)%00%(upstream:short)%00%(objectname)%00%(upstream:track) refs/heads/main refs/remotes/main [3ms]
[2022-07-05T14:07:05.262Z] > git for-each-ref --sort -committerdate --format %(refname) %(objectname) %(*objectname) [8ms]
[2022-07-05T14:07:05.263Z] > git remote --verbose [2ms]
[2022-07-05T14:07:05.275Z] > git config --get commit.template [2ms]
[2022-07-05T14:07:35.929Z] > git symbolic-ref --short HEAD [1ms]
[2022-07-05T14:07:35.939Z] > git for-each-ref --format=%(refname)%00%(upstream:short)%00%(objectname)%00%(upstream:track) refs/heads/main refs/remotes/main [1ms]
[2022-07-05T14:07:35.957Z] > git for-each-ref --sort -committerdate --format %(refname) %(objectname) %(*objectname) [9ms]
[2022-07-05T14:07:35.957Z] > git remote --verbose [1ms]
[2022-07-05T14:07:35.971Z] > git config --get commit.template [1ms]
[2022-07-05T14:07:47.944Z] > git symbolic-ref --short HEAD [1ms]
[2022-07-05T14:07:47.958Z] > git for-each-ref --format=%(refname)%00%(upstream:short)%00%(objectname)%00%(upstream:track) refs/heads/main refs/remotes/main [4ms]
[2022-07-05T14:07:47.976Z] > git for-each-ref --sort -committerdate --format %(refname) %(objectname) %(*objectname) [9ms]
[2022-07-05T14:07:47.977Z] > git remote --verbose [2ms]
[2022-07-05T14:07:47.990Z] > git config --get commit.template [1ms]
[2022-07-05T14:07:53.020Z] > git symbolic-ref --short HEAD [2ms]
[2022-07-05T14:07:53.036Z] > git for-each-ref --format=%(refname)%00%(upstream:short)%00%(objectname)%00%(upstream:track) refs/heads/main refs/remotes/main [3ms]
[2022-07-05T14:07:53.055Z] > git for-each-ref --sort -committerdate --format %(refname) %(objectname) %(*objectname) [7ms]
[2022-07-05T14:07:53.056Z] > git remote --verbose [2ms]
[2022-07-05T14:07:53.067Z] > git config --get commit.template [2ms]
[2022-07-05T14:07:54.729Z] > git ls-files --stage -- /home/dplepler/Documents/Projects/AtOSx64/AtOSx32/Kernel/utils.h [3ms]
[2022-07-05T14:07:54.743Z] > git cat-file -s 64291c93b21bc31963499f966bfd1c9e19523f08 [3ms]
[2022-07-05T14:07:55.197Z] > git ls-files --stage -- /home/dplepler/Documents/Projects/AtOSx64/AtOSx32/Kernel/vmm.c [5ms]
[2022-07-05T14:07:55.215Z] > git cat-file -s 9374acbe997480e802ac5bf047ef9e63fbbe19b1 [6ms]
[2022-07-05T14:07:56.410Z] > git ls-files --stage -- /home/dplepler/Documents/Projects/AtOSx64/AtOSx32/Kernel/vmm.h [2ms]
[2022-07-05T14:07:56.424Z] > git cat-file -s 2f9f89972c9066539cd39cfd059522ba3440855b [0ms]
[2022-07-05T14:08:00.047Z] > git ls-files --stage -- /home/dplepler/Documents/Projects/AtOSx64/AtOSx32/Kernel/pmm.h [4ms]
[2022-07-05T14:08:00.059Z] > git cat-file -s 1866df3cac5b8968879fe731412b48e1b0a415f0 [2ms]
[2022-07-05T14:08:09.311Z] > git ls-files --stage -- /home/dplepler/Documents/Projects/AtOSx64/AtOSx32/Kernel/interrupts.h [4ms]
[2022-07-05T14:08:09.321Z] > git cat-file -s b63c907ff4b2a2b08cdba349b65e9596d5356f13 [2ms]
[2022-07-05T14:08:13.824Z] > git symbolic-ref --short HEAD [1ms]
[2022-07-05T14:08:13.834Z] > git for-each-ref --format=%(refname)%00%(upstream:short)%00%(objectname)%00%(upstream:track) refs/heads/main refs/remotes/main [1ms]
[2022-07-05T14:08:13.850Z] > git for-each-ref --sort -committerdate --format %(refname) %(objectname) %(*objectname) [8ms]
[2022-07-05T14:08:13.850Z] > git remote --verbose [1ms]
[2022-07-05T14:08:13.861Z] > git config --get commit.template [2ms]
[2022-07-05T14:08:19.429Z] > git symbolic-ref --short HEAD [2ms]
[2022-07-05T14:08:19.439Z] > git for-each-ref --format=%(refname)%00%(upstream:short)%00%(objectname)%00%(upstream:track) refs/heads/main refs/remotes/main [0ms]
[2022-07-05T14:08:19.457Z] > git for-each-ref --sort -committerdate --format %(refname) %(objectname) %(*objectname) [10ms]
[2022-07-05T14:08:19.457Z] > git remote --verbose [1ms]
[2022-07-05T14:08:19.469Z] > git config --get commit.template [1ms]
[2022-07-05T15:44:01.092Z] > git symbolic-ref --short HEAD [1ms]
[2022-07-05T15:44:01.107Z] > git for-each-ref --format=%(refname)%00%(upstream:short)%00%(objectname)%00%(upstream:track) refs/heads/main refs/remotes/main [1ms]
[2022-07-05T15:44:01.130Z] > git for-each-ref --sort -committerdate --format %(refname) %(objectname) %(*objectname) [9ms]
[2022-07-05T15:44:01.132Z] > git remote --verbose [3ms]
[2022-07-05T15:44:01.144Z] > git config --get commit.template [2ms]
[2022-07-05T15:44:03.296Z] > git ls-files --stage -- /home/dplepler/Documents/Projects/AtOSx64/AtOSx32/Kernel/hal.h [3ms]
[2022-07-05T15:44:03.306Z] > git cat-file -s cd52dc117bef54ae80aeb0ac6f49fd9634dd5f3e [2ms]
[2022-07-05T15:44:20.390Z] > git symbolic-ref --short HEAD [3ms]
[2022-07-05T15:44:20.402Z] > git for-each-ref --format=%(refname)%00%(upstream:short)%00%(objectname)%00%(upstream:track) refs/heads/main refs/remotes/main [3ms]
[2022-07-05T15:44:20.422Z] > git for-each-ref --sort -committerdate --format %(refname) %(objectname) %(*objectname) [10ms]
[2022-07-05T15:44:20.422Z] > git remote --verbose [1ms]
[2022-07-05T15:44:20.434Z] > git config --get commit.template [3ms]
[2022-07-05T15:44:25.892Z] > git symbolic-ref --short HEAD [2ms]
[2022-07-05T15:44:25.904Z] > git for-each-ref --format=%(refname)%00%(upstream:short)%00%(objectname)%00%(upstream:track) refs/heads/main refs/remotes/main [2ms]
[2022-07-05T15:44:25.922Z] > git for-each-ref --sort -committerdate --format %(refname) %(objectname) %(*objectname) [9ms]
[2022-07-05T15:44:25.923Z] > git remote --verbose [2ms]
[2022-07-05T15:44:25.935Z] > git config --get commit.template [2ms]
[2022-07-05T15:44:30.963Z] > git symbolic-ref --short HEAD [3ms]
[2022-07-05T15:44:30.979Z] > git for-each-ref --format=%(refname)%00%(upstream:short)%00%(objectname)%00%(upstream:track) refs/heads/main refs/remotes/main [5ms]
[2022-07-05T15:44:30.997Z] > git for-each-ref --sort -committerdate --format %(refname) %(objectname) %(*objectname) [9ms]
[2022-07-05T15:44:30.997Z] > git remote --verbose [1ms]
[2022-07-05T15:44:31.014Z] > git config --get commit.template [2ms]
[2022-07-05T15:44:36.773Z] > git symbolic-ref --short HEAD [2ms]
[2022-07-05T15:44:36.787Z] > git for-each-ref --format=%(refname)%00%(upstream:short)%00%(objectname)%00%(upstream:track) refs/heads/main refs/remotes/main [5ms]
[2022-07-05T15:44:36.802Z] > git for-each-ref --sort -committerdate --format %(refname) %(objectname) %(*objectname) [7ms]
[2022-07-05T15:44:36.802Z] > git remote --verbose [1ms]
[2022-07-05T15:44:36.814Z] > git config --get commit.template [1ms]
[2022-07-05T15:50:43.611Z] > git ls-files --stage -- /home/dplepler/Documents/Projects/AtOSx64/AtOSx32/Kernel/hal.c [5ms]
[2022-07-05T15:50:43.623Z] > git cat-file -s 9a29ad9ecfb35da153e63254e7912e6365cb5afc [3ms]
[2022-07-05T15:51:10.719Z] > git ls-files --stage -- /home/dplepler/Documents/Projects/AtOSx64/AtOSx32/Kernel/hal.h [4ms]
[2022-07-05T15:51:10.732Z] > git cat-file -s cd52dc117bef54ae80aeb0ac6f49fd9634dd5f3e [3ms]
[2022-07-05T15:51:15.050Z] > git symbolic-ref --short HEAD [1ms]
[2022-07-05T15:51:15.061Z] > git for-each-ref --format=%(refname)%00%(upstream:short)%00%(objectname)%00%(upstream:track) refs/heads/main refs/remotes/main [2ms]
[2022-07-05T15:51:15.079Z] > git for-each-ref --sort -committerdate --format %(refname) %(objectname) %(*objectname) [10ms]
[2022-07-05T15:51:15.080Z] > git remote --verbose [1ms]
[2022-07-05T15:51:15.093Z] > git config --get commit.template [2ms]
[2022-07-05T15:51:16.271Z] > git ls-files --stage -- /home/dplepler/Documents/Projects/AtOSx64/AtOSx32/Kernel/heap.c [2ms]
[2022-07-05T15:51:16.286Z] > git cat-file -s 068610a1c5efb478ca0d304b9425db17ed065479 [4ms]
[2022-07-05T15:51:17.660Z] > git ls-files --stage -- /home/dplepler/Documents/Projects/AtOSx64/AtOSx32/Kernel/hal.h [5ms]
[2022-07-05T15:51:17.670Z] > git cat-file -s cd52dc117bef54ae80aeb0ac6f49fd9634dd5f3e [2ms]
[2022-07-05T15:51:18.065Z] > git ls-files --stage -- /home/dplepler/Documents/Projects/AtOSx64/AtOSx32/Kernel/hal.c [0ms]
[2022-07-05T15:51:18.077Z] > git cat-file -s 9a29ad9ecfb35da153e63254e7912e6365cb5afc [3ms]
[2022-07-05T15:51:21.761Z] > git ls-files --stage -- /home/dplepler/Documents/Projects/AtOSx64/AtOSx32/Kernel/hal.h [4ms]
[2022-07-05T15:51:21.774Z] > git cat-file -s cd52dc117bef54ae80aeb0ac6f49fd9634dd5f3e [4ms]
[2022-07-05T15:52:31.559Z] > git symbolic-ref --short HEAD [2ms]
[2022-07-05T15:52:31.569Z] > git for-each-ref --format=%(refname)%00%(upstream:short)%00%(objectname)%00%(upstream:track) refs/heads/main refs/remotes/main [2ms]
[2022-07-05T15:52:31.587Z] > git for-each-ref --sort -committerdate --format %(refname) %(objectname) %(*objectname) [9ms]
[2022-07-05T15:52:31.587Z] > git remote --verbose [1ms]
[2022-07-05T15:52:31.599Z] > git config --get commit.template [1ms]
[2022-07-05T15:56:39.791Z] > git symbolic-ref --short HEAD [1ms]
[2022-07-05T15:56:39.810Z] > git for-each-ref --format=%(refname)%00%(upstream:short)%00%(objectname)%00%(upstream:track) refs/heads/main refs/remotes/main [9ms]
[2022-07-05T15:56:39.831Z] > git for-each-ref --sort -committerdate --format %(refname) %(objectname) %(*objectname) [12ms]
[2022-07-05T15:56:39.833Z] > git remote --verbose [4ms]
[2022-07-05T15:56:39.844Z] > git config --get commit.template [2ms]
[2022-07-05T15:56:39.894Z] > git ls-files --stage -- /home/dplepler/Documents/Projects/AtOSx64/AtOSx32/Kernel/hal.h [13ms]
[2022-07-05T15:56:39.927Z] > git cat-file -s 9e3ac706a4b301300028e049ce6d2c41c7732317 [14ms]
[2022-07-05T15:56:44.865Z] > git symbolic-ref --short HEAD [1ms]
[2022-07-05T15:56:44.877Z] > git for-each-ref --format=%(refname)%00%(upstream:short)%00%(objectname)%00%(upstream:track) refs/heads/main refs/remotes/main [2ms]
[2022-07-05T15:56:44.896Z] > git for-each-ref --sort -committerdate --format %(refname) %(objectname) %(*objectname) [10ms]
[2022-07-05T15:56:44.896Z] > git remote --verbose [1ms]
[2022-07-05T15:56:44.912Z] > git config --get commit.template [2ms]
[2022-07-06T17:24:13.572Z] > git symbolic-ref --short HEAD [4ms]
[2022-07-06T17:24:13.593Z] > git for-each-ref --format=%(refname)%00%(upstream:short)%00%(objectname)%00%(upstream:track) refs/heads/main refs/remotes/main [4ms]
[2022-07-06T17:24:13.621Z] > git for-each-ref --sort -committerdate --format %(refname) %(objectname) %(*objectname) [14ms]
[2022-07-06T17:24:13.623Z] > git remote --verbose [3ms]
[2022-07-06T17:24:13.645Z] > git config --get commit.template [6ms]
[2022-07-06T17:24:18.138Z] > git ls-files --stage -- /home/dplepler/Documents/Projects/AtOSx64/AtOSx32/Kernel/interrupts.h [3ms]
[2022-07-06T17:24:18.158Z] > git cat-file -s f13b063edbd820b77a30a9eefa00d5f64c067eca [3ms]
[2022-07-06T17:44:54.845Z] > git symbolic-ref --short HEAD [1ms]
[2022-07-06T17:44:54.861Z] > git for-each-ref --format=%(refname)%00%(upstream:short)%00%(objectname)%00%(upstream:track) refs/heads/main refs/remotes/main [2ms]
[2022-07-06T17:44:54.885Z] > git for-each-ref --sort -committerdate --format %(refname) %(objectname) %(*objectname) [12ms]
[2022-07-06T17:44:54.905Z] > git remote --verbose [21ms]
[2022-07-06T17:44:54.940Z] > git config --get commit.template [2ms]
[2022-07-06T17:45:00.408Z] > git symbolic-ref --short HEAD [3ms]
[2022-07-06T17:45:00.426Z] > git for-each-ref --format=%(refname)%00%(upstream:short)%00%(objectname)%00%(upstream:track) refs/heads/main refs/remotes/main [1ms]
[2022-07-06T17:45:00.452Z] > git for-each-ref --sort -committerdate --format %(refname) %(objectname) %(*objectname) [13ms]
[2022-07-06T17:45:00.452Z] > git remote --verbose [1ms]
[2022-07-06T17:45:00.467Z] > git config --get commit.template [1ms]
[2022-07-06T17:45:11.010Z] > git symbolic-ref --short HEAD [2ms]
[2022-07-06T17:45:11.024Z] > git for-each-ref --format=%(refname)%00%(upstream:short)%00%(objectname)%00%(upstream:track) refs/heads/main refs/remotes/main [2ms]
[2022-07-06T17:45:11.051Z] > git for-each-ref --sort -committerdate --format %(refname) %(objectname) %(*objectname) [14ms]
[2022-07-06T17:45:11.052Z] > git remote --verbose [1ms]
[2022-07-06T17:45:11.068Z] > git config --get commit.template [1ms]
[2022-07-06T17:45:20.088Z] > git symbolic-ref --short HEAD [4ms]
[2022-07-06T17:45:20.103Z] > git for-each-ref --format=%(refname)%00%(upstream:short)%00%(objectname)%00%(upstream:track) refs/heads/main refs/remotes/main [2ms]
[2022-07-06T17:45:20.130Z] > git for-each-ref --sort -committerdate --format %(refname) %(objectname) %(*objectname) [14ms]
[2022-07-06T17:45:20.130Z] > git remote --verbose [1ms]
[2022-07-06T17:45:20.148Z] > git config --get commit.template [2ms]
[2022-07-06T17:45:25.179Z] > git symbolic-ref --short HEAD [1ms]
[2022-07-06T17:45:25.194Z] > git for-each-ref --format=%(refname)%00%(upstream:short)%00%(objectname)%00%(upstream:track) refs/heads/main refs/remotes/main [1ms]
[2022-07-06T17:45:25.221Z] > git remote --verbose [1ms]
[2022-07-06T17:45:25.222Z] > git for-each-ref --sort -committerdate --format %(refname) %(objectname) %(*objectname) [15ms]
[2022-07-06T17:45:25.240Z] > git config --get commit.template [1ms]
[2022-07-06T17:45:30.271Z] > git symbolic-ref --short HEAD [2ms]
[2022-07-06T17:45:30.286Z] > git for-each-ref --format=%(refname)%00%(upstream:short)%00%(objectname)%00%(upstream:track) refs/heads/main refs/remotes/main [2ms]
[2022-07-06T17:45:30.314Z] > git for-each-ref --sort -committerdate --format %(refname) %(objectname) %(*objectname) [15ms]
[2022-07-06T17:45:30.314Z] > git remote --verbose [2ms]
[2022-07-06T17:45:30.334Z] > git config --get commit.template [1ms]
[2022-07-06T17:46:17.374Z] > git symbolic-ref --short HEAD [2ms]
[2022-07-06T17:46:17.388Z] > git for-each-ref --format=%(refname)%00%(upstream:short)%00%(objectname)%00%(upstream:track) refs/heads/main refs/remotes/main [1ms]
[2022-07-06T17:46:17.416Z] > git for-each-ref --sort -committerdate --format %(refname) %(objectname) %(*objectname) [14ms]
[2022-07-06T17:46:17.417Z] > git remote --verbose [3ms]
[2022-07-06T17:46:17.434Z] > git config --get commit.template [1ms]
[2022-07-06T17:46:22.467Z] > git symbolic-ref --short HEAD [2ms]
[2022-07-06T17:46:22.482Z] > git for-each-ref --format=%(refname)%00%(upstream:short)%00%(objectname)%00%(upstream:track) refs/heads/main refs/remotes/main [2ms]
[2022-07-06T17:46:22.509Z] > git remote --verbose [2ms]
[2022-07-06T17:46:22.510Z] > git for-each-ref --sort -committerdate --format %(refname) %(objectname) %(*objectname) [16ms]
[2022-07-06T17:46:22.528Z] > git config --get commit.template [5ms]
[2022-07-06T17:46:49.465Z] > git symbolic-ref --short HEAD [2ms]
[2022-07-06T17:46:49.485Z] > git for-each-ref --format=%(refname)%00%(upstream:short)%00%(objectname)%00%(upstream:track) refs/heads/main refs/remotes/main [2ms]
[2022-07-06T17:46:49.509Z] > git for-each-ref --sort -committerdate --format %(refname) %(objectname) %(*objectname) [11ms]
[2022-07-06T17:46:49.514Z] > git remote --verbose [5ms]
[2022-07-06T17:46:49.532Z] > git config --get commit.template [2ms]
[2022-07-06T17:46:54.569Z] > git symbolic-ref --short HEAD [2ms]
[2022-07-06T17:46:54.586Z] > git for-each-ref --format=%(refname)%00%(upstream:short)%00%(objectname)%00%(upstream:track) refs/heads/main refs/remotes/main [3ms]
[2022-07-06T17:46:54.615Z] > git for-each-ref --sort -committerdate --format %(refname) %(objectname) %(*objectname) [14ms]
[2022-07-06T17:46:54.616Z] > git remote --verbose [2ms]
[2022-07-06T17:46:54.635Z] > git config --get commit.template [4ms]
[2022-07-06T17:47:07.416Z] > git symbolic-ref --short HEAD [1ms]
[2022-07-06T17:47:07.433Z] > git for-each-ref --format=%(refname)%00%(upstream:short)%00%(objectname)%00%(upstream:track) refs/heads/main refs/remotes/main [2ms]
[2022-07-06T17:47:07.460Z] > git for-each-ref --sort -committerdate --format %(refname) %(objectname) %(*objectname) [14ms]
[2022-07-06T17:47:07.460Z] > git remote --verbose [1ms]
[2022-07-06T17:47:07.478Z] > git config --get commit.template [2ms]
[2022-07-06T17:47:19.856Z] > git symbolic-ref --short HEAD [2ms]
[2022-07-06T17:47:19.877Z] > git for-each-ref --format=%(refname)%00%(upstream:short)%00%(objectname)%00%(upstream:track) refs/heads/main refs/remotes/main [2ms]
[2022-07-06T17:47:19.906Z] > git for-each-ref --sort -committerdate --format %(refname) %(objectname) %(*objectname) [14ms]
[2022-07-06T17:47:19.907Z] > git remote --verbose [2ms]
[2022-07-06T17:47:19.929Z] > git config --get commit.template [1ms]
[2022-07-06T18:08:07.652Z] > git symbolic-ref --short HEAD [2ms]
[2022-07-06T18:08:07.670Z] > git for-each-ref --format=%(refname)%00%(upstream:short)%00%(objectname)%00%(upstream:track) refs/heads/main refs/remotes/main [3ms]
[2022-07-06T18:08:07.700Z] > git for-each-ref --sort -committerdate --format %(refname) %(objectname) %(*objectname) [16ms]
[2022-07-06T18:08:07.700Z] > git remote --verbose [1ms]
[2022-07-06T18:08:07.720Z] > git config --get commit.template [1ms]
[2022-07-06T18:08:16.137Z] > git symbolic-ref --short HEAD [2ms]
[2022-07-06T18:08:16.152Z] > git for-each-ref --format=%(refname)%00%(upstream:short)%00%(objectname)%00%(upstream:track) refs/heads/main refs/remotes/main [2ms]
[2022-07-06T18:08:16.179Z] > git for-each-ref --sort -committerdate --format %(refname) %(objectname) %(*objectname) [13ms]
[2022-07-06T18:08:16.179Z] > git remote --verbose [1ms]
[2022-07-06T18:08:16.198Z] > git config --get commit.template [1ms]
[2022-07-06T18:08:24.961Z] > git symbolic-ref --short HEAD [2ms]
[2022-07-06T18:08:24.978Z] > git for-each-ref --format=%(refname)%00%(upstream:short)%00%(objectname)%00%(upstream:track) refs/heads/main refs/remotes/main [4ms]
[2022-07-06T18:08:25.008Z] > git for-each-ref --sort -committerdate --format %(refname) %(objectname) %(*objectname) [13ms]
[2022-07-06T18:08:25.010Z] > git remote --verbose [3ms]
[2022-07-06T18:08:25.026Z] > git config --get commit.template [1ms]
[2022-07-06T18:22:00.858Z] > git symbolic-ref --short HEAD [1ms]
[2022-07-06T18:22:00.874Z] > git for-each-ref --format=%(refname)%00%(upstream:short)%00%(objectname)%00%(upstream:track) refs/heads/main refs/remotes/main [1ms]
[2022-07-06T18:22:00.901Z] > git for-each-ref --sort -committerdate --format %(refname) %(objectname) %(*objectname) [14ms]
[2022-07-06T18:22:00.902Z] > git remote --verbose [1ms]
[2022-07-06T18:22:00.920Z] > git config --get commit.template [2ms]
[2022-07-06T18:24:29.403Z] > git symbolic-ref --short HEAD [1ms]
[2022-07-06T18:24:29.417Z] > git for-each-ref --format=%(refname)%00%(upstream:short)%00%(objectname)%00%(upstream:track) refs/heads/main refs/remotes/main [1ms]
[2022-07-06T18:24:29.445Z] > git for-each-ref --sort -committerdate --format %(refname) %(objectname) %(*objectname) [14ms]
[2022-07-06T18:24:29.446Z] > git remote --verbose [2ms]
[2022-07-06T18:24:29.463Z] > git config --get commit.template [2ms]
[2022-07-06T18:24:35.353Z] > git symbolic-ref --short HEAD [2ms]
[2022-07-06T18:24:35.367Z] > git for-each-ref --format=%(refname)%00%(upstream:short)%00%(objectname)%00%(upstream:track) refs/heads/main refs/remotes/main [1ms]
[2022-07-06T18:24:35.400Z] > git for-each-ref --sort -committerdate --format %(refname) %(objectname) %(*objectname) [19ms]
[2022-07-06T18:24:35.401Z] > git remote --verbose [2ms]
[2022-07-06T18:24:35.422Z] > git config --get commit.template [3ms]
[2022-07-06T18:24:56.413Z] > git symbolic-ref --short HEAD [1ms]
[2022-07-06T18:24:56.429Z] > git for-each-ref --format=%(refname)%00%(upstream:short)%00%(objectname)%00%(upstream:track) refs/heads/main refs/remotes/main [3ms]
[2022-07-06T18:24:56.457Z] > git for-each-ref --sort -committerdate --format %(refname) %(objectname) %(*objectname) [15ms]
[2022-07-06T18:24:56.457Z] > git remote --verbose [1ms]
[2022-07-06T18:24:56.475Z] > git config --get commit.template [1ms]
[2022-07-06T18:25:04.881Z] > git symbolic-ref --short HEAD [1ms]
[2022-07-06T18:25:04.897Z] > git for-each-ref --format=%(refname)%00%(upstream:short)%00%(objectname)%00%(upstream:track) refs/heads/main refs/remotes/main [2ms]
[2022-07-06T18:25:04.927Z] > git for-each-ref --sort -committerdate --format %(refname) %(objectname) %(*objectname) [15ms]
[2022-07-06T18:25:04.927Z] > git remote --verbose [1ms]
[2022-07-06T18:25:04.945Z] > git config --get commit.template [3ms]
[2022-07-06T18:25:10.018Z] > git symbolic-ref --short HEAD [1ms]
[2022-07-06T18:25:10.033Z] > git for-each-ref --format=%(refname)%00%(upstream:short)%00%(objectname)%00%(upstream:track) refs/heads/main refs/remotes/main [1ms]
[2022-07-06T18:25:10.063Z] > git for-each-ref --sort -committerdate --format %(refname) %(objectname) %(*objectname) [16ms]
[2022-07-06T18:25:10.067Z] > git remote --verbose [6ms]
[2022-07-06T18:25:10.088Z] > git config --get commit.template [2ms]
[2022-07-06T18:25:15.122Z] > git symbolic-ref --short HEAD [2ms]
[2022-07-06T18:25:15.138Z] > git for-each-ref --format=%(refname)%00%(upstream:short)%00%(objectname)%00%(upstream:track) refs/heads/main refs/remotes/main [2ms]
[2022-07-06T18:25:15.166Z] > git for-each-ref --sort -committerdate --format %(refname) %(objectname) %(*objectname) [15ms]
[2022-07-06T18:25:15.166Z] > git remote --verbose [1ms]
[2022-07-06T18:25:15.183Z] > git config --get commit.template [1ms]
[2022-07-06T18:25:20.215Z] > git symbolic-ref --short HEAD [1ms]
[2022-07-06T18:25:20.230Z] > git for-each-ref --format=%(refname)%00%(upstream:short)%00%(objectname)%00%(upstream:track) refs/heads/main refs/remotes/main [2ms]
[2022-07-06T18:25:20.258Z] > git for-each-ref --sort -committerdate --format %(refname) %(objectname) %(*objectname) [14ms]
[2022-07-06T18:25:20.258Z] > git remote --verbose [1ms]
[2022-07-06T18:25:20.276Z] > git config --get commit.template [1ms]
[2022-07-06T18:25:26.878Z] > git symbolic-ref --short HEAD [1ms]
[2022-07-06T18:25:26.895Z] > git for-each-ref --format=%(refname)%00%(upstream:short)%00%(objectname)%00%(upstream:track) refs/heads/main refs/remotes/main [4ms]
[2022-07-06T18:25:26.928Z] > git for-each-ref --sort -committerdate --format %(refname) %(objectname) %(*objectname) [19ms]
[2022-07-06T18:25:26.930Z] > git remote --verbose [3ms]
[2022-07-06T18:25:26.947Z] > git config --get commit.template [2ms]
[2022-07-06T18:25:31.979Z] > git symbolic-ref --short HEAD [1ms]
[2022-07-06T18:25:31.996Z] > git for-each-ref --format=%(refname)%00%(upstream:short)%00%(objectname)%00%(upstream:track) refs/heads/main refs/remotes/main [3ms]
[2022-07-06T18:25:32.026Z] > git for-each-ref --sort -committerdate --format %(refname) %(objectname) %(*objectname) [15ms]
[2022-07-06T18:25:32.027Z] > git remote --verbose [2ms]
[2022-07-06T18:25:32.046Z] > git config --get commit.template [2ms]
[2022-07-06T18:25:37.078Z] > git symbolic-ref --short HEAD [1ms]
[2022-07-06T18:25:37.095Z] > git for-each-ref --format=%(refname)%00%(upstream:short)%00%(objectname)%00%(upstream:track) refs/heads/main refs/remotes/main [3ms]
[2022-07-06T18:25:37.123Z] > git for-each-ref --sort -committerdate --format %(refname) %(objectname) %(*objectname) [15ms]
[2022-07-06T18:25:37.123Z] > git remote --verbose [1ms]
[2022-07-06T18:25:37.140Z] > git config --get commit.template [1ms]
[2022-07-06T18:30:40.798Z] > git symbolic-ref --short HEAD [1ms]
[2022-07-06T18:30:40.821Z] > git for-each-ref --format=%(refname)%00%(upstream:short)%00%(objectname)%00%(upstream:track) refs/heads/main refs/remotes/main [2ms]
[2022-07-06T18:30:40.877Z] > git for-each-ref --sort -committerdate --format %(refname) %(objectname) %(*objectname) [30ms]
[2022-07-06T18:30:40.883Z] > git remote --verbose [8ms]
[2022-07-06T18:30:40.904Z] > git config --get commit.template [3ms]
[2022-07-06T18:45:42.123Z] > git symbolic-ref --short HEAD [1ms]
[2022-07-06T18:45:42.139Z] > git for-each-ref --format=%(refname)%00%(upstream:short)%00%(objectname)%00%(upstream:track) refs/heads/main refs/remotes/main [2ms]
[2022-07-06T18:45:42.169Z] > git for-each-ref --sort -committerdate --format %(refname) %(objectname) %(*objectname) [16ms]
[2022-07-06T18:45:42.169Z] > git remote --verbose [1ms]
[2022-07-06T18:45:42.200Z] > git config --get commit.template [2ms]
[2022-07-06T18:45:42.223Z] > git ls-files --stage -- /home/dplepler/Documents/Projects/AtOSx64/AtOSx32/Kernel/interrupts.h [1ms]
[2022-07-06T18:45:42.240Z] > git cat-file -s ff3f18f12f2ab4575025453f8fdc0c1f168e1863 [2ms]
[2022-07-06T18:46:07.740Z] > git symbolic-ref --short HEAD [2ms]
[2022-07-06T18:46:07.755Z] > git for-each-ref --format=%(refname)%00%(upstream:short)%00%(objectname)%00%(upstream:track) refs/heads/main refs/remotes/main [2ms]
[2022-07-06T18:46:07.780Z] > git for-each-ref --sort -committerdate --format %(refname) %(objectname) %(*objectname) [12ms]
[2022-07-06T18:46:07.782Z] > git remote --verbose [2ms]
[2022-07-06T18:46:07.826Z] > git config --get commit.template [3ms]
[2022-07-06T18:46:07.845Z] > git ls-files --stage -- /home/dplepler/Documents/Projects/AtOSx64/AtOSx32/Kernel/interrupts.h [1ms]
[2022-07-06T18:46:07.861Z] > git cat-file -s ff3f18f12f2ab4575025453f8fdc0c1f168e1863 [0ms]
[2022-07-06T18:46:14.634Z] > git symbolic-ref --short HEAD [1ms]
[2022-07-06T18:46:14.650Z] > git for-each-ref --format=%(refname)%00%(upstream:short)%00%(objectname)%00%(upstream:track) refs/heads/main refs/remotes/main [2ms]
[2022-07-06T18:46:14.675Z] > git for-each-ref --sort -committerdate --format %(refname) %(objectname) %(*objectname) [13ms]
[2022-07-06T18:46:14.676Z] > git remote --verbose [2ms]
[2022-07-06T18:46:14.698Z] > git config --get commit.template [2ms]
[2022-07-06T18:46:14.722Z] > git ls-files --stage -- /home/dplepler/Documents/Projects/AtOSx64/AtOSx32/Kernel/interrupts.h [1ms]
[2022-07-06T18:46:14.738Z] > git cat-file -s ff3f18f12f2ab4575025453f8fdc0c1f168e1863 [2ms]
[2022-07-06T20:31:57.058Z] > git ls-files --stage -- /home/dplepler/Documents/Projects/AtOSx64/AtOSx32/Bootload/stage0.asm [17ms]
[2022-07-06T20:31:57.113Z] > git cat-file -s aeb1f785d6f52846c8d4e55d5a1ab4d0bd7524c1 [2ms]
[2022-07-06T20:31:57.781Z] > git ls-files --stage -- /home/dplepler/Documents/Projects/AtOSx64/AtOSx32/Bootload/GDT.asm [7ms]
[2022-07-06T20:31:57.800Z] > git cat-file -s 883a212def2e47024f24f377d5b87a1cecc9227e [3ms]
[2022-07-06T20:36:23.233Z] > git ls-files --stage -- /home/dplepler/Documents/Projects/AtOSx64/AtOSx32/Kernel/kernel.c [10ms]
[2022-07-06T20:36:23.263Z] > git cat-file -s 92c1b015b8bfbb2c09861a87408a944ba0a800f2 [0ms]
[2022-07-06T21:14:08.410Z] > git ls-files --stage -- /home/dplepler/Documents/Projects/AtOSx64/AtOSx32/Kernel/heap.c [4ms]
[2022-07-06T21:14:08.432Z] > git cat-file -s 068610a1c5efb478ca0d304b9425db17ed065479 [2ms]
[2022-07-06T21:14:09.342Z] > git ls-files --stage -- /home/dplepler/Documents/Projects/AtOSx64/AtOSx32/Kernel/hal.h [3ms]
[2022-07-06T21:14:09.361Z] > git cat-file -s 9e3ac706a4b301300028e049ce6d2c41c7732317 [2ms]
[2022-07-06T21:14:10.479Z] > git ls-files --stage -- /home/dplepler/Documents/Projects/AtOSx64/AtOSx32/Kernel/interrupts.h [7ms]
[2022-07-06T21:14:10.500Z] > git cat-file -s ff3f18f12f2ab4575025453f8fdc0c1f168e1863 [4ms]
[2022-07-06T21:14:28.870Z] > git ls-files --stage -- /home/dplepler/Documents/Projects/AtOSx64/AtOSx32/Kernel/utils.h [2ms]
[2022-07-06T21:14:28.884Z] > git cat-file -s 64291c93b21bc31963499f966bfd1c9e19523f08 [5ms]
[2022-07-06T21:14:29.970Z] > git ls-files --stage -- /home/dplepler/Documents/Projects/AtOSx64/AtOSx32/Kernel/vmm.h [3ms]
[2022-07-06T21:14:29.987Z] > git cat-file -s 2f9f89972c9066539cd39cfd059522ba3440855b [1ms]
[2022-07-06T21:14:32.378Z] > git ls-files --stage -- /home/dplepler/Documents/Projects/AtOSx64/AtOSx32/Kernel/pmm.h [3ms]
[2022-07-06T21:14:32.393Z] > git cat-file -s 1866df3cac5b8968879fe731412b48e1b0a415f0 [4ms]
[2022-07-06T21:14:39.665Z] > git ls-files --stage -- /home/dplepler/Documents/Projects/AtOSx64/AtOSx32/Kernel/heap.h [4ms]
[2022-07-06T21:14:39.690Z] > git cat-file -s 4052581d6ebd3f557495575e0b4ff99498e5af97 [11ms]
[2022-07-06T21:14:46.865Z] > git ls-files --stage -- /home/dplepler/Documents/Projects/AtOSx64/AtOSx32/Kernel/interrupts.c [17ms]
[2022-07-06T21:14:46.895Z] > git cat-file -s ad360ca7402fffba3f271cad688e459f2964635e [1ms]
[2022-07-06T21:14:48.099Z] > git ls-files --stage -- /home/dplepler/Documents/Projects/AtOSx64/AtOSx32/Kernel/interrupts.h [5ms]
[2022-07-06T21:14:48.119Z] > git cat-file -s ff3f18f12f2ab4575025453f8fdc0c1f168e1863 [3ms]
[2022-07-06T21:15:40.080Z] > git ls-files --stage -- /home/dplepler/Documents/Projects/AtOSx64/AtOSx32/Kernel/heap.c [6ms]
[2022-07-06T21:15:40.100Z] > git cat-file -s 068610a1c5efb478ca0d304b9425db17ed065479 [3ms]
[2022-07-06T21:15:40.337Z] > git ls-files --stage -- /home/dplepler/Documents/Projects/AtOSx64/AtOSx32/Kernel/interrupts.c [3ms]
[2022-07-06T21:15:40.354Z] > git cat-file -s ad360ca7402fffba3f271cad688e459f2964635e [2ms]
[2022-07-06T21:15:41.592Z] > git ls-files --stage -- /home/dplepler/Documents/Projects/AtOSx64/AtOSx32/Kernel/heap.h [4ms]
[2022-07-06T21:15:41.613Z] > git cat-file -s 4052581d6ebd3f557495575e0b4ff99498e5af97 [6ms]
[2022-07-06T21:15:50.701Z] > git ls-files --stage -- /home/dplepler/Documents/Projects/AtOSx64/AtOSx32/Kernel/interrupts.h [5ms]
[2022-07-06T21:15:50.713Z] > git cat-file -s ff3f18f12f2ab4575025453f8fdc0c1f168e1863 [2ms]
[2022-07-06T21:29:31.189Z] > git ls-files --stage -- /home/dplepler/Documents/Projects/AtOSx64/AtOSx32/Bootload/stage0.asm [1ms]
[2022-07-06T21:29:31.205Z] > git cat-file -s aeb1f785d6f52846c8d4e55d5a1ab4d0bd7524c1 [5ms]
[2022-07-06T21:29:34.214Z] > git ls-files --stage -- /home/dplepler/Documents/Projects/AtOSx64/AtOSx32/Bootload/protected_mode_setup.asm [4ms]
[2022-07-06T21:29:34.229Z] > git cat-file -s 12d8818638deb6f25bcad7a8e165365eb1c1d1e2 [3ms]
[2022-07-06T21:29:34.690Z] > git ls-files --stage -- /home/dplepler/Documents/Projects/AtOSx64/AtOSx32/Bootload/GDT.asm [2ms]
[2022-07-06T21:29:34.702Z] > git cat-file -s 883a212def2e47024f24f377d5b87a1cecc9227e [2ms]
[2022-07-06T21:29:35.812Z] > git ls-files --stage -- /home/dplepler/Documents/Projects/AtOSx64/AtOSx32/Bootload/DAP.asm [4ms]
[2022-07-06T21:29:35.824Z] > git cat-file -s b53bdfbc1d85134fb5c8923da22112930c4d4e78 [2ms]
[2022-07-06T21:29:37.542Z] > git ls-files --stage -- /home/dplepler/Documents/Projects/AtOSx64/AtOSx32/Bootload/Bootloader.asm [3ms]
[2022-07-06T21:29:37.570Z] > git cat-file -s d96aeee8c81b7272250cf544393f7cf2bd4bae9a [2ms]
[2022-07-06T21:38:01.518Z] > git ls-files --stage -- /home/dplepler/Documents/Projects/AtOSx64/AtOSx32/Kernel/heap.h [1ms]
[2022-07-06T21:38:01.532Z] > git cat-file -s 4052581d6ebd3f557495575e0b4ff99498e5af97 [3ms]
[2022-07-06T21:38:07.663Z] > git ls-files --stage -- /home/dplepler/Documents/Projects/AtOSx64/AtOSx32/Kernel/heap.c [1ms]
[2022-07-06T21:38:07.678Z] > git cat-file -s 068610a1c5efb478ca0d304b9425db17ed065479 [1ms]
[2022-07-06T21:38:09.018Z] > git ls-files --stage -- /home/dplepler/Documents/Projects/AtOSx64/AtOSx32/Kernel/interrupts.h [3ms]
[2022-07-06T21:38:09.032Z] > git cat-file -s ff3f18f12f2ab4575025453f8fdc0c1f168e1863 [4ms]
[2022-07-06T21:52:47.515Z] > git symbolic-ref --short HEAD [2ms]
[2022-07-06T21:52:47.543Z] > git for-each-ref --format=%(refname)%00%(upstream:short)%00%(objectname)%00%(upstream:track) refs/heads/main refs/remotes/main [5ms]
[2022-07-06T21:52:47.579Z] > git for-each-ref --sort -committerdate --format %(refname) %(objectname) %(*objectname) [19ms]
[2022-07-06T21:52:47.583Z] > git remote --verbose [6ms]
[2022-07-06T21:52:47.604Z] > git config --get commit.template [4ms]
[2022-07-06T21:52:47.937Z] > git ls-files --stage -- /home/dplepler/Documents/Projects/AtOSx64/AtOSx32/Kernel/interrupts.c [3ms]
[2022-07-06T21:52:47.954Z] > git cat-file -s ad360ca7402fffba3f271cad688e459f2964635e [4ms]
[2022-07-06T21:52:52.632Z] > git symbolic-ref --short HEAD [2ms]
[2022-07-06T21:52:52.646Z] > git for-each-ref --format=%(refname)%00%(upstream:short)%00%(objectname)%00%(upstream:track) refs/heads/main refs/remotes/main [3ms]
[2022-07-06T21:52:52.667Z] > git for-each-ref --sort -committerdate --format %(refname) %(objectname) %(*objectname) [12ms]
[2022-07-06T21:52:52.669Z] > git remote --verbose [3ms]
[2022-07-06T21:52:52.688Z] > git config --get commit.template [2ms]
[2022-07-06T21:53:12.622Z] > git ls-files --stage -- /home/dplepler/Documents/Projects/AtOSx64/AtOSx32/Kernel/interrupts.h [3ms]
[2022-07-06T21:53:12.638Z] > git cat-file -s ff3f18f12f2ab4575025453f8fdc0c1f168e1863 [2ms]
[2022-07-06T21:53:14.495Z] > git ls-files --stage -- /home/dplepler/Documents/Projects/AtOSx64/AtOSx32/Kernel/interrupts.c [1ms]
[2022-07-06T21:53:14.509Z] > git cat-file -s ad360ca7402fffba3f271cad688e459f2964635e [1ms]
[2022-07-06T21:53:25.537Z] > git symbolic-ref --short HEAD [1ms]
[2022-07-06T21:53:25.553Z] > git for-each-ref --format=%(refname)%00%(upstream:short)%00%(objectname)%00%(upstream:track) refs/heads/main refs/remotes/main [2ms]
[2022-07-06T21:53:25.575Z] > git for-each-ref --sort -committerdate --format %(refname) %(objectname) %(*objectname) [12ms]
[2022-07-06T21:53:25.576Z] > git remote --verbose [2ms]
[2022-07-06T21:53:25.595Z] > git config --get commit.template [3ms]
[2022-07-06T21:53:31.120Z] > git ls-files --stage -- /home/dplepler/Documents/Projects/AtOSx64/AtOSx32/Kernel/interrupts.h [3ms]
[2022-07-06T21:53:31.139Z] > git cat-file -s ff3f18f12f2ab4575025453f8fdc0c1f168e1863 [7ms]
[2022-07-06T21:53:43.888Z] > git symbolic-ref --short HEAD [3ms]
[2022-07-06T21:53:43.900Z] > git for-each-ref --format=%(refname)%00%(upstream:short)%00%(objectname)%00%(upstream:track) refs/heads/main refs/remotes/main [2ms]
[2022-07-06T21:53:43.930Z] > git remote --verbose [1ms]
[2022-07-06T21:53:43.930Z] > git for-each-ref --sort -committerdate --format %(refname) %(objectname) %(*objectname) [20ms]
[2022-07-06T21:53:43.945Z] > git config --get commit.template [2ms]
[2022-07-06T21:53:44.311Z] > git ls-files --stage -- /home/dplepler/Documents/Projects/AtOSx64/AtOSx32/Kernel/interrupts.c [2ms]
[2022-07-06T21:53:44.328Z] > git cat-file -s ad360ca7402fffba3f271cad688e459f2964635e [2ms]
[2022-07-06T21:53:48.973Z] > git symbolic-ref --short HEAD [1ms]
[2022-07-06T21:53:48.985Z] > git for-each-ref --format=%(refname)%00%(upstream:short)%00%(objectname)%00%(upstream:track) refs/heads/main refs/remotes/main [2ms]
[2022-07-06T21:53:49.006Z] > git for-each-ref --sort -committerdate --format %(refname) %(objectname) %(*objectname) [11ms]
[2022-07-06T21:53:49.006Z] > git remote --verbose [1ms]
[2022-07-06T21:53:49.021Z] > git config --get commit.template [2ms]
[2022-07-06T21:54:14.284Z] > git symbolic-ref --short HEAD [2ms]
[2022-07-06T21:54:14.295Z] > git for-each-ref --format=%(refname)%00%(upstream:short)%00%(objectname)%00%(upstream:track) refs/heads/main refs/remotes/main [1ms]
[2022-07-06T21:54:14.317Z] > git for-each-ref --sort -committerdate --format %(refname) %(objectname) %(*objectname) [11ms]
[2022-07-06T21:54:14.317Z] > git remote --verbose [1ms]
[2022-07-06T21:54:14.330Z] > git config --get commit.template [1ms]
[2022-07-06T21:54:26.628Z] > git symbolic-ref --short HEAD [2ms]
[2022-07-06T21:54:26.645Z] > git for-each-ref --format=%(refname)%00%(upstream:short)%00%(objectname)%00%(upstream:track) refs/heads/main refs/remotes/main [6ms]
[2022-07-06T21:54:26.670Z] > git for-each-ref --sort -committerdate --format %(refname) %(objectname) %(*objectname) [12ms]
[2022-07-06T21:54:26.670Z] > git remote --verbose [2ms]
[2022-07-06T21:54:26.687Z] > git config --get commit.template [2ms]
[2022-07-06T21:54:31.715Z] > git symbolic-ref --short HEAD [3ms]
[2022-07-06T21:54:31.726Z] > git for-each-ref --format=%(refname)%00%(upstream:short)%00%(objectname)%00%(upstream:track) refs/heads/main refs/remotes/main [1ms]
[2022-07-06T21:54:31.748Z] > git for-each-ref --sort -committerdate --format %(refname) %(objectname) %(*objectname) [11ms]
[2022-07-06T21:54:31.749Z] > git remote --verbose [2ms]
[2022-07-06T21:54:31.764Z] > git config --get commit.template [2ms]
[2022-07-06T21:54:36.798Z] > git symbolic-ref --short HEAD [3ms]
[2022-07-06T21:54:36.808Z] > git for-each-ref --format=%(refname)%00%(upstream:short)%00%(objectname)%00%(upstream:track) refs/heads/main refs/remotes/main [2ms]
[2022-07-06T21:54:36.836Z] > git for-each-ref --sort -committerdate --format %(refname) %(objectname) %(*objectname) [14ms]
[2022-07-06T21:54:36.837Z] > git remote --verbose [2ms]
[2022-07-06T21:54:36.853Z] > git config --get commit.template [2ms]
[2022-07-06T21:54:41.590Z] > git ls-files --stage -- /home/dplepler/Documents/Projects/AtOSx64/AtOSx32/Kernel/interrupts.h [14ms]
[2022-07-06T21:54:41.624Z] > git cat-file -s ff3f18f12f2ab4575025453f8fdc0c1f168e1863 [13ms]
[2022-07-06T21:54:42.002Z] > git symbolic-ref --short HEAD [2ms]
[2022-07-06T21:54:42.016Z] > git for-each-ref --format=%(refname)%00%(upstream:short)%00%(objectname)%00%(upstream:track) refs/heads/main refs/remotes/main [1ms]
[2022-07-06T21:54:42.044Z] > git for-each-ref --sort -committerdate --format %(refname) %(objectname) %(*objectname) [16ms]
[2022-07-06T21:54:42.045Z] > git remote --verbose [3ms]
[2022-07-06T21:54:42.061Z] > git config --get commit.template [2ms]
[2022-07-06T21:54:50.086Z] > git symbolic-ref --short HEAD [1ms]
[2022-07-06T21:54:50.104Z] > git for-each-ref --format=%(refname)%00%(upstream:short)%00%(objectname)%00%(upstream:track) refs/heads/main refs/remotes/main [1ms]
[2022-07-06T21:54:50.134Z] > git for-each-ref --sort -committerdate --format %(refname) %(objectname) %(*objectname) [16ms]
[2022-07-06T21:54:50.134Z] > git remote --verbose [1ms]
[2022-07-06T21:54:50.152Z] > git config --get commit.template [2ms]
[2022-07-06T21:54:54.827Z] > git ls-files --stage -- /home/dplepler/Documents/Projects/AtOSx64/AtOSx32/Kernel/interrupts.c [9ms]
[2022-07-06T21:54:54.860Z] > git cat-file -s ad360ca7402fffba3f271cad688e459f2964635e [6ms]
[2022-07-06T21:54:55.188Z] > git symbolic-ref --short HEAD [4ms]
[2022-07-06T21:54:55.200Z] > git for-each-ref --format=%(refname)%00%(upstream:short)%00%(objectname)%00%(upstream:track) refs/heads/main refs/remotes/main [2ms]
[2022-07-06T21:54:55.221Z] > git for-each-ref --sort -committerdate --format %(refname) %(objectname) %(*objectname) [10ms]
[2022-07-06T21:54:55.224Z] > git remote --verbose [4ms]
[2022-07-06T21:54:55.240Z] > git config --get commit.template [3ms]
[2022-07-06T21:56:09.013Z] > git symbolic-ref --short HEAD [2ms]
[2022-07-06T21:56:09.026Z] > git for-each-ref --format=%(refname)%00%(upstream:short)%00%(objectname)%00%(upstream:track) refs/heads/main refs/remotes/main [2ms]
[2022-07-06T21:56:09.048Z] > git for-each-ref --sort -committerdate --format %(refname) %(objectname) %(*objectname) [12ms]
[2022-07-06T21:56:09.049Z] > git remote --verbose [1ms]
[2022-07-06T21:56:09.064Z] > git config --get commit.template [2ms]
[2022-07-06T21:56:14.094Z] > git symbolic-ref --short HEAD [1ms]
[2022-07-06T21:56:14.106Z] > git for-each-ref --format=%(refname)%00%(upstream:short)%00%(objectname)%00%(upstream:track) refs/heads/main refs/remotes/main [2ms]
[2022-07-06T21:56:14.128Z] > git for-each-ref --sort -committerdate --format %(refname) %(objectname) %(*objectname) [11ms]
[2022-07-06T21:56:14.129Z] > git remote --verbose [1ms]
[2022-07-06T21:56:14.145Z] > git config --get commit.template [3ms]
[2022-07-06T21:56:19.172Z] > git symbolic-ref --short HEAD [2ms]
[2022-07-06T21:56:19.187Z] > git for-each-ref --format=%(refname)%00%(upstream:short)%00%(objectname)%00%(upstream:track) refs/heads/main refs/remotes/main [1ms]
[2022-07-06T21:56:19.212Z] > git for-each-ref --sort -committerdate --format %(refname) %(objectname) %(*objectname) [14ms]
[2022-07-06T21:56:19.213Z] > git remote --verbose [4ms]
[2022-07-06T21:56:19.227Z] > git config --get commit.template [2ms]
[2022-07-06T21:57:14.842Z] > git symbolic-ref --short HEAD [2ms]
[2022-07-06T21:57:14.860Z] > git for-each-ref --format=%(refname)%00%(upstream:short)%00%(objectname)%00%(upstream:track) refs/heads/main refs/remotes/main [1ms]
[2022-07-06T21:57:14.885Z] > git for-each-ref --sort -committerdate --format %(refname) %(objectname) %(*objectname) [12ms]
[2022-07-06T21:57:14.886Z] > git remote --verbose [2ms]
[2022-07-06T21:57:14.900Z] > git config --get commit.template [1ms]
[2022-07-06T21:57:34.466Z] > git symbolic-ref --short HEAD [1ms]
[2022-07-06T21:57:34.479Z] > git for-each-ref --format=%(refname)%00%(upstream:short)%00%(objectname)%00%(upstream:track) refs/heads/main refs/remotes/main [2ms]
[2022-07-06T21:57:34.511Z] > git for-each-ref --sort -committerdate --format %(refname) %(objectname) %(*objectname) [14ms]
[2022-07-06T21:57:34.511Z] > git remote --verbose [2ms]
[2022-07-06T21:57:34.525Z] > git config --get commit.template [1ms]
[2022-07-06T21:57:40.533Z] > git symbolic-ref --short HEAD [2ms]
[2022-07-06T21:57:40.546Z] > git for-each-ref --format=%(refname)%00%(upstream:short)%00%(objectname)%00%(upstream:track) refs/heads/main refs/remotes/main [1ms]
[2022-07-06T21:57:40.569Z] > git for-each-ref --sort -committerdate --format %(refname) %(objectname) %(*objectname) [12ms]
[2022-07-06T21:57:40.570Z] > git remote --verbose [2ms]
[2022-07-06T21:57:40.585Z] > git config --get commit.template [2ms]
[2022-07-06T21:58:12.230Z] > git symbolic-ref --short HEAD [1ms]
[2022-07-06T21:58:12.248Z] > git for-each-ref --format=%(refname)%00%(upstream:short)%00%(objectname)%00%(upstream:track) refs/heads/main refs/remotes/main [2ms]
[2022-07-06T21:58:12.275Z] > git for-each-ref --sort -committerdate --format %(refname) %(objectname) %(*objectname) [13ms]
[2022-07-06T21:58:12.275Z] > git remote --verbose [1ms]
[2022-07-06T21:58:12.290Z] > git config --get commit.template [2ms]
[2022-07-06T21:58:17.319Z] > git symbolic-ref --short HEAD [3ms]
[2022-07-06T21:58:17.331Z] > git for-each-ref --format=%(refname)%00%(upstream:short)%00%(objectname)%00%(upstream:track) refs/heads/main refs/remotes/main [3ms]
[2022-07-06T21:58:17.356Z] > git remote --verbose [2ms]
[2022-07-06T21:58:17.357Z] > git for-each-ref --sort -committerdate --format %(refname) %(objectname) %(*objectname) [15ms]
[2022-07-06T21:58:17.373Z] > git config --get commit.template [3ms]
[2022-07-06T22:03:53.537Z] > git symbolic-ref --short HEAD [3ms]
[2022-07-06T22:03:53.555Z] > git for-each-ref --format=%(refname)%00%(upstream:short)%00%(objectname)%00%(upstream:track) refs/heads/main refs/remotes/main [2ms]
[2022-07-06T22:03:53.583Z] > git for-each-ref --sort -committerdate --format %(refname) %(objectname) %(*objectname) [14ms]
[2022-07-06T22:03:53.585Z] > git remote --verbose [5ms]
[2022-07-06T22:03:53.603Z] > git config --get commit.template [3ms]
[2022-07-06T22:03:55.250Z] > git ls-files --stage -- /home/dplepler/Documents/Projects/AtOSx64/AtOSx32/Kernel/vmm.c [11ms]
[2022-07-06T22:03:55.269Z] > git cat-file -s 9374acbe997480e802ac5bf047ef9e63fbbe19b1 [6ms]
[2022-07-06T22:04:03.085Z] > git ls-files --stage -- /home/dplepler/Documents/Projects/AtOSx64/AtOSx32/Kernel/interrupts.h [2ms]
[2022-07-06T22:04:03.098Z] > git cat-file -s ff3f18f12f2ab4575025453f8fdc0c1f168e1863 [1ms]
[2022-07-06T22:04:03.629Z] > git ls-files --stage -- /home/dplepler/Documents/Projects/AtOSx64/AtOSx32/Kernel/interrupts.c [2ms]
[2022-07-06T22:04:03.648Z] > git cat-file -s ad360ca7402fffba3f271cad688e459f2964635e [6ms]
[2022-07-06T22:05:40.814Z] > git symbolic-ref --short HEAD [1ms]
[2022-07-06T22:05:40.829Z] > git for-each-ref --format=%(refname)%00%(upstream:short)%00%(objectname)%00%(upstream:track) refs/heads/main refs/remotes/main [3ms]
[2022-07-06T22:05:40.858Z] > git for-each-ref --sort -committerdate --format %(refname) %(objectname) %(*objectname) [16ms]
[2022-07-06T22:05:40.859Z] > git remote --verbose [2ms]
[2022-07-06T22:05:40.876Z] > git config --get commit.template [3ms]
[2022-07-06T22:06:04.295Z] > git symbolic-ref --short HEAD [2ms]
[2022-07-06T22:06:04.308Z] > git for-each-ref --format=%(refname)%00%(upstream:short)%00%(objectname)%00%(upstream:track) refs/heads/main refs/remotes/main [2ms]
[2022-07-06T22:06:04.333Z] > git for-each-ref --sort -committerdate --format %(refname) %(objectname) %(*objectname) [14ms]
[2022-07-06T22:06:04.338Z] > git remote --verbose [7ms]
[2022-07-06T22:06:04.355Z] > git config --get commit.template [2ms]
[2022-07-06T22:06:09.384Z] > git symbolic-ref --short HEAD [2ms]
[2022-07-06T22:06:09.398Z] > git for-each-ref --format=%(refname)%00%(upstream:short)%00%(objectname)%00%(upstream:track) refs/heads/main refs/remotes/main [2ms]
[2022-07-06T22:06:09.423Z] > git for-each-ref --sort -committerdate --format %(refname) %(objectname) %(*objectname) [14ms]
[2022-07-06T22:06:09.424Z] > git remote --verbose [2ms]
[2022-07-06T22:06:09.442Z] > git config --get commit.template [3ms]
[2022-07-06T22:06:14.473Z] > git symbolic-ref --short HEAD [5ms]
[2022-07-06T22:06:14.487Z] > git for-each-ref --format=%(refname)%00%(upstream:short)%00%(objectname)%00%(upstream:track) refs/heads/main refs/remotes/main [2ms]
[2022-07-06T22:06:14.510Z] > git for-each-ref --sort -committerdate --format %(refname) %(objectname) %(*objectname) [12ms]
[2022-07-06T22:06:14.510Z] > git remote --verbose [1ms]
[2022-07-06T22:06:14.526Z] > git config --get commit.template [1ms]
[2022-07-06T22:06:19.553Z] > git symbolic-ref --short HEAD [1ms]
[2022-07-06T22:06:19.566Z] > git for-each-ref --format=%(refname)%00%(upstream:short)%00%(objectname)%00%(upstream:track) refs/heads/main refs/remotes/main [1ms]
[2022-07-06T22:06:19.589Z] > git for-each-ref --sort -committerdate --format %(refname) %(objectname) %(*objectname) [12ms]
[2022-07-06T22:06:19.590Z] > git remote --verbose [2ms]
[2022-07-06T22:06:19.605Z] > git config --get commit.template [1ms]
[2022-07-06T22:06:30.557Z] > git symbolic-ref --short HEAD [3ms]
[2022-07-06T22:06:30.572Z] > git for-each-ref --format=%(refname)%00%(upstream:short)%00%(objectname)%00%(upstream:track) refs/heads/main refs/remotes/main [1ms]
[2022-07-06T22:06:30.598Z] > git for-each-ref --sort -committerdate --format %(refname) %(objectname) %(*objectname) [13ms]
[2022-07-06T22:06:30.598Z] > git remote --verbose [1ms]
[2022-07-06T22:06:30.615Z] > git config --get commit.template [3ms]
[2022-07-06T22:06:35.647Z] > git symbolic-ref --short HEAD [2ms]
[2022-07-06T22:06:35.659Z] > git for-each-ref --format=%(refname)%00%(upstream:short)%00%(objectname)%00%(upstream:track) refs/heads/main refs/remotes/main [2ms]
[2022-07-06T22:06:35.687Z] > git for-each-ref --sort -committerdate --format %(refname) %(objectname) %(*objectname) [14ms]
[2022-07-06T22:06:35.689Z] > git remote --verbose [3ms]
[2022-07-06T22:06:35.703Z] > git config --get commit.template [1ms]
[2022-07-06T22:06:43.902Z] > git symbolic-ref --short HEAD [2ms]
[2022-07-06T22:06:43.915Z] > git for-each-ref --format=%(refname)%00%(upstream:short)%00%(objectname)%00%(upstream:track) refs/heads/main refs/remotes/main [2ms]
[2022-07-06T22:06:43.938Z] > git for-each-ref --sort -committerdate --format %(refname) %(objectname) %(*objectname) [12ms]
[2022-07-06T22:06:43.939Z] > git remote --verbose [2ms]
[2022-07-06T22:06:43.953Z] > git config --get commit.template [1ms]
[2022-07-06T22:06:48.981Z] > git symbolic-ref --short HEAD [2ms]
[2022-07-06T22:06:48.997Z] > git for-each-ref --format=%(refname)%00%(upstream:short)%00%(objectname)%00%(upstream:track) refs/heads/main refs/remotes/main [1ms]
[2022-07-06T22:06:49.019Z] > git for-each-ref --sort -committerdate --format %(refname) %(objectname) %(*objectname) [12ms]
[2022-07-06T22:06:49.019Z] > git remote --verbose [1ms]
[2022-07-06T22:06:49.035Z] > git config --get commit.template [2ms]
[2022-07-06T22:06:54.071Z] > git symbolic-ref --short HEAD [1ms]
[2022-07-06T22:06:54.085Z] > git for-each-ref --format=%(refname)%00%(upstream:short)%00%(objectname)%00%(upstream:track) refs/heads/main refs/remotes/main [2ms]
[2022-07-06T22:06:54.108Z] > git for-each-ref --sort -committerdate --format %(refname) %(objectname) %(*objectname) [12ms]
[2022-07-06T22:06:54.109Z] > git remote --verbose [2ms]
[2022-07-06T22:06:54.126Z] > git config --get commit.template [3ms]
[2022-07-07T17:08:46.260Z] > git ls-files --stage -- /home/dplepler/Documents/Projects/AtOSx64/AtOSx32/Kernel/interrupts.h [1ms]
[2022-07-07T17:08:46.286Z] > git cat-file -s c807994c89ea90a4dc3f81e5290f312527158e8a [5ms]
[2022-07-07T17:09:58.533Z] > git ls-files --stage -- /home/dplepler/Documents/Projects/AtOSx64/AtOSx32/Kernel/kernel.c [3ms]
[2022-07-07T17:09:58.595Z] > git cat-file -s 92c1b015b8bfbb2c09861a87408a944ba0a800f2 [18ms]
[2022-07-07T17:10:17.047Z] > git ls-files --stage -- /home/dplepler/Documents/Projects/AtOSx64/AtOSx32/Kernel/interrupts.c [1ms]
[2022-07-07T17:10:17.065Z] > git cat-file -s 9e115e6429034bd59eee941e2be820458152ea1e [3ms]
[2022-07-07T17:10:36.123Z] > git ls-files --stage -- /home/dplepler/Documents/Projects/AtOSx64/AtOSx32/Kernel/interrupts.h [2ms]
[2022-07-07T17:10:36.139Z] > git cat-file -s c807994c89ea90a4dc3f81e5290f312527158e8a [2ms]
[2022-07-07T17:10:41.873Z] > git ls-files --stage -- /home/dplepler/Documents/Projects/AtOSx64/AtOSx32/Kernel/interrupts.c [9ms]
[2022-07-07T17:10:41.915Z] > git cat-file -s 9e115e6429034bd59eee941e2be820458152ea1e [12ms]
[2022-07-07T17:10:50.743Z] > git ls-files --stage -- /home/dplepler/Documents/Projects/AtOSx64/AtOSx32/Kernel/interrupts.h [4ms]
[2022-07-07T17:10:50.760Z] > git cat-file -s c807994c89ea90a4dc3f81e5290f312527158e8a [2ms]
[2022-07-07T17:10:51.258Z] > git ls-files --stage -- /home/dplepler/Documents/Projects/AtOSx64/AtOSx32/Kernel/interrupts.c [2ms]
[2022-07-07T17:10:51.275Z] > git cat-file -s 9e115e6429034bd59eee941e2be820458152ea1e [2ms]
[2022-07-07T17:10:54.255Z] > git ls-files --stage -- /home/dplepler/Documents/Projects/AtOSx64/AtOSx32/Kernel/kernel.c [5ms]
[2022-07-07T17:10:54.284Z] > git cat-file -s 92c1b015b8bfbb2c09861a87408a944ba0a800f2 [4ms]
[2022-07-07T17:11:31.080Z] > git ls-files --stage -- /home/dplepler/Documents/Projects/AtOSx64/AtOSx32/Kernel/interrupts.h [2ms]
[2022-07-07T17:11:31.093Z] > git cat-file -s c807994c89ea90a4dc3f81e5290f312527158e8a [3ms]
[2022-07-07T17:11:41.926Z] > git ls-files --stage -- /home/dplepler/Documents/Projects/AtOSx64/AtOSx32/Kernel/pmm.c [2ms]
[2022-07-07T17:11:41.938Z] > git cat-file -s e042d778826f99651a27298a0548351e20e8a66e [3ms]
[2022-07-07T17:11:42.254Z] > git ls-files --stage -- /home/dplepler/Documents/Projects/AtOSx64/AtOSx32/Kernel/kernel.c [4ms]
[2022-07-07T17:11:42.270Z] > git cat-file -s 92c1b015b8bfbb2c09861a87408a944ba0a800f2 [5ms]
[2022-07-07T17:11:51.054Z] > git ls-files --stage -- /home/dplepler/Documents/Projects/AtOSx64/AtOSx32/Kernel/interrupts.c [1ms]
[2022-07-07T17:11:51.070Z] > git cat-file -s 9e115e6429034bd59eee941e2be820458152ea1e [3ms]
[2022-07-07T17:11:59.591Z] > git ls-files --stage -- /home/dplepler/Documents/Projects/AtOSx64/AtOSx32/Kernel/interrupts.h [6ms]
[2022-07-07T17:11:59.605Z] > git cat-file -s c807994c89ea90a4dc3f81e5290f312527158e8a [3ms]
[2022-07-07T17:12:09.973Z] > git ls-files --stage -- /home/dplepler/Documents/Projects/AtOSx64/AtOSx32/Kernel/interrupts.c [3ms]
[2022-07-07T17:12:09.993Z] > git cat-file -s 9e115e6429034bd59eee941e2be820458152ea1e [2ms]
[2022-07-07T17:12:14.541Z] > git ls-files --stage -- /home/dplepler/Documents/Projects/AtOSx64/AtOSx32/Kernel/interrupts.h [2ms]
[2022-07-07T17:12:14.558Z] > git cat-file -s c807994c89ea90a4dc3f81e5290f312527158e8a [6ms]
[2022-07-07T17:12:20.232Z] > git ls-files --stage -- /home/dplepler/Documents/Projects/AtOSx64/AtOSx32/Kernel/kernel.c [2ms]
[2022-07-07T17:12:20.245Z] > git cat-file -s 92c1b015b8bfbb2c09861a87408a944ba0a800f2 [2ms]
[2022-07-07T17:13:14.761Z] > git symbolic-ref --short HEAD [5ms]
[2022-07-07T17:13:14.789Z] > git for-each-ref --format=%(refname)%00%(upstream:short)%00%(objectname)%00%(upstream:track) refs/heads/main refs/remotes/main [19ms]
[2022-07-07T17:13:14.829Z] > git ls-files --stage -- /home/dplepler/Documents/Projects/AtOSx64/AtOSx32/Kernel/kernel.c [41ms]
[2022-07-07T17:13:14.849Z] > git remote --verbose [25ms]
[2022-07-07T17:13:14.849Z] > git for-each-ref --sort -committerdate --format %(refname) %(objectname) %(*objectname) [42ms]
[2022-07-07T17:13:14.881Z] > git cat-file -s 92c1b015b8bfbb2c09861a87408a944ba0a800f2 [33ms]
[2022-07-07T17:13:14.883Z] > git config --get commit.template [3ms]
[2022-07-07T17:13:19.915Z] > git symbolic-ref --short HEAD [1ms]
[2022-07-07T17:13:19.928Z] > git for-each-ref --format=%(refname)%00%(upstream:short)%00%(objectname)%00%(upstream:track) refs/heads/main refs/remotes/main [2ms]
[2022-07-07T17:13:19.951Z] > git for-each-ref --sort -committerdate --format %(refname) %(objectname) %(*objectname) [12ms]
[2022-07-07T17:13:19.951Z] > git remote --verbose [1ms]
[2022-07-07T17:13:19.966Z] > git config --get commit.template [1ms]
[2022-07-07T17:13:26.965Z] > git symbolic-ref --short HEAD [1ms]
[2022-07-07T17:13:26.978Z] > git for-each-ref --format=%(refname)%00%(upstream:short)%00%(objectname)%00%(upstream:track) refs/heads/main refs/remotes/main [3ms]
[2022-07-07T17:13:27.003Z] > git for-each-ref --sort -committerdate --format %(refname) %(objectname) %(*objectname) [12ms]
[2022-07-07T17:13:27.004Z] > git remote --verbose [2ms]
[2022-07-07T17:13:27.021Z] > git config --get commit.template [3ms]
[2022-07-07T17:13:27.943Z] > git ls-files --stage -- /home/dplepler/Documents/Projects/AtOSx64/AtOSx32/Kernel/interrupts.c [1ms]
[2022-07-07T17:13:27.958Z] > git cat-file -s 9e115e6429034bd59eee941e2be820458152ea1e [5ms]
[2022-07-07T17:13:38.172Z] > git symbolic-ref --short HEAD [7ms]
[2022-07-07T17:13:38.189Z] > git for-each-ref --format=%(refname)%00%(upstream:short)%00%(objectname)%00%(upstream:track) refs/heads/main refs/remotes/main [2ms]
[2022-07-07T17:13:38.222Z] > git remote --verbose [1ms]
[2022-07-07T17:13:38.222Z] > git for-each-ref --sort -committerdate --format %(refname) %(objectname) %(*objectname) [16ms]
[2022-07-07T17:13:38.243Z] > git config --get commit.template [4ms]
[2022-07-07T17:13:43.452Z] > git ls-files --stage -- /home/dplepler/Documents/Projects/AtOSx64/AtOSx32/Kernel/interrupts.h [4ms]
[2022-07-07T17:13:43.467Z] > git cat-file -s c807994c89ea90a4dc3f81e5290f312527158e8a [1ms]
[2022-07-07T17:13:54.610Z] > git ls-files --stage -- /home/dplepler/Documents/Projects/AtOSx64/AtOSx32/Kernel/interrupts.c [5ms]
[2022-07-07T17:13:54.632Z] > git cat-file -s 9e115e6429034bd59eee941e2be820458152ea1e [2ms]
[2022-07-07T17:14:04.985Z] > git symbolic-ref --short HEAD [0ms]
[2022-07-07T17:14:04.999Z] > git for-each-ref --format=%(refname)%00%(upstream:short)%00%(objectname)%00%(upstream:track) refs/heads/main refs/remotes/main [2ms]
[2022-07-07T17:14:05.024Z] > git for-each-ref --sort -committerdate --format %(refname) %(objectname) %(*objectname) [12ms]
[2022-07-07T17:14:05.025Z] > git remote --verbose [3ms]
[2022-07-07T17:14:05.040Z] > git config --get commit.template [2ms]
[2022-07-07T17:14:07.278Z] > git ls-files --stage -- /home/dplepler/Documents/Projects/AtOSx64/AtOSx32/Kernel/interrupts.h [6ms]
[2022-07-07T17:14:07.293Z] > git cat-file -s c807994c89ea90a4dc3f81e5290f312527158e8a [1ms]
[2022-07-07T17:14:10.078Z] > git symbolic-ref --short HEAD [3ms]
[2022-07-07T17:14:10.092Z] > git for-each-ref --format=%(refname)%00%(upstream:short)%00%(objectname)%00%(upstream:track) refs/heads/main refs/remotes/main [2ms]
[2022-07-07T17:14:10.113Z] > git for-each-ref --sort -committerdate --format %(refname) %(objectname) %(*objectname) [11ms]
[2022-07-07T17:14:10.113Z] > git remote --verbose [1ms]
[2022-07-07T17:14:10.127Z] > git config --get commit.template [1ms]
[2022-07-07T17:14:18.786Z] > git ls-files --stage -- /home/dplepler/Documents/Projects/AtOSx64/AtOSx32/Kernel/interrupts.c [2ms]
[2022-07-07T17:14:18.798Z] > git cat-file -s 9e115e6429034bd59eee941e2be820458152ea1e [2ms]
[2022-07-07T17:14:39.984Z] > git symbolic-ref --short HEAD [6ms]
[2022-07-07T17:14:40.005Z] > git for-each-ref --format=%(refname)%00%(upstream:short)%00%(objectname)%00%(upstream:track) refs/heads/main refs/remotes/main [2ms]
[2022-07-07T17:14:40.055Z] > git for-each-ref --sort -committerdate --format %(refname) %(objectname) %(*objectname) [40ms]
[2022-07-07T17:14:40.057Z] > git remote --verbose [3ms]
[2022-07-07T17:14:40.103Z] > git config --get commit.template [31ms]
[2022-07-07T17:14:40.111Z] > git ls-files --stage -- /home/dplepler/Documents/Projects/AtOSx64/AtOSx32/Kernel/interrupts.h [10ms]
[2022-07-07T17:14:40.128Z] > git cat-file -s c807994c89ea90a4dc3f81e5290f312527158e8a [2ms]
[2022-07-07T17:14:45.140Z] > git ls-files --stage -- /home/dplepler/Documents/Projects/AtOSx64/AtOSx32/Kernel/interrupts.c [3ms]
[2022-07-07T17:14:45.153Z] > git cat-file -s 9e115e6429034bd59eee941e2be820458152ea1e [1ms]
[2022-07-07T17:14:48.470Z] > git symbolic-ref --short HEAD [1ms]
[2022-07-07T17:14:48.483Z] > git for-each-ref --format=%(refname)%00%(upstream:short)%00%(objectname)%00%(upstream:track) refs/heads/main refs/remotes/main [2ms]
[2022-07-07T17:14:48.508Z] > git remote --verbose [1ms]
[2022-07-07T17:14:48.508Z] > git for-each-ref --sort -committerdate --format %(refname) %(objectname) %(*objectname) [14ms]
[2022-07-07T17:14:48.524Z] > git config --get commit.template [2ms]
[2022-07-07T17:15:34.404Z] > git symbolic-ref --short HEAD [4ms]
[2022-07-07T17:15:34.431Z] > git for-each-ref --format=%(refname)%00%(upstream:short)%00%(objectname)%00%(upstream:track) refs/heads/main refs/remotes/main [8ms]
[2022-07-07T17:15:34.460Z] > git remote --verbose [2ms]
[2022-07-07T17:15:34.460Z] > git for-each-ref --sort -committerdate --format %(refname) %(objectname) %(*objectname) [15ms]
[2022-07-07T17:15:34.482Z] > git config --get commit.template [1ms]
[2022-07-07T17:15:34.864Z] > git ls-files --stage -- /home/dplepler/Documents/Projects/AtOSx64/AtOSx32/Kernel/interrupts.h [5ms]
[2022-07-07T17:15:34.879Z] > git cat-file -s c807994c89ea90a4dc3f81e5290f312527158e8a [2ms]
[2022-07-07T17:15:38.604Z] > git ls-files --stage -- /home/dplepler/Documents/Projects/AtOSx64/AtOSx32/Kernel/interrupts.c [4ms]
[2022-07-07T17:15:38.630Z] > git cat-file -s 9e115e6429034bd59eee941e2be820458152ea1e [2ms]
[2022-07-07T17:15:48.848Z] > git symbolic-ref --short HEAD [2ms]
[2022-07-07T17:15:48.859Z] > git for-each-ref --format=%(refname)%00%(upstream:short)%00%(objectname)%00%(upstream:track) refs/heads/main refs/remotes/main [2ms]
[2022-07-07T17:15:48.882Z] > git for-each-ref --sort -committerdate --format %(refname) %(objectname) %(*objectname) [12ms]
[2022-07-07T17:15:48.882Z] > git remote --verbose [2ms]
[2022-07-07T17:15:48.896Z] > git config --get commit.template [2ms]
[2022-07-07T17:16:01.726Z] > git symbolic-ref --short HEAD [1ms]
[2022-07-07T17:16:01.754Z] > git for-each-ref --format=%(refname)%00%(upstream:short)%00%(objectname)%00%(upstream:track) refs/heads/main refs/remotes/main [11ms]
[2022-07-07T17:16:01.781Z] > git for-each-ref --sort -committerdate --format %(refname) %(objectname) %(*objectname) [11ms]
[2022-07-07T17:16:01.783Z] > git remote --verbose [3ms]
[2022-07-07T17:16:01.798Z] > git config --get commit.template [3ms]
[2022-07-07T17:16:07.641Z] > git symbolic-ref --short HEAD [1ms]
[2022-07-07T17:16:07.654Z] > git for-each-ref --format=%(refname)%00%(upstream:short)%00%(objectname)%00%(upstream:track) refs/heads/main refs/remotes/main [2ms]
[2022-07-07T17:16:07.676Z] > git for-each-ref --sort -committerdate --format %(refname) %(objectname) %(*objectname) [11ms]
[2022-07-07T17:16:07.677Z] > git remote --verbose [1ms]
[2022-07-07T17:16:07.694Z] > git config --get commit.template [2ms]
[2022-07-07T17:16:12.732Z] > git symbolic-ref --short HEAD [5ms]
[2022-07-07T17:16:12.745Z] > git for-each-ref --format=%(refname)%00%(upstream:short)%00%(objectname)%00%(upstream:track) refs/heads/main refs/remotes/main [2ms]
[2022-07-07T17:16:12.768Z] > git for-each-ref --sort -committerdate --format %(refname) %(objectname) %(*objectname) [12ms]
[2022-07-07T17:16:12.770Z] > git remote --verbose [2ms]
[2022-07-07T17:16:12.785Z] > git config --get commit.template [4ms]
[2022-07-07T17:16:26.540Z] > git symbolic-ref --short HEAD [2ms]
[2022-07-07T17:16:26.556Z] > git for-each-ref --format=%(refname)%00%(upstream:short)%00%(objectname)%00%(upstream:track) refs/heads/main refs/remotes/main [3ms]
[2022-07-07T17:16:26.599Z] > git for-each-ref --sort -committerdate --format %(refname) %(objectname) %(*objectname) [24ms]
[2022-07-07T17:16:26.604Z] > git remote --verbose [11ms]
[2022-07-07T17:16:26.626Z] > git config --get commit.template [4ms]
[2022-07-07T17:16:32.734Z] > git symbolic-ref --short HEAD [3ms]
[2022-07-07T17:16:32.747Z] > git for-each-ref --format=%(refname)%00%(upstream:short)%00%(objectname)%00%(upstream:track) refs/heads/main refs/remotes/main [2ms]
[2022-07-07T17:16:32.769Z] > git for-each-ref --sort -committerdate --format %(refname) %(objectname) %(*objectname) [12ms]
[2022-07-07T17:16:32.769Z] > git remote --verbose [1ms]
[2022-07-07T17:16:32.786Z] > git config --get commit.template [2ms]
[2022-07-07T17:17:09.208Z] > git symbolic-ref --short HEAD [1ms]
[2022-07-07T17:17:09.240Z] > git for-each-ref --format=%(refname)%00%(upstream:short)%00%(objectname)%00%(upstream:track) refs/heads/main refs/remotes/main [6ms]
[2022-07-07T17:17:09.349Z] > git for-each-ref --sort -committerdate --format %(refname) %(objectname) %(*objectname) [37ms]
[2022-07-07T17:17:09.357Z] > git remote --verbose [10ms]
[2022-07-07T17:17:09.380Z] > git config --get commit.template [4ms]
[2022-07-07T17:17:14.417Z] > git symbolic-ref --short HEAD [2ms]
[2022-07-07T17:17:14.434Z] > git for-each-ref --format=%(refname)%00%(upstream:short)%00%(objectname)%00%(upstream:track) refs/heads/main refs/remotes/main [5ms]
[2022-07-07T17:17:14.460Z] > git for-each-ref --sort -committerdate --format %(refname) %(objectname) %(*objectname) [14ms]
[2022-07-07T17:17:14.461Z] > git remote --verbose [2ms]
[2022-07-07T17:17:14.477Z] > git config --get commit.template [3ms]
[2022-07-07T17:17:36.074Z] > git symbolic-ref --short HEAD [1ms]
[2022-07-07T17:17:36.087Z] > git for-each-ref --format=%(refname)%00%(upstream:short)%00%(objectname)%00%(upstream:track) refs/heads/main refs/remotes/main [1ms]
[2022-07-07T17:17:36.111Z] > git for-each-ref --sort -committerdate --format %(refname) %(objectname) %(*objectname) [12ms]
[2022-07-07T17:17:36.112Z] > git remote --verbose [2ms]
[2022-07-07T17:17:36.126Z] > git config --get commit.template [1ms]
[2022-07-07T17:17:41.160Z] > git symbolic-ref --short HEAD [2ms]
[2022-07-07T17:17:41.169Z] > git for-each-ref --format=%(refname)%00%(upstream:short)%00%(objectname)%00%(upstream:track) refs/heads/main refs/remotes/main [2ms]
[2022-07-07T17:17:41.193Z] > git for-each-ref --sort -committerdate --format %(refname) %(objectname) %(*objectname) [14ms]
[2022-07-07T17:17:41.195Z] > git remote --verbose [3ms]
[2022-07-07T17:17:41.213Z] > git config --get commit.template [4ms]
[2022-07-07T17:17:46.249Z] > git symbolic-ref --short HEAD [3ms]
[2022-07-07T17:17:46.260Z] > git for-each-ref --format=%(refname)%00%(upstream:short)%00%(objectname)%00%(upstream:track) refs/heads/main refs/remotes/main [3ms]
[2022-07-07T17:17:46.281Z] > git for-each-ref --sort -committerdate --format %(refname) %(objectname) %(*objectname) [10ms]
[2022-07-07T17:17:46.283Z] > git remote --verbose [3ms]
[2022-07-07T17:17:46.300Z] > git config --get commit.template [4ms]
[2022-07-07T17:17:59.646Z] > git symbolic-ref --short HEAD [2ms]
[2022-07-07T17:17:59.660Z] > git for-each-ref --format=%(refname)%00%(upstream:short)%00%(objectname)%00%(upstream:track) refs/heads/main refs/remotes/main [2ms]
[2022-07-07T17:17:59.686Z] > git for-each-ref --sort -committerdate --format %(refname) %(objectname) %(*objectname) [14ms]
[2022-07-07T17:17:59.691Z] > git remote --verbose [7ms]
[2022-07-07T17:17:59.708Z] > git config --get commit.template [3ms]
[2022-07-07T17:18:26.420Z] > git symbolic-ref --short HEAD [1ms]
[2022-07-07T17:18:26.433Z] > git for-each-ref --format=%(refname)%00%(upstream:short)%00%(objectname)%00%(upstream:track) refs/heads/main refs/remotes/main [2ms]
[2022-07-07T17:18:26.457Z] > git remote --verbose [2ms]
[2022-07-07T17:18:26.457Z] > git for-each-ref --sort -committerdate --format %(refname) %(objectname) %(*objectname) [13ms]
[2022-07-07T17:18:26.471Z] > git config --get commit.template [1ms]
[2022-07-07T17:18:49.656Z] > git symbolic-ref --short HEAD [1ms]
[2022-07-07T17:18:49.671Z] > git for-each-ref --format=%(refname)%00%(upstream:short)%00%(objectname)%00%(upstream:track) refs/heads/main refs/remotes/main [4ms]
[2022-07-07T17:18:49.705Z] > git for-each-ref --sort -committerdate --format %(refname) %(objectname) %(*objectname) [22ms]
[2022-07-07T17:18:49.708Z] > git remote --verbose [4ms]
[2022-07-07T17:18:49.736Z] > git config --get commit.template [5ms]
[2022-07-07T17:18:54.768Z] > git symbolic-ref --short HEAD [1ms]
[2022-07-07T17:18:54.781Z] > git for-each-ref --format=%(refname)%00%(upstream:short)%00%(objectname)%00%(upstream:track) refs/heads/main refs/remotes/main [2ms]
[2022-07-07T17:18:54.803Z] > git for-each-ref --sort -committerdate --format %(refname) %(objectname) %(*objectname) [12ms]
[2022-07-07T17:18:54.803Z] > git remote --verbose [1ms]
[2022-07-07T17:18:54.818Z] > git config --get commit.template [1ms]
[2022-07-07T17:20:14.699Z] > git symbolic-ref --short HEAD [11ms]
[2022-07-07T17:20:14.726Z] > git for-each-ref --format=%(refname)%00%(upstream:short)%00%(objectname)%00%(upstream:track) refs/heads/main refs/remotes/main [5ms]
[2022-07-07T17:20:14.766Z] > git for-each-ref --sort -committerdate --format %(refname) %(objectname) %(*objectname) [26ms]
[2022-07-07T17:20:14.785Z] > git remote --verbose [20ms]
[2022-07-07T17:20:14.821Z] > git config --get commit.template [13ms]
[2022-07-07T17:20:19.861Z] > git symbolic-ref --short HEAD [1ms]
[2022-07-07T17:20:19.876Z] > git for-each-ref --format=%(refname)%00%(upstream:short)%00%(objectname)%00%(upstream:track) refs/heads/main refs/remotes/main [1ms]
[2022-07-07T17:20:19.919Z] > git remote --verbose [4ms]
[2022-07-07T17:20:19.920Z] > git for-each-ref --sort -committerdate --format %(refname) %(objectname) %(*objectname) [27ms]
[2022-07-07T17:20:19.939Z] > git config --get commit.template [4ms]
[2022-07-07T17:20:26.977Z] > git symbolic-ref --short HEAD [1ms]
[2022-07-07T17:20:26.990Z] > git for-each-ref --format=%(refname)%00%(upstream:short)%00%(objectname)%00%(upstream:track) refs/heads/main refs/remotes/main [2ms]
[2022-07-07T17:20:27.013Z] > git for-each-ref --sort -committerdate --format %(refname) %(objectname) %(*objectname) [12ms]
[2022-07-07T17:20:27.013Z] > git remote --verbose [2ms]
[2022-07-07T17:20:27.031Z] > git config --get commit.template [2ms]
[2022-07-07T17:20:38.829Z] > git symbolic-ref --short HEAD [1ms]
[2022-07-07T17:20:38.842Z] > git for-each-ref --format=%(refname)%00%(upstream:short)%00%(objectname)%00%(upstream:track) refs/heads/main refs/remotes/main [2ms]
[2022-07-07T17:20:38.864Z] > git for-each-ref --sort -committerdate --format %(refname) %(objectname) %(*objectname) [11ms]
[2022-07-07T17:20:38.864Z] > git remote --verbose [1ms]
[2022-07-07T17:20:38.879Z] > git config --get commit.template [2ms]
[2022-07-07T17:20:43.913Z] > git symbolic-ref --short HEAD [2ms]
[2022-07-07T17:20:43.925Z] > git for-each-ref --format=%(refname)%00%(upstream:short)%00%(objectname)%00%(upstream:track) refs/heads/main refs/remotes/main [1ms]
[2022-07-07T17:20:43.948Z] > git for-each-ref --sort -committerdate --format %(refname) %(objectname) %(*objectname) [12ms]
[2022-07-07T17:20:43.948Z] > git remote --verbose [1ms]
[2022-07-07T17:20:43.962Z] > git config --get commit.template [2ms]
[2022-07-07T17:20:57.062Z] > git symbolic-ref --short HEAD [2ms]
[2022-07-07T17:20:57.074Z] > git for-each-ref --format=%(refname)%00%(upstream:short)%00%(objectname)%00%(upstream:track) refs/heads/main refs/remotes/main [1ms]
[2022-07-07T17:20:57.094Z] > git for-each-ref --sort -committerdate --format %(refname) %(objectname) %(*objectname) [9ms]
[2022-07-07T17:20:57.095Z] > git remote --verbose [2ms]
[2022-07-07T17:20:57.109Z] > git config --get commit.template [1ms]
[2022-07-07T17:21:11.981Z] > git symbolic-ref --short HEAD [1ms]
[2022-07-07T17:21:11.994Z] > git for-each-ref --format=%(refname)%00%(upstream:short)%00%(objectname)%00%(upstream:track) refs/heads/main refs/remotes/main [2ms]
[2022-07-07T17:21:12.016Z] > git for-each-ref --sort -committerdate --format %(refname) %(objectname) %(*objectname) [11ms]
[2022-07-07T17:21:12.016Z] > git remote --verbose [1ms]
[2022-07-07T17:21:12.031Z] > git config --get commit.template [1ms]
[2022-07-07T17:21:23.901Z] > git symbolic-ref --short HEAD [1ms]
[2022-07-07T17:21:23.915Z] > git for-each-ref --format=%(refname)%00%(upstream:short)%00%(objectname)%00%(upstream:track) refs/heads/main refs/remotes/main [1ms]
[2022-07-07T17:21:23.938Z] > git for-each-ref --sort -committerdate --format %(refname) %(objectname) %(*objectname) [12ms]
[2022-07-07T17:21:23.938Z] > git remote --verbose [1ms]
[2022-07-07T17:21:23.954Z] > git config --get commit.template [2ms]
[2022-07-07T17:21:28.986Z] > git symbolic-ref --short HEAD [1ms]
[2022-07-07T17:21:28.998Z] > git for-each-ref --format=%(refname)%00%(upstream:short)%00%(objectname)%00%(upstream:track) refs/heads/main refs/remotes/main [2ms]
[2022-07-07T17:21:29.020Z] > git for-each-ref --sort -committerdate --format %(refname) %(objectname) %(*objectname) [12ms]
[2022-07-07T17:21:29.020Z] > git remote --verbose [1ms]
[2022-07-07T17:21:29.034Z] > git config --get commit.template [2ms]
[2022-07-07T17:21:47.008Z] > git symbolic-ref --short HEAD [3ms]
[2022-07-07T17:21:47.022Z] > git for-each-ref --format=%(refname)%00%(upstream:short)%00%(objectname)%00%(upstream:track) refs/heads/main refs/remotes/main [2ms]
[2022-07-07T17:21:47.051Z] > git remote --verbose [2ms]
[2022-07-07T17:21:47.051Z] > git for-each-ref --sort -committerdate --format %(refname) %(objectname) %(*objectname) [14ms]
[2022-07-07T17:21:47.068Z] > git config --get commit.template [1ms]
