[2022-07-10 09:57:03.124] [exthost] [info] Extension host with pid 3369 started
[2022-07-10 09:57:03.124] [exthost] [info] Skipping acquiring lock for /home/dplepler/.config/Code/User/workspaceStorage/f36c5b945b5bffaef9526cc214de48e2.
[2022-07-10 09:57:03.735] [exthost] [info] ExtensionService#_doActivateExtension vscode.microsoft-authentication, startup: false, activationEvent: 'onAuthenticationRequest:microsoft'
[2022-07-10 09:57:03.815] [exthost] [info] ExtensionService#_doActivateExtension vscode.debug-auto-launch, startup: true, activationEvent: '*'
[2022-07-10 09:57:03.829] [exthost] [info] ExtensionService#_doActivateExtension vscode.git-base, startup: true, activationEvent: '*', root cause: vscode.git
[2022-07-10 09:57:03.840] [exthost] [info] ExtensionService#_doActivateExtension vscode.ipynb, startup: true, activationEvent: '*'
[2022-07-10 09:57:04.040] [exthost] [info] ExtensionService#_doActivateExtension vscode.git, startup: true, activationEvent: '*'
[2022-07-10 09:57:04.188] [exthost] [info] ExtensionService#_doActivateExtension vscode.github, startup: true, activationEvent: '*'
[2022-07-10 09:57:04.437] [exthost] [info] ExtensionService#_doActivateExtension ms-vscode.makefile-tools, startup: true, activationEvent: 'workspaceContains:**/makefile,**/Makefile,**/GNUmakefile'
[2022-07-10 09:57:05.239] [exthost] [info] ExtensionService#_doActivateExtension vscode.github-authentication, startup: false, activationEvent: 'onAuthenticationRequest:github'
[2022-07-10 09:57:06.105] [exthost] [info] ExtensionService#_doActivateExtension ms-vscode.cpptools, startup: false, activationEvent: 'api', root cause: ms-vscode.makefile-tools
[2022-07-10 09:57:07.692] [exthost] [info] Eager extensions activated
[2022-07-10 09:57:07.741] [exthost] [info] ExtensionService#_doActivateExtension vscode.emmet, startup: false, activationEvent: 'onStartupFinished'
[2022-07-10 09:57:07.787] [exthost] [info] ExtensionService#_doActivateExtension vscode.merge-conflict, startup: false, activationEvent: 'onStartupFinished'
[2022-07-10 09:57:07.792] [exthost] [info] ExtensionService#_doActivateExtension Equinusocio.vsc-material-theme, startup: false, activationEvent: 'onStartupFinished'
[2022-07-10 09:57:07.818] [exthost] [info] ExtensionService#_doActivateExtension equinusocio.vsc-material-theme-icons, startup: false, activationEvent: 'onStartupFinished'
[2022-07-10 09:57:07.935] [exthost] [info] ExtensionService#_doActivateExtension ms-vscode-remote.remote-containers, startup: false, activationEvent: 'onStartupFinished'
[2022-07-10 09:57:08.125] [exthost] [info] ExtensionService#_doActivateExtension ms-vscode-remote.remote-wsl, startup: false, activationEvent: 'onStartupFinished'
[2022-07-10 09:57:08.149] [exthost] [info] ExtensionService#_doActivateExtension zhuangtongfa.material-theme, startup: false, activationEvent: 'onStartupFinished'
[2022-07-10 10:25:40.593] [exthost] [info] ExtensionService#_doActivateExtension cschlosser.doxdocgen, startup: false, activationEvent: 'onLanguage:c'
[2022-07-11 12:29:08.378] [exthost] [info] extension host terminating: renderer closed the socket
[2022-07-11 12:29:08.510] [exthost] [error] [ms-vscode.cpptools] provider FAILED
[2022-07-11 12:29:08.510] [exthost] [error] Error: Connection got disposed.
	at Object.dispose (/home/dplepler/.vscode/extensions/ms-vscode.cpptools-1.10.8-linux-x64/dist/main.js:49100:25)
	at Object.dispose (/home/dplepler/.vscode/extensions/ms-vscode.cpptools-1.10.8-linux-x64/dist/main.js:50020:35)
	at /home/dplepler/.vscode/extensions/ms-vscode.cpptools-1.10.8-linux-x64/dist/main.js:52014:28
	at async Promise.all (index 14)
	at async u.deactivateAll (/usr/share/code/resources/app/out/vs/workbench/api/node/extensionHostProcess.js:90:10255)
[2022-07-11 12:29:08.510] [exthost] [info] Extension host with pid 3369 exiting with code 0
