[2022-06-19T19:27:33.536Z] Validating found git in: git
[2022-06-19T19:27:33.866Z] Using git 2.25.1 from git
[2022-06-19T19:27:35.674Z] > git rev-parse --git-dir [1426ms]
[2022-06-19T19:27:35.792Z] Open repository: /home/dplepler/Documents/Projects/AtOSx64
[2022-06-19T19:27:38.038Z] > git symbolic-ref --short HEAD [1195ms]
[2022-06-19T19:27:39.627Z] > git for-each-ref --format=%(refname)%00%(upstream:short)%00%(objectname)%00%(upstream:track) refs/heads/main refs/remotes/main [1446ms]
[2022-06-19T19:27:40.912Z] > git remote --verbose [1108ms]
[2022-06-19T19:27:40.913Z] > git for-each-ref --sort -committerdate --format %(refname) %(objectname) %(*objectname) [1175ms]
[2022-06-19T19:27:41.078Z] > git ls-files --stage -- /home/dplepler/Documents/Projects/AtOSx64/AtOSx32/Kernel/kernel.c [203ms]
[2022-06-19T19:27:41.535Z] > git config --get commit.template [485ms]
[2022-06-19T19:27:41.759Z] > git cat-file -s 99a68faf1678bea3694adc2a9bce9d20f0e56271 [530ms]
[2022-06-19T19:28:04.703Z] > git ls-files --stage -- /home/dplepler/Documents/Projects/AtOSx64/AtOSx32/Kernel/pmm.c [11ms]
[2022-06-19T19:28:04.724Z] > git cat-file -s e042d778826f99651a27298a0548351e20e8a66e [4ms]
[2022-06-19T19:28:05.972Z] > git ls-files --stage -- /home/dplepler/Documents/Projects/AtOSx64/AtOSx32/Kernel/pmm.h [39ms]
[2022-06-19T19:28:06.024Z] > git cat-file -s 1866df3cac5b8968879fe731412b48e1b0a415f0 [16ms]
[2022-06-19T19:28:07.136Z] > git ls-files --stage -- /home/dplepler/Documents/Projects/AtOSx64/AtOSx32/Kernel/utils.h [2ms]
[2022-06-19T19:28:07.175Z] > git cat-file -s 64291c93b21bc31963499f966bfd1c9e19523f08 [3ms]
[2022-06-19T19:28:08.421Z] > git ls-files --stage -- /home/dplepler/Documents/Projects/AtOSx64/AtOSx32/Kernel/vmm.c [49ms]
[2022-06-19T19:28:08.527Z] > git cat-file -s 9374acbe997480e802ac5bf047ef9e63fbbe19b1 [27ms]
[2022-06-19T19:32:00.752Z] > git ls-files --stage -- /home/dplepler/Documents/Projects/AtOSx64/AtOSx32/Kernel/heap.c [37ms]
[2022-06-19T19:32:00.857Z] > git cat-file -s 068610a1c5efb478ca0d304b9425db17ed065479 [10ms]
[2022-06-19T19:33:18.007Z] > git ls-files --stage -- /home/dplepler/Documents/Projects/AtOSx64/AtOSx32/Kernel/kernel.c [24ms]
[2022-06-19T19:33:18.032Z] > git cat-file -s 99a68faf1678bea3694adc2a9bce9d20f0e56271 [3ms]
[2022-06-19T19:33:19.097Z] > git ls-files --stage -- /home/dplepler/Documents/Projects/AtOSx64/AtOSx32/Kernel/pmm.c [10ms]
[2022-06-19T19:33:19.142Z] > git cat-file -s e042d778826f99651a27298a0548351e20e8a66e [3ms]
[2022-06-19T19:43:32.606Z] > git ls-files --stage -- /home/dplepler/Documents/Projects/AtOSx64/AtOSx32/Kernel/kernel.c [3ms]
[2022-06-19T19:43:32.617Z] > git cat-file -s 99a68faf1678bea3694adc2a9bce9d20f0e56271 [2ms]
[2022-06-19T19:46:02.030Z] > git ls-files --stage -- /home/dplepler/Documents/Projects/AtOSx64/AtOSx32/Kernel/kernel_start.asm [19ms]
[2022-06-19T19:46:02.047Z] > git cat-file -s 5d1cb7746a81a0ebb0149dd804dff660ba99cf41 [2ms]
[2022-06-19T19:46:02.650Z] > git ls-files --stage -- /home/dplepler/Documents/Projects/AtOSx64/AtOSx32/Kernel/kernel_screen.h [5ms]
[2022-06-19T19:46:02.679Z] > git cat-file -s 1f128472a8548ec2c48dd397eaaf28dc30f6ba5c [3ms]
[2022-06-19T19:46:09.024Z] > git ls-files --stage -- /home/dplepler/Documents/Projects/AtOSx64/AtOSx32/Kernel/kernel_keyboard.h [2ms]
[2022-06-19T19:46:09.039Z] > git cat-file -s 9c9a7cafb464df684d7c0c868803e8f765e379e1 [1ms]
[2022-06-19T19:46:09.558Z] > git ls-files --stage -- /home/dplepler/Documents/Projects/AtOSx64/AtOSx32/Kernel/kernel_keyboard.c [8ms]
[2022-06-19T19:46:09.587Z] > git cat-file -s cbfb7218baa71a730db5d29089afe789fd67fedd [3ms]
[2022-06-19T19:46:20.239Z] > git ls-files --stage -- /home/dplepler/Documents/Projects/AtOSx64/AtOSx32/Kernel/kernel_screen.c [8ms]
[2022-06-19T19:46:20.267Z] > git cat-file -s b1d0d02c5cb516f24e5bee56f58a29491446652b [11ms]
[2022-06-19T19:46:22.138Z] > git ls-files --stage -- /home/dplepler/Documents/Projects/AtOSx64/AtOSx32/Kernel/pmm.h [5ms]
[2022-06-19T19:46:22.151Z] > git cat-file -s 1866df3cac5b8968879fe731412b48e1b0a415f0 [1ms]
[2022-06-19T19:46:22.769Z] > git ls-files --stage -- /home/dplepler/Documents/Projects/AtOSx64/AtOSx32/Kernel/kernel.c [20ms]
[2022-06-19T19:46:22.811Z] > git cat-file -s 99a68faf1678bea3694adc2a9bce9d20f0e56271 [11ms]
