[2022-07-05 06:30:52.065] [exthost] [info] Extension host with pid 2738 started
[2022-07-05 06:30:52.065] [exthost] [info] Skipping acquiring lock for /home/dplepler/.config/Code/User/workspaceStorage/f36c5b945b5bffaef9526cc214de48e2.
[2022-07-05 06:30:52.687] [exthost] [info] ExtensionService#_doActivateExtension cschlosser.doxdocgen, startup: false, activationEvent: 'onLanguage:c'
[2022-07-05 06:30:53.044] [exthost] [info] ExtensionService#_doActivateExtension ms-vscode.cpptools, startup: false, activationEvent: 'onLanguage:c'
[2022-07-05 06:30:53.322] [exthost] [info] ExtensionService#_doActivateExtension vscode.microsoft-authentication, startup: false, activationEvent: 'onAuthenticationRequest:microsoft'
[2022-07-05 06:30:53.425] [exthost] [info] ExtensionService#_doActivateExtension vscode.debug-auto-launch, startup: true, activationEvent: '*'
[2022-07-05 06:30:53.432] [exthost] [info] ExtensionService#_doActivateExtension vscode.git-base, startup: true, activationEvent: '*', root cause: vscode.git
[2022-07-05 06:30:53.437] [exthost] [info] ExtensionService#_doActivateExtension vscode.ipynb, startup: true, activationEvent: '*'
[2022-07-05 06:30:54.122] [exthost] [info] ExtensionService#_doActivateExtension vscode.git, startup: true, activationEvent: '*'
[2022-07-05 06:30:54.417] [exthost] [info] ExtensionService#_doActivateExtension vscode.github, startup: true, activationEvent: '*'
[2022-07-05 06:30:54.841] [exthost] [info] ExtensionService#_doActivateExtension ms-vscode.makefile-tools, startup: true, activationEvent: 'workspaceContains:**/makefile,**/Makefile,**/GNUmakefile'
[2022-07-05 06:30:56.294] [exthost] [info] ExtensionService#_doActivateExtension vscode.github-authentication, startup: false, activationEvent: 'onAuthenticationRequest:github'
[2022-07-05 06:30:59.013] [exthost] [info] Eager extensions activated
[2022-07-05 06:30:59.075] [exthost] [info] ExtensionService#_doActivateExtension vscode.emmet, startup: false, activationEvent: 'onStartupFinished'
[2022-07-05 06:30:59.093] [exthost] [info] ExtensionService#_doActivateExtension vscode.merge-conflict, startup: false, activationEvent: 'onStartupFinished'
[2022-07-05 06:30:59.106] [exthost] [info] ExtensionService#_doActivateExtension Equinusocio.vsc-material-theme, startup: false, activationEvent: 'onStartupFinished'
[2022-07-05 06:30:59.164] [exthost] [info] ExtensionService#_doActivateExtension equinusocio.vsc-material-theme-icons, startup: false, activationEvent: 'onStartupFinished'
[2022-07-05 06:30:59.355] [exthost] [info] ExtensionService#_doActivateExtension ms-vscode-remote.remote-containers, startup: false, activationEvent: 'onStartupFinished'
[2022-07-05 06:30:59.606] [exthost] [info] ExtensionService#_doActivateExtension ms-vscode-remote.remote-wsl, startup: false, activationEvent: 'onStartupFinished'
[2022-07-05 06:30:59.648] [exthost] [info] ExtensionService#_doActivateExtension zhuangtongfa.material-theme, startup: false, activationEvent: 'onStartupFinished'
[2022-07-06 14:54:40.534] [exthost] [info] ExtensionService#_doActivateExtension vscode.configuration-editing, startup: false, activationEvent: 'onLanguage:jsonc'
[2022-07-06 14:54:40.565] [exthost] [info] ExtensionService#_doActivateExtension vscode.json-language-features, startup: false, activationEvent: 'onLanguage:jsonc'
[2022-07-06 14:54:40.717] [exthost] [info] ExtensionService#_doActivateExtension vscode.typescript-language-features, startup: false, activationEvent: 'onLanguage:jsonc'
[2022-07-07 10:18:55.776] [exthost] [warning] ms-vscode.cpptools - Code actions of kind 'quickfix 'requested but returned code action is of kind 'refactor.inline'. Code action will be dropped. Please check 'CodeActionContext.only' to only return requested code actions.
[2022-07-07 10:20:42.383] [exthost] [warning] ms-vscode.cpptools - Code actions of kind 'quickfix 'requested but returned code action is of kind 'refactor.inline'. Code action will be dropped. Please check 'CodeActionContext.only' to only return requested code actions.
[2022-07-07 10:20:44.580] [exthost] [warning] ms-vscode.cpptools - Code actions of kind 'quickfix 'requested but returned code action is of kind 'refactor.inline'. Code action will be dropped. Please check 'CodeActionContext.only' to only return requested code actions.
[2022-07-07 10:21:48.759] [exthost] [info] extension host terminating: renderer closed the socket
[2022-07-07 10:21:49.120] [exthost] [error] [ms-vscode.cpptools] provider FAILED
[2022-07-07 10:21:49.126] [exthost] [error] Error: Connection got disposed.
	at Object.dispose (/home/dplepler/.vscode/extensions/ms-vscode.cpptools-1.10.7-linux-x64/dist/main.js:49092:25)
	at Object.dispose (/home/dplepler/.vscode/extensions/ms-vscode.cpptools-1.10.7-linux-x64/dist/main.js:50012:35)
	at /home/dplepler/.vscode/extensions/ms-vscode.cpptools-1.10.7-linux-x64/dist/main.js:52006:28
	at async Promise.all (index 17)
	at async u.deactivateAll (/usr/share/code/resources/app/out/vs/workbench/api/node/extensionHostProcess.js:90:10255)
[2022-07-07 10:21:49.128] [exthost] [info] Extension host with pid 2738 exiting with code 0
