[2022-07-18T13:01:11.885Z] Validating found git in: git
[2022-07-18T13:01:12.058Z] Using git 2.25.1 from git
[2022-07-18T13:01:12.764Z] > git rev-parse --git-dir [47ms]
[2022-07-18T13:01:12.780Z] Open repository: /home/dplepler/Documents/Projects/AtOSx64
[2022-07-18T13:01:13.212Z] > git symbolic-ref --short HEAD [33ms]
[2022-07-18T13:01:13.278Z] > git for-each-ref --format=%(refname)%00%(upstream:short)%00%(objectname)%00%(upstream:track) refs/heads/main refs/remotes/main [42ms]
[2022-07-18T13:01:13.337Z] > git for-each-ref --sort -committerdate --format %(refname) %(objectname) %(*objectname) [34ms]
[2022-07-18T13:01:13.338Z] > git remote --verbose [23ms]
[2022-07-18T13:01:13.419Z] > git config --get commit.template [54ms]
[2022-07-18T13:01:13.675Z] > git ls-files --stage -- /home/dplepler/Documents/Projects/AtOSx64/AtOSx32/Kernel/interrupts.c [178ms]
[2022-07-18T13:01:13.764Z] > git cat-file -s 861ba778c88e6dbf4960afd5637dd8f9895bd7fa [51ms]
[2022-07-18T13:01:16.425Z] > git symbolic-ref --short HEAD [39ms]
[2022-07-18T13:01:16.504Z] > git for-each-ref --format=%(refname)%00%(upstream:short)%00%(objectname)%00%(upstream:track) refs/heads/main refs/remotes/main [50ms]
[2022-07-18T13:01:16.694Z] > git for-each-ref --sort -committerdate --format %(refname) %(objectname) %(*objectname) [176ms]
[2022-07-18T13:01:16.795Z] > git remote --verbose [229ms]
[2022-07-18T13:01:16.913Z] > git config --get commit.template [47ms]
[2022-07-18T13:02:30.699Z] > git ls-files --stage -- /home/dplepler/Documents/Projects/AtOSx64/AtOSx32/Kernel/heap.c [18ms]
[2022-07-18T13:02:30.745Z] > git cat-file -s 068610a1c5efb478ca0d304b9425db17ed065479 [20ms]
[2022-07-18T13:03:48.031Z] > git symbolic-ref --short HEAD [2ms]
[2022-07-18T13:03:48.041Z] > git for-each-ref --format=%(refname)%00%(upstream:short)%00%(objectname)%00%(upstream:track) refs/heads/main refs/remotes/main [2ms]
[2022-07-18T13:03:48.057Z] > git for-each-ref --sort -committerdate --format %(refname) %(objectname) %(*objectname) [9ms]
[2022-07-18T13:03:48.058Z] > git remote --verbose [2ms]
[2022-07-18T13:03:48.073Z] > git config --get commit.template [6ms]
[2022-07-18T13:03:53.095Z] > git symbolic-ref --short HEAD [3ms]
[2022-07-18T13:03:53.106Z] > git for-each-ref --format=%(refname)%00%(upstream:short)%00%(objectname)%00%(upstream:track) refs/heads/main refs/remotes/main [2ms]
[2022-07-18T13:03:53.123Z] > git for-each-ref --sort -committerdate --format %(refname) %(objectname) %(*objectname) [9ms]
[2022-07-18T13:03:53.124Z] > git remote --verbose [3ms]
[2022-07-18T13:03:53.136Z] > git config --get commit.template [2ms]
[2022-07-18T13:05:29.435Z] > git symbolic-ref --short HEAD [2ms]
[2022-07-18T13:05:29.447Z] > git for-each-ref --format=%(refname)%00%(upstream:short)%00%(objectname)%00%(upstream:track) refs/heads/main refs/remotes/main [2ms]
[2022-07-18T13:05:29.467Z] > git for-each-ref --sort -committerdate --format %(refname) %(objectname) %(*objectname) [10ms]
[2022-07-18T13:05:29.468Z] > git remote --verbose [2ms]
[2022-07-18T13:05:29.484Z] > git config --get commit.template [3ms]
[2022-07-18T13:05:50.779Z] > git symbolic-ref --short HEAD [1ms]
[2022-07-18T13:05:50.790Z] > git for-each-ref --format=%(refname)%00%(upstream:short)%00%(objectname)%00%(upstream:track) refs/heads/main refs/remotes/main [2ms]
[2022-07-18T13:05:50.807Z] > git for-each-ref --sort -committerdate --format %(refname) %(objectname) %(*objectname) [8ms]
[2022-07-18T13:05:50.808Z] > git remote --verbose [2ms]
[2022-07-18T13:05:50.822Z] > git config --get commit.template [4ms]
[2022-07-18T13:06:34.093Z] > git symbolic-ref --short HEAD [2ms]
[2022-07-18T13:06:34.102Z] > git for-each-ref --format=%(refname)%00%(upstream:short)%00%(objectname)%00%(upstream:track) refs/heads/main refs/remotes/main [2ms]
[2022-07-18T13:06:34.129Z] > git for-each-ref --sort -committerdate --format %(refname) %(objectname) %(*objectname) [16ms]
[2022-07-18T13:06:34.138Z] > git remote --verbose [16ms]
[2022-07-18T13:06:34.158Z] > git config --get commit.template [6ms]
[2022-07-18T13:06:39.180Z] > git symbolic-ref --short HEAD [3ms]
[2022-07-18T13:06:39.192Z] > git for-each-ref --format=%(refname)%00%(upstream:short)%00%(objectname)%00%(upstream:track) refs/heads/main refs/remotes/main [3ms]
[2022-07-18T13:06:39.213Z] > git for-each-ref --sort -committerdate --format %(refname) %(objectname) %(*objectname) [7ms]
[2022-07-18T13:06:39.215Z] > git remote --verbose [3ms]
[2022-07-18T13:06:39.233Z] > git config --get commit.template [3ms]
[2022-07-18T13:06:44.255Z] > git symbolic-ref --short HEAD [1ms]
[2022-07-18T13:06:44.266Z] > git for-each-ref --format=%(refname)%00%(upstream:short)%00%(objectname)%00%(upstream:track) refs/heads/main refs/remotes/main [2ms]
[2022-07-18T13:06:44.283Z] > git for-each-ref --sort -committerdate --format %(refname) %(objectname) %(*objectname) [9ms]
[2022-07-18T13:06:44.283Z] > git remote --verbose [1ms]
[2022-07-18T13:06:44.295Z] > git config --get commit.template [3ms]
[2022-07-18T13:07:04.766Z] > git symbolic-ref --short HEAD [1ms]
[2022-07-18T13:07:04.782Z] > git for-each-ref --format=%(refname)%00%(upstream:short)%00%(objectname)%00%(upstream:track) refs/heads/main refs/remotes/main [3ms]
[2022-07-18T13:07:04.796Z] > git for-each-ref --sort -committerdate --format %(refname) %(objectname) %(*objectname) [7ms]
[2022-07-18T13:07:04.798Z] > git remote --verbose [4ms]
[2022-07-18T13:07:04.813Z] > git config --get commit.template [2ms]
[2022-07-18T13:07:09.835Z] > git symbolic-ref --short HEAD [1ms]
[2022-07-18T13:07:09.845Z] > git for-each-ref --format=%(refname)%00%(upstream:short)%00%(objectname)%00%(upstream:track) refs/heads/main refs/remotes/main [2ms]
[2022-07-18T13:07:09.864Z] > git remote --verbose [3ms]
[2022-07-18T13:07:09.864Z] > git for-each-ref --sort -committerdate --format %(refname) %(objectname) %(*objectname) [11ms]
[2022-07-18T13:07:09.876Z] > git config --get commit.template [4ms]
[2022-07-18T13:20:36.670Z] > git symbolic-ref --short HEAD [2ms]
[2022-07-18T13:20:36.678Z] > git for-each-ref --format=%(refname)%00%(upstream:short)%00%(objectname)%00%(upstream:track) refs/heads/main refs/remotes/main [2ms]
[2022-07-18T13:20:36.695Z] > git for-each-ref --sort -committerdate --format %(refname) %(objectname) %(*objectname) [9ms]
[2022-07-18T13:20:36.695Z] > git remote --verbose [1ms]
[2022-07-18T13:20:36.706Z] > git config --get commit.template [2ms]
[2022-07-18T13:20:41.729Z] > git symbolic-ref --short HEAD [2ms]
[2022-07-18T13:20:41.739Z] > git for-each-ref --format=%(refname)%00%(upstream:short)%00%(objectname)%00%(upstream:track) refs/heads/main refs/remotes/main [2ms]
[2022-07-18T13:20:41.757Z] > git for-each-ref --sort -committerdate --format %(refname) %(objectname) %(*objectname) [9ms]
[2022-07-18T13:20:41.757Z] > git remote --verbose [1ms]
[2022-07-18T13:20:41.771Z] > git config --get commit.template [1ms]
[2022-07-18T13:21:09.496Z] > git symbolic-ref --short HEAD [1ms]
[2022-07-18T13:21:09.507Z] > git for-each-ref --format=%(refname)%00%(upstream:short)%00%(objectname)%00%(upstream:track) refs/heads/main refs/remotes/main [2ms]
[2022-07-18T13:21:09.526Z] > git for-each-ref --sort -committerdate --format %(refname) %(objectname) %(*objectname) [10ms]
[2022-07-18T13:21:09.526Z] > git remote --verbose [1ms]
[2022-07-18T13:21:09.539Z] > git config --get commit.template [2ms]
[2022-07-18T13:21:15.387Z] > git symbolic-ref --short HEAD [1ms]
[2022-07-18T13:21:15.398Z] > git for-each-ref --format=%(refname)%00%(upstream:short)%00%(objectname)%00%(upstream:track) refs/heads/main refs/remotes/main [1ms]
[2022-07-18T13:21:15.414Z] > git for-each-ref --sort -committerdate --format %(refname) %(objectname) %(*objectname) [9ms]
[2022-07-18T13:21:15.414Z] > git remote --verbose [2ms]
[2022-07-18T13:21:15.429Z] > git config --get commit.template [3ms]
[2022-07-18T13:27:49.248Z] > git ls-files --stage -- /home/dplepler/Documents/Projects/AtOSx64/AtOSx32/Kernel/hal.h [8ms]
[2022-07-18T13:27:49.260Z] > git cat-file -s 34613fa5dbb7325534bc027a5cb434a09069a113 [2ms]
[2022-07-18T13:27:52.421Z] > git ls-files --stage -- /home/dplepler/Documents/Projects/AtOSx64/AtOSx32/Kernel/gdt.c [2ms]
[2022-07-18T13:27:52.431Z] > git cat-file -s 1ce307031e4c9c61daed613f8e75a88ce1c68550 [2ms]
[2022-07-18T15:32:25.956Z] > git ls-files --stage -- /home/dplepler/Documents/Projects/AtOSx64/AtOSx32/Kernel/heap.c [4ms]
[2022-07-18T15:32:25.974Z] > git cat-file -s 068610a1c5efb478ca0d304b9425db17ed065479 [5ms]
[2022-07-18T15:32:26.825Z] > git ls-files --stage -- /home/dplepler/Documents/Projects/AtOSx64/AtOSx32/Kernel/heap.h [11ms]
[2022-07-18T15:32:26.846Z] > git cat-file -s 4052581d6ebd3f557495575e0b4ff99498e5af97 [4ms]
[2022-07-18T15:32:30.241Z] > git ls-files --stage -- /home/dplepler/Documents/Projects/AtOSx64/AtOSx32/Kernel/interrupts.h [4ms]
[2022-07-18T15:32:30.269Z] > git cat-file -s e8bf614f41e216ea51692d97e8a77b32ce5914da [4ms]
[2022-07-18T15:32:31.106Z] > git ls-files --stage -- /home/dplepler/Documents/Projects/AtOSx64/AtOSx32/Kernel/interrupts.c [7ms]
[2022-07-18T15:32:31.121Z] > git cat-file -s 861ba778c88e6dbf4960afd5637dd8f9895bd7fa [1ms]
[2022-07-18T15:32:39.467Z] > git ls-files --stage -- /home/dplepler/Documents/Projects/AtOSx64/AtOSx32/Kernel/errors.h [2ms]
[2022-07-18T15:32:39.480Z] > git cat-file -s e7f150aad29205c7c1b54dc15f215f28fa0a7db9 [4ms]
[2022-07-18T15:32:45.199Z] > git ls-files --stage -- /home/dplepler/Documents/Projects/AtOSx64/AtOSx32/Kernel/kernel.c [3ms]
[2022-07-18T15:32:45.217Z] > git cat-file -s 3e663a0d242d55f91c7121e8695116bdf17ca760 [6ms]
[2022-07-18T15:32:51.726Z] > git symbolic-ref --short HEAD [1ms]
[2022-07-18T15:32:51.737Z] > git for-each-ref --format=%(refname)%00%(upstream:short)%00%(objectname)%00%(upstream:track) refs/heads/main refs/remotes/main [2ms]
[2022-07-18T15:32:51.762Z] > git for-each-ref --sort -committerdate --format %(refname) %(objectname) %(*objectname) [10ms]
[2022-07-18T15:32:51.763Z] > git remote --verbose [2ms]
[2022-07-18T15:32:51.779Z] > git config --get commit.template [2ms]
[2022-07-18T15:32:59.957Z] > git symbolic-ref --short HEAD [2ms]
[2022-07-18T15:32:59.986Z] > git for-each-ref --format=%(refname)%00%(upstream:short)%00%(objectname)%00%(upstream:track) refs/heads/main refs/remotes/main [21ms]
[2022-07-18T15:33:00.015Z] > git for-each-ref --sort -committerdate --format %(refname) %(objectname) %(*objectname) [20ms]
[2022-07-18T15:33:00.017Z] > git remote --verbose [3ms]
[2022-07-18T15:33:00.048Z] > git config --get commit.template [11ms]
[2022-07-18T15:33:07.912Z] > git symbolic-ref --short HEAD [5ms]
[2022-07-18T15:33:07.943Z] > git for-each-ref --format=%(refname)%00%(upstream:short)%00%(objectname)%00%(upstream:track) refs/heads/main refs/remotes/main [3ms]
[2022-07-18T15:33:07.999Z] > git for-each-ref --sort -committerdate --format %(refname) %(objectname) %(*objectname) [25ms]
[2022-07-18T15:33:07.999Z] > git remote --verbose [2ms]
[2022-07-18T15:33:08.049Z] > git config --get commit.template [21ms]
[2022-07-18T15:33:13.073Z] > git symbolic-ref --short HEAD [2ms]
[2022-07-18T15:33:13.084Z] > git for-each-ref --format=%(refname)%00%(upstream:short)%00%(objectname)%00%(upstream:track) refs/heads/main refs/remotes/main [1ms]
[2022-07-18T15:33:13.105Z] > git for-each-ref --sort -committerdate --format %(refname) %(objectname) %(*objectname) [10ms]
[2022-07-18T15:33:13.105Z] > git remote --verbose [1ms]
[2022-07-18T15:33:13.120Z] > git config --get commit.template [2ms]
[2022-07-18T15:33:33.469Z] > git symbolic-ref --short HEAD [2ms]
[2022-07-18T15:33:33.480Z] > git for-each-ref --format=%(refname)%00%(upstream:short)%00%(objectname)%00%(upstream:track) refs/heads/main refs/remotes/main [2ms]
[2022-07-18T15:33:33.497Z] > git for-each-ref --sort -committerdate --format %(refname) %(objectname) %(*objectname) [8ms]
[2022-07-18T15:33:33.499Z] > git remote --verbose [2ms]
[2022-07-18T15:33:33.512Z] > git config --get commit.template [1ms]
[2022-07-18T15:33:38.536Z] > git symbolic-ref --short HEAD [1ms]
[2022-07-18T15:33:38.547Z] > git for-each-ref --format=%(refname)%00%(upstream:short)%00%(objectname)%00%(upstream:track) refs/heads/main refs/remotes/main [2ms]
[2022-07-18T15:33:38.568Z] > git for-each-ref --sort -committerdate --format %(refname) %(objectname) %(*objectname) [12ms]
[2022-07-18T15:33:38.568Z] > git remote --verbose [3ms]
[2022-07-18T15:33:38.582Z] > git config --get commit.template [2ms]
[2022-07-18T15:33:43.606Z] > git symbolic-ref --short HEAD [2ms]
[2022-07-18T15:33:43.621Z] > git for-each-ref --format=%(refname)%00%(upstream:short)%00%(objectname)%00%(upstream:track) refs/heads/main refs/remotes/main [2ms]
[2022-07-18T15:33:43.638Z] > git for-each-ref --sort -committerdate --format %(refname) %(objectname) %(*objectname) [10ms]
[2022-07-18T15:33:43.640Z] > git remote --verbose [4ms]
[2022-07-18T15:33:43.680Z] > git config --get commit.template [16ms]
[2022-07-18T15:33:48.706Z] > git symbolic-ref --short HEAD [1ms]
[2022-07-18T15:33:48.718Z] > git for-each-ref --format=%(refname)%00%(upstream:short)%00%(objectname)%00%(upstream:track) refs/heads/main refs/remotes/main [2ms]
[2022-07-18T15:33:48.739Z] > git for-each-ref --sort -committerdate --format %(refname) %(objectname) %(*objectname) [10ms]
[2022-07-18T15:33:48.739Z] > git remote --verbose [1ms]
[2022-07-18T15:33:48.765Z] > git config --get commit.template [4ms]
[2022-07-18T15:33:55.304Z] > git symbolic-ref --short HEAD [2ms]
[2022-07-18T15:33:55.316Z] > git for-each-ref --format=%(refname)%00%(upstream:short)%00%(objectname)%00%(upstream:track) refs/heads/main refs/remotes/main [2ms]
[2022-07-18T15:33:55.336Z] > git for-each-ref --sort -committerdate --format %(refname) %(objectname) %(*objectname) [11ms]
[2022-07-18T15:33:55.336Z] > git remote --verbose [1ms]
[2022-07-18T15:33:55.351Z] > git config --get commit.template [2ms]
[2022-07-18T15:34:13.117Z] > git symbolic-ref --short HEAD [4ms]
[2022-07-18T15:34:13.127Z] > git for-each-ref --format=%(refname)%00%(upstream:short)%00%(objectname)%00%(upstream:track) refs/heads/main refs/remotes/main [2ms]
[2022-07-18T15:34:13.149Z] > git for-each-ref --sort -committerdate --format %(refname) %(objectname) %(*objectname) [10ms]
[2022-07-18T15:34:13.150Z] > git remote --verbose [2ms]
[2022-07-18T15:34:13.162Z] > git config --get commit.template [1ms]
[2022-07-18T15:35:02.722Z] > git symbolic-ref --short HEAD [6ms]
[2022-07-18T15:35:02.757Z] > git for-each-ref --format=%(refname)%00%(upstream:short)%00%(objectname)%00%(upstream:track) refs/heads/main refs/remotes/main [3ms]
[2022-07-18T15:35:02.893Z] > git for-each-ref --sort -committerdate --format %(refname) %(objectname) %(*objectname) [112ms]
[2022-07-18T15:35:02.894Z] > git remote --verbose [91ms]
[2022-07-18T15:35:02.929Z] > git ls-files --stage -- /home/dplepler/Documents/Projects/AtOSx64/AtOSx32/Kernel/kernel.c [35ms]
[2022-07-18T15:35:02.959Z] > git config --get commit.template [33ms]
[2022-07-18T15:35:02.964Z] > git cat-file -s fea03f8c5f74d5514bd046880fa9e8adb3b16af2 [7ms]
[2022-07-18T15:35:07.984Z] > git symbolic-ref --short HEAD [2ms]
[2022-07-18T15:35:07.995Z] > git for-each-ref --format=%(refname)%00%(upstream:short)%00%(objectname)%00%(upstream:track) refs/heads/main refs/remotes/main [1ms]
[2022-07-18T15:35:08.016Z] > git for-each-ref --sort -committerdate --format %(refname) %(objectname) %(*objectname) [11ms]
[2022-07-18T15:35:08.017Z] > git remote --verbose [3ms]
[2022-07-18T15:35:08.034Z] > git config --get commit.template [2ms]
