[2022-07-15T19:07:07.252Z] Validating found git in: git
[2022-07-15T19:07:07.423Z] Using git 2.25.1 from git
[2022-07-15T19:07:07.757Z] > git rev-parse --git-dir [127ms]
[2022-07-15T19:07:07.852Z] Open repository: /home/dplepler/Documents/Projects/AtOSx64
[2022-07-15T19:07:08.038Z] > git symbolic-ref --short HEAD [17ms]
[2022-07-15T19:07:08.094Z] > git for-each-ref --format=%(refname)%00%(upstream:short)%00%(objectname)%00%(upstream:track) refs/heads/main refs/remotes/main [28ms]
[2022-07-15T19:07:08.147Z] > git remote --verbose [16ms]
[2022-07-15T19:07:08.182Z] > git for-each-ref --sort -committerdate --format %(refname) %(objectname) %(*objectname) [69ms]
[2022-07-15T19:07:08.262Z] > git config --get commit.template [22ms]
[2022-07-15T19:07:10.700Z] > git ls-files --stage -- /home/dplepler/Documents/Projects/AtOSx64/AtOSx32/Kernel/hal.c [529ms]
[2022-07-15T19:07:10.795Z] > git cat-file -s 9a29ad9ecfb35da153e63254e7912e6365cb5afc [32ms]
[2022-07-15T19:07:11.470Z] > git symbolic-ref --short HEAD [47ms]
[2022-07-15T19:07:11.548Z] > git for-each-ref --format=%(refname)%00%(upstream:short)%00%(objectname)%00%(upstream:track) refs/heads/main refs/remotes/main [5ms]
[2022-07-15T19:07:12.498Z] > git remote --verbose [768ms]
[2022-07-15T19:07:12.499Z] > git for-each-ref --sort -committerdate --format %(refname) %(objectname) %(*objectname) [813ms]
[2022-07-15T19:07:12.526Z] > git config --get commit.template [14ms]
[2022-07-15T19:09:06.320Z] > git ls-files --stage -- /home/dplepler/Documents/Projects/AtOSx64/AtOSx32/Kernel/gdt.h [3ms]
[2022-07-15T19:09:06.332Z] > git cat-file -s aa122508b0d69e7145a6fcc83b7389e2bb11b975 [2ms]
[2022-07-15T19:09:07.761Z] > git ls-files --stage -- /home/dplepler/Documents/Projects/AtOSx64/AtOSx32/Kernel/hal.c [2ms]
[2022-07-15T19:09:07.773Z] > git cat-file -s 9a29ad9ecfb35da153e63254e7912e6365cb5afc [4ms]
[2022-07-15T19:09:08.822Z] > git ls-files --stage -- /home/dplepler/Documents/Projects/AtOSx64/AtOSx32/Kernel/hal.h [3ms]
[2022-07-15T19:09:08.835Z] > git cat-file -s 34613fa5dbb7325534bc027a5cb434a09069a113 [3ms]
[2022-07-15T19:09:15.805Z] > git ls-files --stage -- /home/dplepler/Documents/Projects/AtOSx64/AtOSx32/Kernel/heap.c [4ms]
[2022-07-15T19:09:15.834Z] > git cat-file -s 068610a1c5efb478ca0d304b9425db17ed065479 [5ms]
[2022-07-15T19:09:18.133Z] > git ls-files --stage -- /home/dplepler/Documents/Projects/AtOSx64/AtOSx32/Kernel/heap.h [2ms]
[2022-07-15T19:09:18.145Z] > git cat-file -s 4052581d6ebd3f557495575e0b4ff99498e5af97 [3ms]
[2022-07-15T19:09:20.469Z] > git ls-files --stage -- /home/dplepler/Documents/Projects/AtOSx64/AtOSx32/Kernel/kernel_screen.h [4ms]
[2022-07-15T19:09:20.500Z] > git cat-file -s 799a39b7b915619b0aadd84adc7b4814e9431263 [21ms]
[2022-07-15T19:10:13.695Z] > git ls-files --stage -- /home/dplepler/Documents/Projects/AtOSx64/AtOSx32/Kernel/kernel_keyboard.c [2ms]
[2022-07-15T19:10:13.734Z] > git cat-file -s cbfb7218baa71a730db5d29089afe789fd67fedd [7ms]
[2022-07-15T19:10:15.873Z] > git ls-files --stage -- /home/dplepler/Documents/Projects/AtOSx64/AtOSx32/Kernel/hal.h [2ms]
[2022-07-15T19:10:15.885Z] > git cat-file -s 34613fa5dbb7325534bc027a5cb434a09069a113 [2ms]
[2022-07-16T12:50:25.198Z] > git ls-files --stage -- /home/dplepler/Documents/Projects/AtOSx64/AtOSx32/Kernel/isr.asm [2ms]
[2022-07-16T12:50:25.231Z] > git cat-file -s b97b04a3a40ca32ec66c6b7d4a8fbcf32bce1fb9 [4ms]
[2022-07-16T12:50:32.130Z] > git ls-files --stage -- /home/dplepler/Documents/Projects/AtOSx64/AtOSx32/Kernel/interrupts.c [5ms]
[2022-07-16T12:50:32.145Z] > git cat-file -s 861ba778c88e6dbf4960afd5637dd8f9895bd7fa [4ms]
[2022-07-16T12:50:32.622Z] > git ls-files --stage -- /home/dplepler/Documents/Projects/AtOSx64/AtOSx32/Kernel/interrupts.h [8ms]
[2022-07-16T12:50:32.652Z] > git cat-file -s e8bf614f41e216ea51692d97e8a77b32ce5914da [5ms]
[2022-07-16T12:50:36.168Z] > git ls-files --stage -- /home/dplepler/Documents/Projects/AtOSx64/AtOSx32/Kernel/interrupts.c [6ms]
[2022-07-16T12:50:36.182Z] > git cat-file -s 861ba778c88e6dbf4960afd5637dd8f9895bd7fa [2ms]
