[2022-07-11 12:29:18.557] [sharedprocess] [info] Starting worker process with pid 12517 (type: fileWatcher, window: 1).
[2022-07-11 12:29:22.893] [sharedprocess] [info] Getting Manifest... github.github-vscode-theme
[2022-07-11 12:29:23.834] [sharedprocess] [info] Installing extension: github.github-vscode-theme
[2022-07-11 12:29:25.619] [sharedprocess] [info] Downloaded extension: github.github-vscode-theme /home/dplepler/.config/Code/CachedExtensionVSIXs/github.github-vscode-theme-6.1.0
[2022-07-11 12:29:25.672] [sharedprocess] [info] Extracted extension to /home/dplepler/.vscode/extensions/.559232e4-d931-4c49-a463-e3d10d3d018e: github.github-vscode-theme
[2022-07-11 12:29:25.675] [sharedprocess] [info] Renamed to /home/dplepler/.vscode/extensions/github.github-vscode-theme-6.1.0
[2022-07-11 12:29:25.677] [sharedprocess] [info] Extracting completed. github.github-vscode-theme
[2022-07-11 12:29:25.682] [sharedprocess] [info] Extension installed successfully: github.github-vscode-theme
[2022-07-13 10:44:30.272] [sharedprocess] [warning] No ptyHost heartbeat after 6 seconds
[2022-07-14 07:14:08.683] [sharedprocess] [info] Getting Manifest... github.github-vscode-theme
[2022-07-14 07:14:08.690] [sharedprocess] [info] Getting Manifest... ms-vscode-remote.remote-ssh
[2022-07-14 07:14:09.336] [sharedprocess] [info] Installing extension: ms-vscode-remote.remote-ssh
[2022-07-14 07:14:09.642] [sharedprocess] [info] Installing extension: github.github-vscode-theme
[2022-07-14 07:14:11.058] [sharedprocess] [info] Downloaded extension: ms-vscode-remote.remote-ssh /home/dplepler/.config/Code/CachedExtensionVSIXs/ms-vscode-remote.remote-ssh-0.84.0
[2022-07-14 07:14:11.415] [sharedprocess] [info] Extracted extension to /home/dplepler/.vscode/extensions/.5dbce57d-a09e-42c3-bd1c-efc492a631a0: ms-vscode-remote.remote-ssh
[2022-07-14 07:14:11.427] [sharedprocess] [info] Renamed to /home/dplepler/.vscode/extensions/ms-vscode-remote.remote-ssh-0.84.0
[2022-07-14 07:14:11.430] [sharedprocess] [info] Extracting completed. ms-vscode-remote.remote-ssh
[2022-07-14 07:14:11.437] [sharedprocess] [info] Extension installed successfully: ms-vscode-remote.remote-ssh
[2022-07-14 07:14:11.860] [sharedprocess] [info] Downloaded extension: github.github-vscode-theme /home/dplepler/.config/Code/CachedExtensionVSIXs/github.github-vscode-theme-6.2.0
[2022-07-14 07:14:11.904] [sharedprocess] [info] Extracted extension to /home/dplepler/.vscode/extensions/.0ae888de-fe36-42fc-a49c-bd58d4783930: github.github-vscode-theme
[2022-07-14 07:14:11.908] [sharedprocess] [info] Renamed to /home/dplepler/.vscode/extensions/github.github-vscode-theme-6.2.0
[2022-07-14 07:14:11.910] [sharedprocess] [info] Extracting completed. github.github-vscode-theme
[2022-07-14 07:14:11.916] [sharedprocess] [info] Extension installed successfully: github.github-vscode-theme
